SET search_path TO documentdb_core,documentdb_api,documentdb_api_catalog,documentdb_api_internal;
SET citus.next_shard_id TO 720000;
SET documentdb.next_collection_id TO 7200;
SET documentdb.next_collection_index_id TO 7200;
SELECT documentdb_api.drop_collection('db', 'elemmatchtest') IS NOT NULL;
 ?column? 
---------------------------------------------------------------------
 t
(1 row)

SELECT documentdb_api.create_collection('db', 'elemmatchtest') IS NOT NULL;
NOTICE:  creating collection
 ?column? 
---------------------------------------------------------------------
 t
(1 row)

-- avoid plans that use the primary key index
SELECT documentdb_distributed_test_helpers.drop_primary_key('db','elemmatchtest');
 drop_primary_key 
---------------------------------------------------------------------
 
(1 row)

BEGIN;
set local enable_seqscan TO on;
set local citus.enable_local_execution TO OFF;
set local documentdb.useLocalExecutionShardQueries to off;
\i sql/bson_query_operator_elemmatch_tests_explain_core.sql
/* Insert with a being an array of elements*/
SELECT documentdb_api.insert_one('db','elemmatchtest', '{"_id": 1, "a" : [ 1, 2 ] }', NULL);
                              insert_one                              
---------------------------------------------------------------------
 { "n" : { "$numberInt" : "1" }, "ok" : { "$numberDouble" : "1.0" } }
(1 row)

/* Insert with a.b being an array of elements*/
SELECT documentdb_api.insert_one('db','elemmatchtest', '{"_id": 2, "a" : { "b" : [ 10, 15, 18 ] } }', NULL);
                              insert_one                              
---------------------------------------------------------------------
 { "n" : { "$numberInt" : "1" }, "ok" : { "$numberDouble" : "1.0" } }
(1 row)

SELECT documentdb_api.insert_one('db','elemmatchtest', '{"_id": 3, "a" : { "b" : [ 7, 18, 19 ] } }', NULL);
                              insert_one                              
---------------------------------------------------------------------
 { "n" : { "$numberInt" : "1" }, "ok" : { "$numberDouble" : "1.0" } }
(1 row)

/* Insert with a being an array of objects*/
SELECT documentdb_api.insert_one('db','elemmatchtest', '{"_id": 4, "a" : [ {"b" : 1 }, {"b" : 2 } ] }', NULL);
                              insert_one                              
---------------------------------------------------------------------
 { "n" : { "$numberInt" : "1" }, "ok" : { "$numberDouble" : "1.0" } }
(1 row)

SELECT documentdb_api.insert_one('db','elemmatchtest', '{"_id": 5, "a" : [ {"b" : 3 }, {"b" : 2 } ] }', NULL);
                              insert_one                              
---------------------------------------------------------------------
 { "n" : { "$numberInt" : "1" }, "ok" : { "$numberDouble" : "1.0" } }
(1 row)

SELECT documentdb_api.insert_one('db','elemmatchtest', '{"_id": 6, "a": [ {}, {"b": 2} ] }', NULL);
                              insert_one                              
---------------------------------------------------------------------
 { "n" : { "$numberInt" : "1" }, "ok" : { "$numberDouble" : "1.0" } }
(1 row)

SELECT documentdb_api.insert_one('db','elemmatchtest', '{"_id": 7, "a": [ {"b": 1, "c": 2}, {"b": 2, "c": 2} ] }', NULL);
                              insert_one                              
---------------------------------------------------------------------
 { "n" : { "$numberInt" : "1" }, "ok" : { "$numberDouble" : "1.0" } }
(1 row)

SELECT documentdb_api.insert_one('db','elemmatchtest', '{"_id": 8, "a": [ 1, 15, [18] ] }', NULL);
                              insert_one                              
---------------------------------------------------------------------
 { "n" : { "$numberInt" : "1" }, "ok" : { "$numberDouble" : "1.0" } }
(1 row)

SELECT documentdb_api.insert_one('db','elemmatchtest', '{"_id": 9, "a": [ 1, 15, {"b" : [18]} ] }', NULL);
                              insert_one                              
---------------------------------------------------------------------
 { "n" : { "$numberInt" : "1" }, "ok" : { "$numberDouble" : "1.0" } }
(1 row)

/* Insert with a being an array of objects and a.b is also an array*/
SELECT documentdb_api.insert_one('db','elemmatchtest', '{"_id": 10, "a": [{ "b": [ 10, 15, 18 ], "d": [ {"e": 2} ] }] }', NULL);
                              insert_one                              
---------------------------------------------------------------------
 { "n" : { "$numberInt" : "1" }, "ok" : { "$numberDouble" : "1.0" } }
(1 row)

SELECT documentdb_api.insert_one('db','elemmatchtest', '{"_id": 12, "a": [{ "b": [ 7, 18, 19 ], "d": [ {"e": 3} ], "f" : 1 }] }', NULL);
                              insert_one                              
---------------------------------------------------------------------
 { "n" : { "$numberInt" : "1" }, "ok" : { "$numberDouble" : "1.0" } }
(1 row)

SELECT documentdb_api.insert_one('db','elemmatchtest', '{"_id": 13, "a": [{ "d": [ {"e": [2] } ] }] }', NULL);
                              insert_one                              
---------------------------------------------------------------------
 { "n" : { "$numberInt" : "1" }, "ok" : { "$numberDouble" : "1.0" } }
(1 row)

-- run an explain analyze
EXPLAIN (ANALYZE ON, COSTS OFF, TIMING OFF, SUMMARY OFF, BUFFERS OFF) SELECT object_id, document FROM documentdb_api.collection('db', 'elemmatchtest') where document @@ '{"a.b" : { "$elemMatch": {"$gte" : 10, "$lte" : 15} }}';
                                                                               QUERY PLAN                                                                               
---------------------------------------------------------------------
 Custom Scan (Citus Adaptive) (actual rows=2 loops=1)
   Task Count: 1
   Tuple data received from nodes: 155 bytes
   Tasks Shown: All
   ->  Task
         Tuple data received from node: 155 bytes
         Node: host=localhost port=58070 dbname=regression
         ->  Seq Scan on documents_7200_720001 collection (actual rows=2 loops=1)
               Filter: (document OPERATOR(documentdb_api_catalog.@#?) '{ "a.b" : { "$gte" : { "$numberInt" : "10" }, "$lte" : { "$numberInt" : "15" } } }'::documentdb_core.bson)
               Rows Removed by Filter: 10
(10 rows)

EXPLAIN (ANALYZE ON, COSTS OFF, TIMING OFF, SUMMARY OFF, BUFFERS OFF) SELECT object_id, document FROM documentdb_api.collection('db', 'elemmatchtest') where document @@ '{"a" : { "$elemMatch": {"b": {"$in": [3]} } } }';
                                                                   QUERY PLAN                                                                   
---------------------------------------------------------------------
 Custom Scan (Citus Adaptive) (actual rows=1 loops=1)
   Task Count: 1
   Tuple data received from nodes: 63 bytes
   Tasks Shown: All
   ->  Task
         Tuple data received from node: 63 bytes
         Node: host=localhost port=58070 dbname=regression
         ->  Seq Scan on documents_7200_720001 collection (actual rows=1 loops=1)
               Filter: (document OPERATOR(documentdb_api_catalog.@#?) '{ "a" : { "b" : { "$in" : [ { "$numberInt" : "3" } ] } } }'::documentdb_core.bson)
               Rows Removed by Filter: 11
(10 rows)

EXPLAIN (ANALYZE ON, COSTS OFF, TIMING OFF, SUMMARY OFF, BUFFERS OFF) SELECT object_id, document FROM documentdb_api.collection('db', 'elemmatchtest') where document @@ '{"a" : { "$elemMatch": {"b": {"$nin": [1, 2, 3]} } } }';
                                                                                           QUERY PLAN                                                                                            
---------------------------------------------------------------------
 Custom Scan (Citus Adaptive) (actual rows=6 loops=1)
   Task Count: 1
   Tuple data received from nodes: 453 bytes
   Tasks Shown: All
   ->  Task
         Tuple data received from node: 453 bytes
         Node: host=localhost port=58070 dbname=regression
         ->  Seq Scan on documents_7200_720001 collection (actual rows=6 loops=1)
               Filter: (document OPERATOR(documentdb_api_catalog.@#?) '{ "a" : { "b" : { "$nin" : [ { "$numberInt" : "1" }, { "$numberInt" : "2" }, { "$numberInt" : "3" } ] } } }'::documentdb_core.bson)
               Rows Removed by Filter: 6
(10 rows)

EXPLAIN (ANALYZE ON, COSTS OFF, TIMING OFF, SUMMARY OFF, BUFFERS OFF) SELECT object_id, document FROM documentdb_api.collection('db', 'elemmatchtest') where document @@ '{"a" : { "$elemMatch": {"$eq" : {"b" : [18]} } } }';
                                                                   QUERY PLAN                                                                    
---------------------------------------------------------------------
 Custom Scan (Citus Adaptive) (actual rows=1 loops=1)
   Task Count: 1
   Tuple data received from nodes: 70 bytes
   Tasks Shown: All
   ->  Task
         Tuple data received from node: 70 bytes
         Node: host=localhost port=58070 dbname=regression
         ->  Seq Scan on documents_7200_720001 collection (actual rows=1 loops=1)
               Filter: (document OPERATOR(documentdb_api_catalog.@#?) '{ "a" : { "$eq" : { "b" : [ { "$numberInt" : "18" } ] } } }'::documentdb_core.bson)
               Rows Removed by Filter: 11
(10 rows)

EXPLAIN (ANALYZE ON, COSTS OFF, TIMING OFF, SUMMARY OFF, BUFFERS OFF) SELECT object_id, document FROM documentdb_api.collection('db', 'elemmatchtest') where document @@ '{"a" : { "$elemMatch": {"b": {"$exists" : false} } } }';
                                                          QUERY PLAN                                                           
---------------------------------------------------------------------
 Custom Scan (Citus Adaptive) (actual rows=3 loops=1)
   Task Count: 1
   Tuple data received from nodes: 190 bytes
   Tasks Shown: All
   ->  Task
         Tuple data received from node: 190 bytes
         Node: host=localhost port=58070 dbname=regression
         ->  Seq Scan on documents_7200_720001 collection (actual rows=3 loops=1)
               Filter: (document OPERATOR(documentdb_api_catalog.@#?) '{ "a" : { "b" : { "$exists" : false } } }'::documentdb_core.bson)
               Rows Removed by Filter: 9
(10 rows)

EXPLAIN (ANALYZE ON, COSTS OFF, TIMING OFF, SUMMARY OFF, BUFFERS OFF) SELECT object_id, document FROM documentdb_api.collection('db', 'elemmatchtest') where document @@ '{"a" : { "$elemMatch": {"b": 1, "c": 2} } }';
                                                                          QUERY PLAN                                                                          
---------------------------------------------------------------------
 Custom Scan (Citus Adaptive) (actual rows=1 loops=1)
   Task Count: 1
   Tuple data received from nodes: 77 bytes
   Tasks Shown: All
   ->  Task
         Tuple data received from node: 77 bytes
         Node: host=localhost port=58070 dbname=regression
         ->  Seq Scan on documents_7200_720001 collection (actual rows=1 loops=1)
               Filter: (document OPERATOR(documentdb_api_catalog.@#?) '{ "a" : { "b" : { "$numberInt" : "1" }, "c" : { "$numberInt" : "2" } } }'::documentdb_core.bson)
               Rows Removed by Filter: 11
(10 rows)

EXPLAIN (ANALYZE ON, COSTS OFF, TIMING OFF, SUMMARY OFF, BUFFERS OFF) SELECT object_id, document FROM documentdb_api.collection('db', 'elemmatchtest') where document @@ '{"a" : { "$elemMatch": { "$or": [{ "b": {"$gte": 1} }, { "b": { "$lt": 2 }}] } } }';
                                                                                                QUERY PLAN                                                                                                 
---------------------------------------------------------------------
 Custom Scan (Citus Adaptive) (actual rows=7 loops=1)
   Task Count: 1
   Tuple data received from nodes: 522 bytes
   Tasks Shown: All
   ->  Task
         Tuple data received from node: 522 bytes
         Node: host=localhost port=58070 dbname=regression
         ->  Seq Scan on documents_7200_720001 collection (actual rows=7 loops=1)
               Filter: (document OPERATOR(documentdb_api_catalog.@#?) '{ "a" : { "$or" : [ { "b" : { "$gte" : { "$numberInt" : "1" } } }, { "b" : { "$lt" : { "$numberInt" : "2" } } } ] } }'::documentdb_core.bson)
               Rows Removed by Filter: 5
(10 rows)

EXPLAIN (ANALYZE ON, COSTS OFF, TIMING OFF, SUMMARY OFF, BUFFERS OFF) SELECT object_id, document FROM documentdb_api.collection('db', 'elemmatchtest') where document @@ '{"a" : { "$elemMatch": { "$and": [{ "b": {"$gte": 1} }, { "b": { "$lt": 2 }}] } } }';
                                                                                                 QUERY PLAN                                                                                                 
---------------------------------------------------------------------
 Custom Scan (Citus Adaptive) (actual rows=2 loops=1)
   Task Count: 1
   Tuple data received from nodes: 140 bytes
   Tasks Shown: All
   ->  Task
         Tuple data received from node: 140 bytes
         Node: host=localhost port=58070 dbname=regression
         ->  Seq Scan on documents_7200_720001 collection (actual rows=2 loops=1)
               Filter: (document OPERATOR(documentdb_api_catalog.@#?) '{ "a" : { "$and" : [ { "b" : { "$gte" : { "$numberInt" : "1" } } }, { "b" : { "$lt" : { "$numberInt" : "2" } } } ] } }'::documentdb_core.bson)
               Rows Removed by Filter: 10
(10 rows)

EXPLAIN (ANALYZE ON, COSTS OFF, TIMING OFF, SUMMARY OFF, BUFFERS OFF) SELECT object_id, document FROM documentdb_api.collection('db', 'elemmatchtest') where document @@ '{"a" : { "$elemMatch": { "$nor": [{ "b": {"$gte": 1} }, { "b": { "$lt": 2 }}] } } }';
                                                                                                 QUERY PLAN                                                                                                 
---------------------------------------------------------------------
 Custom Scan (Citus Adaptive) (actual rows=3 loops=1)
   Task Count: 1
   Tuple data received from nodes: 190 bytes
   Tasks Shown: All
   ->  Task
         Tuple data received from node: 190 bytes
         Node: host=localhost port=58070 dbname=regression
         ->  Seq Scan on documents_7200_720001 collection (actual rows=3 loops=1)
               Filter: (document OPERATOR(documentdb_api_catalog.@#?) '{ "a" : { "$nor" : [ { "b" : { "$gte" : { "$numberInt" : "1" } } }, { "b" : { "$lt" : { "$numberInt" : "2" } } } ] } }'::documentdb_core.bson)
               Rows Removed by Filter: 9
(10 rows)

EXPLAIN (ANALYZE ON, COSTS OFF, TIMING OFF, SUMMARY OFF, BUFFERS OFF) SELECT object_id, document FROM documentdb_api.collection('db', 'elemmatchtest') where document @@ '{"a.b" : { "$elemMatch": { "$not": {"$gt" : 18, "$lte" : 19} } } }';
                                                                                     QUERY PLAN                                                                                     
---------------------------------------------------------------------
 Custom Scan (Citus Adaptive) (actual rows=5 loops=1)
   Task Count: 1
   Tuple data received from nodes: 387 bytes
   Tasks Shown: All
   ->  Task
         Tuple data received from node: 387 bytes
         Node: host=localhost port=58070 dbname=regression
         ->  Seq Scan on documents_7200_720001 collection (actual rows=5 loops=1)
               Filter: (document OPERATOR(documentdb_api_catalog.@#?) '{ "a.b" : { "$not" : { "$gt" : { "$numberInt" : "18" }, "$lte" : { "$numberInt" : "19" } } } }'::documentdb_core.bson)
               Rows Removed by Filter: 7
(10 rows)

-- elemMatch with Logical ops and non-logical op
EXPLAIN (ANALYZE ON, COSTS OFF, TIMING OFF, SUMMARY OFF, BUFFERS OFF) SELECT object_id, document FROM documentdb_api.collection('db', 'elemmatchtest') where document @@ '{"a" : { "$elemMatch": { "$or": [{ "b": {"$gte": 1} }, { "b": { "$lt": 2 }}], "b" : 3 } } }';
                                                                                                               QUERY PLAN                                                                                                                
---------------------------------------------------------------------
 Custom Scan (Citus Adaptive) (actual rows=1 loops=1)
   Task Count: 1
   Tuple data received from nodes: 63 bytes
   Tasks Shown: All
   ->  Task
         Tuple data received from node: 63 bytes
         Node: host=localhost port=58070 dbname=regression
         ->  Seq Scan on documents_7200_720001 collection (actual rows=1 loops=1)
               Filter: (document OPERATOR(documentdb_api_catalog.@#?) '{ "a" : { "$or" : [ { "b" : { "$gte" : { "$numberInt" : "1" } } }, { "b" : { "$lt" : { "$numberInt" : "2" } } } ], "b" : { "$numberInt" : "3" } } }'::documentdb_core.bson)
               Rows Removed by Filter: 11
(10 rows)

/* Nested elemMatch */
EXPLAIN (ANALYZE ON, COSTS OFF, TIMING OFF, SUMMARY OFF, BUFFERS OFF) SELECT object_id, document FROM documentdb_api.collection('db', 'elemmatchtest') where document @@ '{"a" : { "$elemMatch": {"b": { "$elemMatch" : { "$gte": 10, "$lt": 15 } } } } }';
                                                                                            QUERY PLAN                                                                                            
---------------------------------------------------------------------
 Custom Scan (Citus Adaptive) (actual rows=1 loops=1)
   Task Count: 1
   Tuple data received from nodes: 93 bytes
   Tasks Shown: All
   ->  Task
         Tuple data received from node: 93 bytes
         Node: host=localhost port=58070 dbname=regression
         ->  Seq Scan on documents_7200_720001 collection (actual rows=1 loops=1)
               Filter: (document OPERATOR(documentdb_api_catalog.@#?) '{ "a" : { "b" : { "$elemMatch" : { "$gte" : { "$numberInt" : "10" }, "$lt" : { "$numberInt" : "15" } } } } }'::documentdb_core.bson)
               Rows Removed by Filter: 11
(10 rows)

-- NOTE: The explain plan can be confusin while printing for alias name for two adjacent elemMatch. In SubPlan 2, you will see it has alias elemmatchd2_1 created but using elemmatchd2 in filters. As per the query plan, filter qual is using attNumber=1 which is expected to refer its immediate RTE that will have :colnames ("elemmatchd2"). I have also tested using query: it is not possible that alias defined inside one EXISTS() be used outside of it and inside any other EXISTS().
EXPLAIN (ANALYZE ON, COSTS OFF, TIMING OFF, SUMMARY OFF, BUFFERS OFF) SELECT object_id, document FROM documentdb_api.collection('db', 'elemmatchtest') where document @@ '{"a" : { "$elemMatch": {"d": { "$elemMatch": { "e": { "$gte": 2, "$lte": 2 } } }, "b": { "$elemMatch": { "$gte": 10, "$lt": 55 } } } } }';
                                                                                                                                                QUERY PLAN                                                                                                                                                 
---------------------------------------------------------------------
 Custom Scan (Citus Adaptive) (actual rows=1 loops=1)
   Task Count: 1
   Tuple data received from nodes: 93 bytes
   Tasks Shown: All
   ->  Task
         Tuple data received from node: 93 bytes
         Node: host=localhost port=58070 dbname=regression
         ->  Seq Scan on documents_7200_720001 collection (actual rows=1 loops=1)
               Filter: (document OPERATOR(documentdb_api_catalog.@#?) '{ "a" : { "d" : { "$elemMatch" : { "e" : { "$gte" : { "$numberInt" : "2" }, "$lte" : { "$numberInt" : "2" } } } }, "b" : { "$elemMatch" : { "$gte" : { "$numberInt" : "10" }, "$lt" : { "$numberInt" : "55" } } } } }'::documentdb_core.bson)
               Rows Removed by Filter: 11
(10 rows)

/* Non $elemMatch expression and a nested $elemMatch. */
EXPLAIN (ANALYZE ON, COSTS OFF, TIMING OFF, SUMMARY OFF, BUFFERS OFF) SELECT object_id, document FROM documentdb_api.collection('db', 'elemmatchtest') where document @@ '{"a.f": 1, "a" : { "$elemMatch": {"d": { "$elemMatch": { "e": { "$gte": 2 } } } } } }';
                                                                                                                                   QUERY PLAN                                                                                                                                   
---------------------------------------------------------------------
 Custom Scan (Citus Adaptive) (actual rows=1 loops=1)
   Task Count: 1
   Tuple data received from nodes: 100 bytes
   Tasks Shown: All
   ->  Task
         Tuple data received from node: 100 bytes
         Node: host=localhost port=58070 dbname=regression
         ->  Seq Scan on documents_7200_720001 collection (actual rows=1 loops=1)
               Filter: ((document OPERATOR(documentdb_api_catalog.@=) '{ "a.f" : { "$numberInt" : "1" } }'::documentdb_core.bson) AND (document OPERATOR(documentdb_api_catalog.@#?) '{ "a" : { "d" : { "$elemMatch" : { "e" : { "$gte" : { "$numberInt" : "2" } } } } } }'::documentdb_core.bson))
               Rows Removed by Filter: 11
(10 rows)

/* Insert with a being an array of array or fieldPath contains number */
SELECT documentdb_api.insert_one('db','elemmatchtest', '{"_id": 31, "a": [ [ 100, 200, 300 ] ] }', NULL);
                              insert_one                              
---------------------------------------------------------------------
 { "n" : { "$numberInt" : "1" }, "ok" : { "$numberDouble" : "1.0" } }
(1 row)

SELECT documentdb_api.insert_one('db','elemmatchtest', '{"_id": 32, "a": [ 100 ] }', NULL);
                              insert_one                              
---------------------------------------------------------------------
 { "n" : { "$numberInt" : "1" }, "ok" : { "$numberDouble" : "1.0" } }
(1 row)

SELECT documentdb_api.insert_one('db','elemmatchtest', '{"_id": 33, "a": { "0" : 100 } }', NULL);
                              insert_one                              
---------------------------------------------------------------------
 { "n" : { "$numberInt" : "1" }, "ok" : { "$numberDouble" : "1.0" } }
(1 row)

SELECT documentdb_api.insert_one('db','elemmatchtest', '{"_id": 34, "a": { "0" : [ 100 ] } }', NULL);
                              insert_one                              
---------------------------------------------------------------------
 { "n" : { "$numberInt" : "1" }, "ok" : { "$numberDouble" : "1.0" } }
(1 row)

SELECT documentdb_api.insert_one('db','elemmatchtest', '{"_id": 35, "a": [ { "0" : 100 } ] }', NULL);
                              insert_one                              
---------------------------------------------------------------------
 { "n" : { "$numberInt" : "1" }, "ok" : { "$numberDouble" : "1.0" } }
(1 row)

SELECT documentdb_api.insert_one('db','elemmatchtest', '{"_id": 36, "a": [ { "0" : [ 100 ] } ] }', NULL);
                              insert_one                              
---------------------------------------------------------------------
 { "n" : { "$numberInt" : "1" }, "ok" : { "$numberDouble" : "1.0" } }
(1 row)

SELECT documentdb_api.insert_one('db','elemmatchtest', '{"_id": 37, "a": [ { "-1" : 100 } ] }', NULL);
                              insert_one                              
---------------------------------------------------------------------
 { "n" : { "$numberInt" : "1" }, "ok" : { "$numberDouble" : "1.0" } }
(1 row)

-- below queries will use $type:array internally as first filter
EXPLAIN (ANALYZE ON, COSTS OFF, TIMING OFF, SUMMARY OFF, BUFFERS OFF) SELECT object_id, document FROM documentdb_api.collection('db', 'elemmatchtest') where document @@ '{"a" : { "$elemMatch": { "$elemMatch" : { "$in":[ 100 ] } } } }';
                                                                        QUERY PLAN                                                                         
---------------------------------------------------------------------
 Custom Scan (Citus Adaptive) (actual rows=1 loops=1)
   Task Count: 1
   Tuple data received from nodes: 62 bytes
   Tasks Shown: All
   ->  Task
         Tuple data received from node: 62 bytes
         Node: host=localhost port=58070 dbname=regression
         ->  Seq Scan on documents_7200_720001 collection (actual rows=1 loops=1)
               Filter: (document OPERATOR(documentdb_api_catalog.@#?) '{ "a" : { "$elemMatch" : { "$in" : [ { "$numberInt" : "100" } ] } } }'::documentdb_core.bson)
               Rows Removed by Filter: 18
(10 rows)

EXPLAIN (ANALYZE ON, COSTS OFF, TIMING OFF, SUMMARY OFF, BUFFERS OFF) SELECT object_id, document FROM documentdb_api.collection('db', 'elemmatchtest') where document @@ '{"a" : { "$elemMatch": { "0" : 100 } } }';
                                                            QUERY PLAN                                                            
---------------------------------------------------------------------
 Custom Scan (Citus Adaptive) (actual rows=3 loops=1)
   Task Count: 1
   Tuple data received from nodes: 166 bytes
   Tasks Shown: All
   ->  Task
         Tuple data received from node: 166 bytes
         Node: host=localhost port=58070 dbname=regression
         ->  Seq Scan on documents_7200_720001 collection (actual rows=3 loops=1)
               Filter: (document OPERATOR(documentdb_api_catalog.@#?) '{ "a" : { "0" : { "$numberInt" : "100" } } }'::documentdb_core.bson)
               Rows Removed by Filter: 16
(10 rows)

EXPLAIN (ANALYZE ON, COSTS OFF, TIMING OFF, SUMMARY OFF, BUFFERS OFF) SELECT object_id, document FROM documentdb_api.collection('db', 'elemmatchtest') where document @@ '{"a" : { "$elemMatch": { "0" : {"$gte" : 100 } } } }';
                                                                  QUERY PLAN                                                                   
---------------------------------------------------------------------
 Custom Scan (Citus Adaptive) (actual rows=3 loops=1)
   Task Count: 1
   Tuple data received from nodes: 166 bytes
   Tasks Shown: All
   ->  Task
         Tuple data received from node: 166 bytes
         Node: host=localhost port=58070 dbname=regression
         ->  Seq Scan on documents_7200_720001 collection (actual rows=3 loops=1)
               Filter: (document OPERATOR(documentdb_api_catalog.@#?) '{ "a" : { "0" : { "$gte" : { "$numberInt" : "100" } } } }'::documentdb_core.bson)
               Rows Removed by Filter: 16
(10 rows)

-- below query will not use $type internally
EXPLAIN (ANALYZE ON, COSTS OFF, TIMING OFF, SUMMARY OFF, BUFFERS OFF) SELECT object_id, document FROM documentdb_api.collection('db', 'elemmatchtest') where document @@ '{"a" : { "$elemMatch": { "-1" : {"$gte" : 100 } } } }';
                                                                   QUERY PLAN                                                                   
---------------------------------------------------------------------
 Custom Scan (Citus Adaptive) (actual rows=1 loops=1)
   Task Count: 1
   Tuple data received from nodes: 49 bytes
   Tasks Shown: All
   ->  Task
         Tuple data received from node: 49 bytes
         Node: host=localhost port=58070 dbname=regression
         ->  Seq Scan on documents_7200_720001 collection (actual rows=1 loops=1)
               Filter: (document OPERATOR(documentdb_api_catalog.@#?) '{ "a" : { "-1" : { "$gte" : { "$numberInt" : "100" } } } }'::documentdb_core.bson)
               Rows Removed by Filter: 18
(10 rows)

ROLLBACK;
-- Shard the collection and run an explain analyze
SELECT documentdb_api.shard_collection('db','elemmatchtest', '{"_id":"hashed"}', false);
 shard_collection 
---------------------------------------------------------------------
 
(1 row)

BEGIN;
set local enable_seqscan TO on;
SELECT documentdb_distributed_test_helpers.mask_plan_id_from_distributed_subplan($Q$
EXPLAIN (COSTS OFF) SELECT object_id, document FROM documentdb_api.collection('db', 'elemmatchtest') where document @@ '{"a.b" : { "$elemMatch": {"$gte" : 10, "$lte" : 15} }}';
$Q$);
                                                                 mask_plan_id_from_distributed_subplan                                                                  
---------------------------------------------------------------------
 Custom Scan (Citus Adaptive)
   Task Count: 8
   Tasks Shown: One of 8
   ->  Task
         Node: host=localhost port=58070 dbname=regression
         ->  Seq Scan on documents_7200_720016 documents_7200
               Filter: (document OPERATOR(documentdb_api_catalog.@#?) '{ "a.b" : { "$gte" : { "$numberInt" : "10" }, "$lte" : { "$numberInt" : "15" } } }'::documentdb_core.bson)
(7 rows)

SELECT documentdb_distributed_test_helpers.mask_plan_id_from_distributed_subplan($Q$
EXPLAIN (COSTS OFF) SELECT object_id, document FROM documentdb_api.collection('db', 'elemmatchtest') where document @@ '{"a" : { "$elemMatch": { "$or": [{ "b": {"$gte": 1} }, { "b": { "$lt": 2 }}] } } }';
$Q$);
                                                                                   mask_plan_id_from_distributed_subplan                                                                                   
---------------------------------------------------------------------
 Custom Scan (Citus Adaptive)
   Task Count: 8
   Tasks Shown: One of 8
   ->  Task
         Node: host=localhost port=58070 dbname=regression
         ->  Seq Scan on documents_7200_720016 documents_7200
               Filter: (document OPERATOR(documentdb_api_catalog.@#?) '{ "a" : { "$or" : [ { "b" : { "$gte" : { "$numberInt" : "1" } } }, { "b" : { "$lt" : { "$numberInt" : "2" } } } ] } }'::documentdb_core.bson)
(7 rows)

ROLLBACK;
