--
-- Test YB's automatic insertion of SAOP cond.
--
\getenv abs_srcdir PG_ABS_SRCDIR
\set filename :abs_srcdir '/yb_commands/explainrun_saop_merge.sql'
\i :filename
\getenv abs_srcdir PG_ABS_SRCDIR
\set filename :abs_srcdir '/yb_commands/explainrun.sql'
\i :filename
-- A helper script to explain and run a query.  Use in regress tests by
-- defining :explain, :query, and optionally :hint#.
\set explain1 ':explain :hint1 :query;'
\set explain2 ':explain1 :explain :hint2 :query;'
\set explain3 ':explain2 :explain :hint3 :query;'
\set explain4 ':explain3 :explain :hint4 :query;'
\set explain5 ':explain4 :explain :hint5 :query;'
\set explain1run1 ':explain1; :hint1 :query;'
\set explain2run2 ':explain2; :hint1 :query; :hint2 :query;'
\set explain3run3 ':explain3; :hint1 :query; :hint2 :query; :hint3 :query;'
\set explain4run4 ':explain4; :hint1 :query; :hint2 :query; :hint3 :query; :hint4 :query;'
\set explain5run5 ':explain5; :hint1 :query; :hint2 :query; :hint3 :query; :hint4 :query; :hint5 :query;'
-- Default to no hints.
\set hint1 ''
\set hint2 ''
\set hint3 ''
\set hint4 ''
\set hint5 ''
\set explain 'EXPLAIN (ANALYZE, DIST, VERBOSE, COSTS OFF, SUMMARY OFF, TIMING OFF)'
\set off '/*+Set(yb_max_saop_merge_streams 0)*/'
\set on '/*+Set(yb_max_saop_merge_streams 64)*/'
\set hint1 ':off'
\set hint2 ':on'
\set off '/*+Set(enable_parallel_append off) Set(yb_max_saop_merge_streams 0)*/'
\set on '/*+Set(enable_parallel_append off) Set(yb_max_saop_merge_streams 64)*/'
SET yb_enable_derived_saops = true;
--
-- Derive from generated column
--
-- No order
-- SAOP merge should not be used.
\set query 'SELECT * FROM bkt_tbl'
:explain2
                      QUERY PLAN                       
-------------------------------------------------------
 Seq Scan on public.bkt_tbl (actual rows=5048 loops=1)
   Output: n, r5, r3, r1, r2, r4, bkt
   Storage Table Read Requests: 3
   Storage Table Read Ops: 11
   Storage Table Rows Scanned: 5048
(5 rows)

                      QUERY PLAN                       
-------------------------------------------------------
 Seq Scan on public.bkt_tbl (actual rows=5048 loops=1)
   Output: n, r5, r3, r1, r2, r4, bkt
   Storage Table Read Requests: 3
   Storage Table Read Ops: 11
   Storage Table Rows Scanned: 5048
(5 rows)

-- No limit
\set query 'SELECT * FROM bkt_tbl ORDER BY r1, r2, r3'
:explain2
                         QUERY PLAN                          
-------------------------------------------------------------
 Sort (actual rows=5048 loops=1)
   Output: n, r5, r3, r1, r2, r4, bkt
   Sort Key: bkt_tbl.r1, bkt_tbl.r2, bkt_tbl.r3
   Sort Method: quicksort
   ->  Seq Scan on public.bkt_tbl (actual rows=5048 loops=1)
         Output: n, r5, r3, r1, r2, r4, bkt
         Storage Table Read Requests: 3
         Storage Table Read Ops: 11
         Storage Table Rows Scanned: 5048
(9 rows)

                                 QUERY PLAN                                 
----------------------------------------------------------------------------
 Index Scan using bkt_tbl_pkey on public.bkt_tbl (actual rows=5048 loops=1)
   Output: n, r5, r3, r1, r2, r4, bkt
   Index Cond: (bkt_tbl.bkt = ANY ('{0,1,2}'::integer[]))
   Merge Sort Key: bkt_tbl.r1, bkt_tbl.r2, bkt_tbl.r3
   Merge Stream Key: bkt_tbl.bkt
   Merge Streams: 3
   Merge Cond: (bkt_tbl.bkt = ANY ('{0,1,2}'::integer[]))
   Storage Table Read Requests: 6
   Storage Table Read Ops: 10
   Storage Table Rows Scanned: 5048
(10 rows)

-- Forward scan
\set query 'SELECT * FROM bkt_tbl ORDER BY r1, r2, r3, n LIMIT 5'
:explain2run2
                            QUERY PLAN                             
-------------------------------------------------------------------
 Limit (actual rows=5 loops=1)
   Output: n, r5, r3, r1, r2, r4, bkt
   ->  Sort (actual rows=5 loops=1)
         Output: n, r5, r3, r1, r2, r4, bkt
         Sort Key: bkt_tbl.r1, bkt_tbl.r2, bkt_tbl.r3, bkt_tbl.n
         Sort Method: top-N heapsort
         ->  Seq Scan on public.bkt_tbl (actual rows=5048 loops=1)
               Output: n, r5, r3, r1, r2, r4, bkt
               Storage Table Read Requests: 3
               Storage Table Read Ops: 11
               Storage Table Rows Scanned: 5048
(11 rows)

                                     QUERY PLAN                                      
-------------------------------------------------------------------------------------
 Limit (actual rows=5 loops=1)
   Output: n, r5, r3, r1, r2, r4, bkt
   ->  Incremental Sort (actual rows=5 loops=1)
         Output: n, r5, r3, r1, r2, r4, bkt
         Sort Key: bkt_tbl.r1, bkt_tbl.r2, bkt_tbl.r3, bkt_tbl.n
         Presorted Key: bkt_tbl.r1, bkt_tbl.r2, bkt_tbl.r3
         Full-sort Groups: 1  Sort Method: quicksort
         ->  Index Scan using bkt_tbl_pkey on public.bkt_tbl (actual rows=9 loops=1)
               Output: n, r5, r3, r1, r2, r4, bkt
               Index Cond: (bkt_tbl.bkt = ANY ('{0,1,2}'::integer[]))
               Merge Sort Key: bkt_tbl.r1, bkt_tbl.r2, bkt_tbl.r3
               Merge Stream Key: bkt_tbl.bkt
               Merge Streams: 3
               Merge Cond: (bkt_tbl.bkt = ANY ('{0,1,2}'::integer[]))
               Storage Table Read Requests: 1
               Storage Table Read Ops: 3
               Storage Table Rows Scanned: 15
(17 rows)

   n   | r5 | r3 | r1 | r2 | r4 | bkt 
-------+----+----+----+----+----+-----
 86000 |  8 |  0 |  0 |  0 |  6 |   2
 96000 |  9 |  0 |  0 |  0 |  6 |   0
 98000 |  9 |  0 |  0 |  0 |  8 |   2
  9100 |  0 |  1 |  0 |  0 |  9 |   0
 27100 |  2 |  1 |  0 |  0 |  7 |   0
(5 rows)

   n   | r5 | r3 | r1 | r2 | r4 | bkt 
-------+----+----+----+----+----+-----
 86000 |  8 |  0 |  0 |  0 |  6 |   2
 96000 |  9 |  0 |  0 |  0 |  6 |   0
 98000 |  9 |  0 |  0 |  0 |  8 |   2
  9100 |  0 |  1 |  0 |  0 |  9 |   0
 27100 |  2 |  1 |  0 |  0 |  7 |   0
(5 rows)

-- Backward scan
\set query 'SELECT * FROM bkt_tbl ORDER BY r1 DESC, r2 DESC, r3 DESC, n LIMIT 5'
:explain2run2
                                   QUERY PLAN                                   
--------------------------------------------------------------------------------
 Limit (actual rows=5 loops=1)
   Output: n, r5, r3, r1, r2, r4, bkt
   ->  Sort (actual rows=5 loops=1)
         Output: n, r5, r3, r1, r2, r4, bkt
         Sort Key: bkt_tbl.r1 DESC, bkt_tbl.r2 DESC, bkt_tbl.r3 DESC, bkt_tbl.n
         Sort Method: top-N heapsort
         ->  Seq Scan on public.bkt_tbl (actual rows=5048 loops=1)
               Output: n, r5, r3, r1, r2, r4, bkt
               Storage Table Read Requests: 3
               Storage Table Read Ops: 11
               Storage Table Rows Scanned: 5048
(11 rows)

                                          QUERY PLAN                                          
----------------------------------------------------------------------------------------------
 Limit (actual rows=5 loops=1)
   Output: n, r5, r3, r1, r2, r4, bkt
   ->  Incremental Sort (actual rows=5 loops=1)
         Output: n, r5, r3, r1, r2, r4, bkt
         Sort Key: bkt_tbl.r1 DESC, bkt_tbl.r2 DESC, bkt_tbl.r3 DESC, bkt_tbl.n
         Presorted Key: bkt_tbl.r1, bkt_tbl.r2, bkt_tbl.r3
         Full-sort Groups: 1  Sort Method: quicksort
         ->  Index Scan Backward using bkt_tbl_pkey on public.bkt_tbl (actual rows=7 loops=1)
               Output: n, r5, r3, r1, r2, r4, bkt
               Index Cond: (bkt_tbl.bkt = ANY ('{0,1,2}'::integer[]))
               Merge Sort Key: bkt_tbl.r1 DESC, bkt_tbl.r2 DESC, bkt_tbl.r3 DESC
               Merge Stream Key: bkt_tbl.bkt
               Merge Streams: 3
               Merge Cond: (bkt_tbl.bkt = ANY ('{0,1,2}'::integer[]))
               Storage Table Read Requests: 1
               Storage Table Read Ops: 3
               Storage Table Rows Scanned: 15
(17 rows)

   n   | r5 | r3 | r1 | r2 | r4 | bkt 
-------+----+----+----+----+----+-----
 81999 |  8 |  9 |  9 |  9 |  1 |   0
 38899 |  3 |  8 |  9 |  9 |  8 |   0
 55899 |  5 |  8 |  9 |  9 |  5 |   2
 88899 |  8 |  8 |  9 |  9 |  8 |   1
 92899 |  9 |  8 |  9 |  9 |  2 |   1
(5 rows)

   n   | r5 | r3 | r1 | r2 | r4 | bkt 
-------+----+----+----+----+----+-----
 81999 |  8 |  9 |  9 |  9 |  1 |   0
 38899 |  3 |  8 |  9 |  9 |  8 |   0
 55899 |  5 |  8 |  9 |  9 |  5 |   2
 88899 |  8 |  8 |  9 |  9 |  8 |   1
 92899 |  9 |  8 |  9 |  9 |  2 |   1
(5 rows)

-- DISTINCT
\set query 'SELECT DISTINCT r1, r2, r3 FROM bkt_tbl ORDER BY r1, r2, r3 LIMIT 5'
:explain2run2
                                              QUERY PLAN                                               
-------------------------------------------------------------------------------------------------------
 Limit (actual rows=5 loops=1)
   Output: r1, r2, r3
   ->  Sort (actual rows=5 loops=1)
         Output: r1, r2, r3
         Sort Key: bkt_tbl.r1, bkt_tbl.r2, bkt_tbl.r3
         Sort Method: top-N heapsort
         ->  HashAggregate (actual rows=997 loops=1)
               Output: r1, r2, r3
               Group Key: bkt_tbl.r1, bkt_tbl.r2, bkt_tbl.r3
               ->  Distinct Index Scan using bkt_tbl_pkey on public.bkt_tbl (actual rows=2476 loops=1)
                     Output: r1, r2, r3
                     Distinct Keys: bkt_tbl.bkt, bkt_tbl.r1, bkt_tbl.r2, bkt_tbl.r3
                     Storage Table Read Requests: 2
                     Storage Table Read Ops: 8
                     Storage Table Rows Scanned: 2476
(15 rows)

                                          QUERY PLAN                                           
-----------------------------------------------------------------------------------------------
 Limit (actual rows=5 loops=1)
   Output: r1, r2, r3
   ->  Unique (actual rows=5 loops=1)
         Output: r1, r2, r3
         ->  Distinct Index Scan using bkt_tbl_pkey on public.bkt_tbl (actual rows=12 loops=1)
               Output: r1, r2, r3
               Index Cond: (bkt_tbl.bkt = ANY ('{0,1,2}'::integer[]))
               Merge Sort Key: bkt_tbl.r1, bkt_tbl.r2, bkt_tbl.r3
               Merge Stream Key: bkt_tbl.bkt
               Merge Streams: 3
               Merge Cond: (bkt_tbl.bkt = ANY ('{0,1,2}'::integer[]))
               Distinct Keys: bkt_tbl.bkt, bkt_tbl.r1, bkt_tbl.r2, bkt_tbl.r3
               Storage Table Read Requests: 1
               Storage Table Read Ops: 3
               Storage Table Rows Scanned: 15
(15 rows)

 r1 | r2 | r3 
----+----+----
  0 |  0 |  0
  0 |  0 |  1
  0 |  0 |  2
  0 |  0 |  3
  0 |  0 |  4
(5 rows)

 r1 | r2 | r3 
----+----+----
  0 |  0 |  0
  0 |  0 |  1
  0 |  0 |  2
  0 |  0 |  3
  0 |  0 |  4
(5 rows)

-- GROUP BY
\set query 'SELECT COUNT(*), r1, r2, r3 FROM bkt_tbl GROUP BY r1, r2, r3 ORDER BY r1, r2, r3 LIMIT 5'
:explain2run2
                               QUERY PLAN                                
-------------------------------------------------------------------------
 Limit (actual rows=5 loops=1)
   Output: (count(*)), r1, r2, r3
   ->  Sort (actual rows=5 loops=1)
         Output: (count(*)), r1, r2, r3
         Sort Key: bkt_tbl.r1, bkt_tbl.r2, bkt_tbl.r3
         Sort Method: top-N heapsort
         ->  HashAggregate (actual rows=997 loops=1)
               Output: count(*), r1, r2, r3
               Group Key: bkt_tbl.r1, bkt_tbl.r2, bkt_tbl.r3
               ->  Seq Scan on public.bkt_tbl (actual rows=5048 loops=1)
                     Output: r1, r2, r3
                     Storage Table Read Requests: 3
                     Storage Table Read Ops: 11
                     Storage Table Rows Scanned: 5048
(14 rows)

                                      QUERY PLAN                                      
--------------------------------------------------------------------------------------
 Limit (actual rows=5 loops=1)
   Output: (count(*)), r1, r2, r3
   ->  GroupAggregate (actual rows=5 loops=1)
         Output: count(*), r1, r2, r3
         Group Key: bkt_tbl.r1, bkt_tbl.r2, bkt_tbl.r3
         ->  Index Scan using bkt_tbl_pkey on public.bkt_tbl (actual rows=24 loops=1)
               Output: r1, r2, r3
               Index Cond: (bkt_tbl.bkt = ANY ('{0,1,2}'::integer[]))
               Merge Sort Key: bkt_tbl.r1, bkt_tbl.r2, bkt_tbl.r3
               Merge Stream Key: bkt_tbl.bkt
               Merge Streams: 3
               Merge Cond: (bkt_tbl.bkt = ANY ('{0,1,2}'::integer[]))
               Storage Table Read Requests: 1
               Storage Table Read Ops: 6
               Storage Table Rows Scanned: 2366
(15 rows)

 count | r1 | r2 | r3 
-------+----+----+----
     3 |  0 |  0 |  0
     5 |  0 |  0 |  1
     4 |  0 |  0 |  2
     5 |  0 |  0 |  3
     6 |  0 |  0 |  4
(5 rows)

 count | r1 | r2 | r3 
-------+----+----+----
     3 |  0 |  0 |  0
     5 |  0 |  0 |  1
     4 |  0 |  0 |  2
     5 |  0 |  0 |  3
     6 |  0 |  0 |  4
(5 rows)

-- Explicit SAOP smaller than derived SAOP
\set query 'SELECT r1, r2, r3, n, bkt FROM bkt_tbl WHERE bkt IN (1, 2) ORDER BY r1, r2, r3, n LIMIT 5'
:explain2run2
                                       QUERY PLAN                                       
----------------------------------------------------------------------------------------
 Limit (actual rows=5 loops=1)
   Output: r1, r2, r3, n, bkt
   ->  Sort (actual rows=5 loops=1)
         Output: r1, r2, r3, n, bkt
         Sort Key: bkt_tbl.r1, bkt_tbl.r2, bkt_tbl.r3, bkt_tbl.n
         Sort Method: top-N heapsort
         ->  Index Scan using bkt_tbl_pkey on public.bkt_tbl (actual rows=3367 loops=1)
               Output: r1, r2, r3, n, bkt
               Index Cond: (bkt_tbl.bkt = ANY ('{1,2}'::integer[]))
               Storage Table Read Requests: 2
               Storage Table Read Ops: 8
               Storage Table Rows Scanned: 3367
(12 rows)

                                     QUERY PLAN                                      
-------------------------------------------------------------------------------------
 Limit (actual rows=5 loops=1)
   Output: r1, r2, r3, n, bkt
   ->  Incremental Sort (actual rows=5 loops=1)
         Output: r1, r2, r3, n, bkt
         Sort Key: bkt_tbl.r1, bkt_tbl.r2, bkt_tbl.r3, bkt_tbl.n
         Presorted Key: bkt_tbl.r1, bkt_tbl.r2, bkt_tbl.r3
         Full-sort Groups: 1  Sort Method: quicksort
         ->  Index Scan using bkt_tbl_pkey on public.bkt_tbl (actual rows=6 loops=1)
               Output: r1, r2, r3, n, bkt
               Index Cond: (bkt_tbl.bkt = ANY ('{1,2}'::integer[]))
               Merge Sort Key: bkt_tbl.r1, bkt_tbl.r2, bkt_tbl.r3
               Merge Stream Key: bkt_tbl.bkt
               Merge Streams: 2
               Merge Cond: (bkt_tbl.bkt = ANY ('{1,2}'::integer[]))
               Storage Table Read Requests: 1
               Storage Table Read Ops: 2
               Storage Table Rows Scanned: 10
(17 rows)

 r1 | r2 | r3 |   n   | bkt 
----+----+----+-------+-----
  0 |  0 |  0 | 86000 |   2
  0 |  0 |  0 | 98000 |   2
  0 |  0 |  1 | 31100 |   1
  0 |  0 |  1 | 43100 |   1
  0 |  0 |  1 | 99100 |   2
(5 rows)

 r1 | r2 | r3 |   n   | bkt 
----+----+----+-------+-----
  0 |  0 |  0 | 86000 |   2
  0 |  0 |  0 | 98000 |   2
  0 |  0 |  1 | 31100 |   1
  0 |  0 |  1 | 43100 |   1
  0 |  0 |  1 | 99100 |   2
(5 rows)

-- Explicit SAOP larger than derived SAOP
\set query 'SELECT r1, r2, r3, n, bkt FROM bkt_tbl WHERE bkt IN (1, 2, 3, 4) ORDER BY r1, r2, r3, n LIMIT 5'
:explain2run2
                                       QUERY PLAN                                       
----------------------------------------------------------------------------------------
 Limit (actual rows=5 loops=1)
   Output: r1, r2, r3, n, bkt
   ->  Sort (actual rows=5 loops=1)
         Output: r1, r2, r3, n, bkt
         Sort Key: bkt_tbl.r1, bkt_tbl.r2, bkt_tbl.r3, bkt_tbl.n
         Sort Method: top-N heapsort
         ->  Index Scan using bkt_tbl_pkey on public.bkt_tbl (actual rows=3367 loops=1)
               Output: r1, r2, r3, n, bkt
               Index Cond: (bkt_tbl.bkt = ANY ('{1,2,3,4}'::integer[]))
               Storage Table Read Requests: 3
               Storage Table Read Ops: 9
               Storage Table Rows Scanned: 3367
(12 rows)

                                                       QUERY PLAN                                                        
-------------------------------------------------------------------------------------------------------------------------
 Limit (actual rows=5 loops=1)
   Output: r1, r2, r3, n, bkt
   ->  Incremental Sort (actual rows=5 loops=1)
         Output: r1, r2, r3, n, bkt
         Sort Key: bkt_tbl.r1, bkt_tbl.r2, bkt_tbl.r3, bkt_tbl.n
         Presorted Key: bkt_tbl.r1, bkt_tbl.r2, bkt_tbl.r3
         Full-sort Groups: 1  Sort Method: quicksort
         ->  Index Scan using bkt_tbl_pkey on public.bkt_tbl (actual rows=6 loops=1)
               Output: r1, r2, r3, n, bkt
               Index Cond: ((bkt_tbl.bkt = ANY ('{1,2,3,4}'::integer[])) AND (bkt_tbl.bkt = ANY ('{0,1,2}'::integer[])))
               Rows Removed by Index Recheck: 3
               Merge Sort Key: bkt_tbl.r1, bkt_tbl.r2, bkt_tbl.r3
               Merge Stream Key: bkt_tbl.bkt
               Merge Streams: 3
               Merge Cond: (bkt_tbl.bkt = ANY ('{0,1,2}'::integer[]))
               Storage Table Read Requests: 1
               Storage Table Read Ops: 3
               Storage Table Rows Scanned: 15
(18 rows)

 r1 | r2 | r3 |   n   | bkt 
----+----+----+-------+-----
  0 |  0 |  0 | 86000 |   2
  0 |  0 |  0 | 98000 |   2
  0 |  0 |  1 | 31100 |   1
  0 |  0 |  1 | 43100 |   1
  0 |  0 |  1 | 99100 |   2
(5 rows)

 r1 | r2 | r3 |   n   | bkt 
----+----+----+-------+-----
  0 |  0 |  0 | 86000 |   2
  0 |  0 |  0 | 98000 |   2
  0 |  0 |  1 | 31100 |   1
  0 |  0 |  1 | 43100 |   1
  0 |  0 |  1 | 99100 |   2
(5 rows)

CREATE INDEX NONCONCURRENTLY ON bkt_tbl (bkt ASC, r3, r2, r1)
SPLIT AT VALUES (
    (1),
    (2),
    (2, 2),
    (2, 2, 2),
    (2, 2, 2, 2),
    (3));
-- No limit
-- TODO(#29078): this likely should use SAOP merge.
\set query 'SELECT * FROM bkt_tbl ORDER BY r3, r2, r1'
:explain2
                         QUERY PLAN                          
-------------------------------------------------------------
 Sort (actual rows=5048 loops=1)
   Output: n, r5, r3, r1, r2, r4, bkt
   Sort Key: bkt_tbl.r3, bkt_tbl.r2, bkt_tbl.r1
   Sort Method: quicksort
   ->  Seq Scan on public.bkt_tbl (actual rows=5048 loops=1)
         Output: n, r5, r3, r1, r2, r4, bkt
         Storage Table Read Requests: 3
         Storage Table Read Ops: 11
         Storage Table Rows Scanned: 5048
(9 rows)

                         QUERY PLAN                          
-------------------------------------------------------------
 Sort (actual rows=5048 loops=1)
   Output: n, r5, r3, r1, r2, r4, bkt
   Sort Key: bkt_tbl.r3, bkt_tbl.r2, bkt_tbl.r1
   Sort Method: quicksort
   ->  Seq Scan on public.bkt_tbl (actual rows=5048 loops=1)
         Output: n, r5, r3, r1, r2, r4, bkt
         Storage Table Read Requests: 3
         Storage Table Read Ops: 11
         Storage Table Rows Scanned: 5048
(9 rows)

-- Forward scan
\set query 'SELECT * FROM bkt_tbl ORDER BY r3, r2, r1, n LIMIT 5'
:explain2run2
                            QUERY PLAN                             
-------------------------------------------------------------------
 Limit (actual rows=5 loops=1)
   Output: n, r5, r3, r1, r2, r4, bkt
   ->  Sort (actual rows=5 loops=1)
         Output: n, r5, r3, r1, r2, r4, bkt
         Sort Key: bkt_tbl.r3, bkt_tbl.r2, bkt_tbl.r1, bkt_tbl.n
         Sort Method: top-N heapsort
         ->  Seq Scan on public.bkt_tbl (actual rows=5048 loops=1)
               Output: n, r5, r3, r1, r2, r4, bkt
               Storage Table Read Requests: 3
               Storage Table Read Ops: 11
               Storage Table Rows Scanned: 5048
(11 rows)

                                           QUERY PLAN                                            
-------------------------------------------------------------------------------------------------
 Limit (actual rows=5 loops=1)
   Output: n, r5, r3, r1, r2, r4, bkt
   ->  Incremental Sort (actual rows=5 loops=1)
         Output: n, r5, r3, r1, r2, r4, bkt
         Sort Key: bkt_tbl.r3, bkt_tbl.r2, bkt_tbl.r1, bkt_tbl.n
         Presorted Key: bkt_tbl.r3, bkt_tbl.r2, bkt_tbl.r1
         Full-sort Groups: 1  Sort Method: quicksort
         ->  Index Scan using bkt_tbl_bkt_r3_r2_r1_idx on public.bkt_tbl (actual rows=9 loops=1)
               Output: n, r5, r3, r1, r2, r4, bkt
               Index Cond: (bkt_tbl.bkt = ANY ('{0,1,2}'::integer[]))
               Merge Sort Key: bkt_tbl.r3, bkt_tbl.r2, bkt_tbl.r1
               Merge Stream Key: bkt_tbl.bkt
               Merge Streams: 3
               Merge Cond: (bkt_tbl.bkt = ANY ('{0,1,2}'::integer[]))
               Storage Table Read Requests: 1
               Storage Table Read Ops: 4
               Storage Table Rows Scanned: 11
               Storage Index Read Requests: 1
               Storage Index Read Ops: 3
               Storage Index Rows Scanned: 15
(20 rows)

   n   | r5 | r3 | r1 | r2 | r4 | bkt 
-------+----+----+----+----+----+-----
 86000 |  8 |  0 |  0 |  0 |  6 |   2
 96000 |  9 |  0 |  0 |  0 |  6 |   0
 98000 |  9 |  0 |  0 |  0 |  8 |   2
 52001 |  5 |  0 |  1 |  0 |  2 |   0
 62001 |  6 |  0 |  1 |  0 |  2 |   2
(5 rows)

   n   | r5 | r3 | r1 | r2 | r4 | bkt 
-------+----+----+----+----+----+-----
 86000 |  8 |  0 |  0 |  0 |  6 |   2
 96000 |  9 |  0 |  0 |  0 |  6 |   0
 98000 |  9 |  0 |  0 |  0 |  8 |   2
 52001 |  5 |  0 |  1 |  0 |  2 |   0
 62001 |  6 |  0 |  1 |  0 |  2 |   2
(5 rows)

-- Backward scan
\set query 'SELECT * FROM bkt_tbl ORDER BY r3 DESC, r2 DESC, r1 DESC, n LIMIT 5'
:explain2run2
                                   QUERY PLAN                                   
--------------------------------------------------------------------------------
 Limit (actual rows=5 loops=1)
   Output: n, r5, r3, r1, r2, r4, bkt
   ->  Sort (actual rows=5 loops=1)
         Output: n, r5, r3, r1, r2, r4, bkt
         Sort Key: bkt_tbl.r3 DESC, bkt_tbl.r2 DESC, bkt_tbl.r1 DESC, bkt_tbl.n
         Sort Method: top-N heapsort
         ->  Seq Scan on public.bkt_tbl (actual rows=5048 loops=1)
               Output: n, r5, r3, r1, r2, r4, bkt
               Storage Table Read Requests: 3
               Storage Table Read Ops: 11
               Storage Table Rows Scanned: 5048
(11 rows)

                                                QUERY PLAN                                                
----------------------------------------------------------------------------------------------------------
 Limit (actual rows=5 loops=1)
   Output: n, r5, r3, r1, r2, r4, bkt
   ->  Incremental Sort (actual rows=5 loops=1)
         Output: n, r5, r3, r1, r2, r4, bkt
         Sort Key: bkt_tbl.r3 DESC, bkt_tbl.r2 DESC, bkt_tbl.r1 DESC, bkt_tbl.n
         Presorted Key: bkt_tbl.r3, bkt_tbl.r2, bkt_tbl.r1
         Full-sort Groups: 1  Sort Method: quicksort
         ->  Index Scan Backward using bkt_tbl_bkt_r3_r2_r1_idx on public.bkt_tbl (actual rows=8 loops=1)
               Output: n, r5, r3, r1, r2, r4, bkt
               Index Cond: (bkt_tbl.bkt = ANY ('{0,1,2}'::integer[]))
               Merge Sort Key: bkt_tbl.r3 DESC, bkt_tbl.r2 DESC, bkt_tbl.r1 DESC
               Merge Stream Key: bkt_tbl.bkt
               Merge Streams: 3
               Merge Cond: (bkt_tbl.bkt = ANY ('{0,1,2}'::integer[]))
               Storage Table Read Requests: 2
               Storage Table Read Ops: 7
               Storage Table Rows Scanned: 3030
               Storage Index Read Requests: 2
               Storage Index Read Ops: 6
               Storage Index Rows Scanned: 3087
(20 rows)

   n   | r5 | r3 | r1 | r2 | r4 | bkt 
-------+----+----+----+----+----+-----
 81999 |  8 |  9 |  9 |  9 |  1 |   0
 26998 |  2 |  9 |  8 |  9 |  6 |   0
 30998 |  3 |  9 |  8 |  9 |  0 |   0
 97998 |  9 |  9 |  8 |  9 |  7 |   0
  8997 |  0 |  9 |  7 |  9 |  8 |   0
(5 rows)

   n   | r5 | r3 | r1 | r2 | r4 | bkt 
-------+----+----+----+----+----+-----
 81999 |  8 |  9 |  9 |  9 |  1 |   0
 26998 |  2 |  9 |  8 |  9 |  6 |   0
 30998 |  3 |  9 |  8 |  9 |  0 |   0
 97998 |  9 |  9 |  8 |  9 |  7 |   0
  8997 |  0 |  9 |  7 |  9 |  8 |   0
(5 rows)

--
-- Derive from secondary index expression, expression being a prefix
--
CREATE INDEX NONCONCURRENTLY ON r5n ((yb_hash_code(r2, r3, r4) % 3) ASC, r2, r3, r4)
SPLIT AT VALUES (
    (1),
    (2),
    (2, 2),
    (2, 2, 2),
    (2, 2, 2, 2),
    (3));
-- No limit
-- TODO(#29078): this likely should use SAOP merge.
\set query 'SELECT * FROM r5n ORDER BY r2, r3'
:explain2
                       QUERY PLAN                        
---------------------------------------------------------
 Sort (actual rows=5048 loops=1)
   Output: n, r5, r3, r1, r2, r4
   Sort Key: r5n.r2, r5n.r3
   Sort Method: quicksort
   ->  Seq Scan on public.r5n (actual rows=5048 loops=1)
         Output: n, r5, r3, r1, r2, r4
         Storage Table Read Requests: 5
         Storage Table Read Ops: 11
         Storage Table Rows Scanned: 5048
(9 rows)

                       QUERY PLAN                        
---------------------------------------------------------
 Sort (actual rows=5048 loops=1)
   Output: n, r5, r3, r1, r2, r4
   Sort Key: r5n.r2, r5n.r3
   Sort Method: quicksort
   ->  Seq Scan on public.r5n (actual rows=5048 loops=1)
         Output: n, r5, r3, r1, r2, r4
         Storage Table Read Requests: 5
         Storage Table Read Ops: 11
         Storage Table Rows Scanned: 5048
(9 rows)

-- Forward scan
\set query 'SELECT * FROM r5n ORDER BY r2, r3, n LIMIT 5'
:explain2run2
                          QUERY PLAN                           
---------------------------------------------------------------
 Limit (actual rows=5 loops=1)
   Output: n, r5, r3, r1, r2, r4
   ->  Sort (actual rows=5 loops=1)
         Output: n, r5, r3, r1, r2, r4
         Sort Key: r5n.r2, r5n.r3, r5n.n
         Sort Method: top-N heapsort
         ->  Seq Scan on public.r5n (actual rows=5048 loops=1)
               Output: n, r5, r3, r1, r2, r4
               Storage Table Read Requests: 5
               Storage Table Read Ops: 11
               Storage Table Rows Scanned: 5048
(11 rows)

                                             QUERY PLAN                                              
-----------------------------------------------------------------------------------------------------
 Limit (actual rows=5 loops=1)
   Output: n, r5, r3, r1, r2, r4
   ->  Incremental Sort (actual rows=5 loops=1)
         Output: n, r5, r3, r1, r2, r4
         Sort Key: r5n.r2, r5n.r3, r5n.n
         Presorted Key: r5n.r2, r5n.r3
         Full-sort Groups: 1  Sort Method: top-N heapsort
         ->  Index Scan using r5n_expr_r2_r3_r4_idx on public.r5n (actual rows=46 loops=1)
               Output: n, r5, r3, r1, r2, r4
               Index Cond: ((yb_hash_code(r5n.r2, r5n.r3, r5n.r4) % 3) = ANY ('{0,1,2}'::integer[]))
               Merge Sort Key: r5n.r2, r5n.r3
               Merge Stream Key: (yb_hash_code(r5n.r2, r5n.r3, r5n.r4) % 3)
               Merge Streams: 3
               Merge Cond: ((yb_hash_code(r5n.r2, r5n.r3, r5n.r4) % 3) = ANY ('{0,1,2}'::integer[]))
               Storage Table Read Requests: 2
               Storage Table Read Ops: 8
               Storage Table Rows Scanned: 1000
               Storage Index Read Requests: 2
               Storage Index Read Ops: 6
               Storage Index Rows Scanned: 2383
(20 rows)

   n   | r5 | r3 | r1 | r2 | r4 
-------+----+----+----+----+----
     6 |  0 |  0 |  6 |  0 |  0
     8 |  0 |  0 |  8 |  0 |  0
  7006 |  0 |  0 |  6 |  0 |  7
 12007 |  1 |  0 |  7 |  0 |  2
 14003 |  1 |  0 |  3 |  0 |  4
(5 rows)

   n   | r5 | r3 | r1 | r2 | r4 
-------+----+----+----+----+----
     6 |  0 |  0 |  6 |  0 |  0
     8 |  0 |  0 |  8 |  0 |  0
  7006 |  0 |  0 |  6 |  0 |  7
 12007 |  1 |  0 |  7 |  0 |  2
 14003 |  1 |  0 |  3 |  0 |  4
(5 rows)

-- Explicit SAOP smaller than derived SAOP
\set query 'SELECT r2, r3, n, yb_hash_code(r2, r3, r4) % 3 FROM r5n WHERE yb_hash_code(r2, r3, r4) % 3 in (0, 2) ORDER BY r2, r3, n LIMIT 5'
:explain2run2
                                            QUERY PLAN                                             
---------------------------------------------------------------------------------------------------
 Limit (actual rows=5 loops=1)
   Output: r2, r3, n, ((yb_hash_code(r2, r3, r4) % 3))
   ->  Sort (actual rows=5 loops=1)
         Output: r2, r3, n, ((yb_hash_code(r2, r3, r4) % 3))
         Sort Key: r5n.r2, r5n.r3, r5n.n
         Sort Method: top-N heapsort
         ->  Index Scan using r5n_expr_r2_r3_r4_idx on public.r5n (actual rows=3311 loops=1)
               Output: r2, r3, n, (yb_hash_code(r2, r3, r4) % 3)
               Index Cond: ((yb_hash_code(r5n.r2, r5n.r3, r5n.r4) % 3) = ANY ('{0,2}'::integer[]))
               Storage Table Read Requests: 7
               Storage Table Read Ops: 30
               Storage Table Rows Scanned: 3311
               Storage Index Read Requests: 2
               Storage Index Read Ops: 8
               Storage Index Rows Scanned: 3311
(15 rows)

                                            QUERY PLAN                                             
---------------------------------------------------------------------------------------------------
 Limit (actual rows=5 loops=1)
   Output: r2, r3, n, ((yb_hash_code(r2, r3, r4) % 3))
   ->  Incremental Sort (actual rows=5 loops=1)
         Output: r2, r3, n, ((yb_hash_code(r2, r3, r4) % 3))
         Sort Key: r5n.r2, r5n.r3, r5n.n
         Presorted Key: r5n.r2, r5n.r3
         Full-sort Groups: 1  Sort Method: top-N heapsort
         ->  Index Scan using r5n_expr_r2_r3_r4_idx on public.r5n (actual rows=30 loops=1)
               Output: r2, r3, n, (yb_hash_code(r2, r3, r4) % 3)
               Index Cond: ((yb_hash_code(r5n.r2, r5n.r3, r5n.r4) % 3) = ANY ('{0,2}'::integer[]))
               Merge Sort Key: r5n.r2, r5n.r3
               Merge Stream Key: (yb_hash_code(r5n.r2, r5n.r3, r5n.r4) % 3)
               Merge Streams: 2
               Merge Cond: ((yb_hash_code(r5n.r2, r5n.r3, r5n.r4) % 3) = ANY ('{0,2}'::integer[]))
               Storage Table Read Requests: 2
               Storage Table Read Ops: 7
               Storage Table Rows Scanned: 635
               Storage Index Read Requests: 2
               Storage Index Read Ops: 4
               Storage Index Rows Scanned: 1354
(20 rows)

 r2 | r3 |   n   | ?column? 
----+----+-------+----------
  0 |  0 |     6 |        2
  0 |  0 |     8 |        2
  0 |  0 | 15009 |        2
  0 |  0 | 20009 |        2
  0 |  0 | 25003 |        2
(5 rows)

 r2 | r3 |   n   | ?column? 
----+----+-------+----------
  0 |  0 |     6 |        2
  0 |  0 |     8 |        2
  0 |  0 | 15009 |        2
  0 |  0 | 20009 |        2
  0 |  0 | 25003 |        2
(5 rows)

-- Explicit SAOP larger than derived SAOP
\set query 'SELECT r2, r3, n, yb_hash_code(r2, r3, r4) % 3 FROM r5n WHERE yb_hash_code(r2, r3, r4) % 3 in (0, 2, 4, 8) ORDER BY r2, r3, n LIMIT 5'
:explain2run2
                                              QUERY PLAN                                               
-------------------------------------------------------------------------------------------------------
 Limit (actual rows=5 loops=1)
   Output: r2, r3, n, ((yb_hash_code(r2, r3, r4) % 3))
   ->  Sort (actual rows=5 loops=1)
         Output: r2, r3, n, ((yb_hash_code(r2, r3, r4) % 3))
         Sort Key: r5n.r2, r5n.r3, r5n.n
         Sort Method: top-N heapsort
         ->  Index Scan using r5n_expr_r2_r3_r4_idx on public.r5n (actual rows=3311 loops=1)
               Output: r2, r3, n, (yb_hash_code(r2, r3, r4) % 3)
               Index Cond: ((yb_hash_code(r5n.r2, r5n.r3, r5n.r4) % 3) = ANY ('{0,2,4,8}'::integer[]))
               Storage Table Read Requests: 7
               Storage Table Read Ops: 30
               Storage Table Rows Scanned: 3311
               Storage Index Read Requests: 2
               Storage Index Read Ops: 9
               Storage Index Rows Scanned: 3311
(15 rows)

                                                                                      QUERY PLAN                                                                                       
---------------------------------------------------------------------------------------------------------------------------------------------------------------------------------------
 Limit (actual rows=5 loops=1)
   Output: r2, r3, n, ((yb_hash_code(r2, r3, r4) % 3))
   ->  Incremental Sort (actual rows=5 loops=1)
         Output: r2, r3, n, ((yb_hash_code(r2, r3, r4) % 3))
         Sort Key: r5n.r2, r5n.r3, r5n.n
         Presorted Key: r5n.r2, r5n.r3
         Full-sort Groups: 1  Sort Method: top-N heapsort
         ->  Index Scan using r5n_expr_r2_r3_r4_idx on public.r5n (actual rows=30 loops=1)
               Output: r2, r3, n, (yb_hash_code(r2, r3, r4) % 3)
               Index Cond: (((yb_hash_code(r5n.r2, r5n.r3, r5n.r4) % 3) = ANY ('{0,2,4,8}'::integer[])) AND ((yb_hash_code(r5n.r2, r5n.r3, r5n.r4) % 3) = ANY ('{0,1,2}'::integer[])))
               Rows Removed by Index Recheck: 16
               Merge Sort Key: r5n.r2, r5n.r3
               Merge Stream Key: (yb_hash_code(r5n.r2, r5n.r3, r5n.r4) % 3)
               Merge Streams: 3
               Merge Cond: ((yb_hash_code(r5n.r2, r5n.r3, r5n.r4) % 3) = ANY ('{0,1,2}'::integer[]))
               Storage Table Read Requests: 2
               Storage Table Read Ops: 8
               Storage Table Rows Scanned: 1000
               Storage Index Read Requests: 2
               Storage Index Read Ops: 6
               Storage Index Rows Scanned: 2383
(21 rows)

 r2 | r3 |   n   | ?column? 
----+----+-------+----------
  0 |  0 |     6 |        2
  0 |  0 |     8 |        2
  0 |  0 | 15009 |        2
  0 |  0 | 20009 |        2
  0 |  0 | 25003 |        2
(5 rows)

 r2 | r3 |   n   | ?column? 
----+----+-------+----------
  0 |  0 |     6 |        2
  0 |  0 |     8 |        2
  0 |  0 | 15009 |        2
  0 |  0 | 20009 |        2
  0 |  0 | 25003 |        2
(5 rows)

-- Expression bound to constant
-- SAOP merge should not be used.
\set query 'SELECT yb_hash_code(r2, r3, r4) % 3, r2, r3, n FROM r5n WHERE yb_hash_code(r2, r3, r4) % 3 = 1 ORDER BY r2, r3, n LIMIT 5'
:explain2
                                        QUERY PLAN                                         
-------------------------------------------------------------------------------------------
 Limit (actual rows=5 loops=1)
   Output: ((yb_hash_code(r2, r3, r4) % 3)), r2, r3, n
   ->  Incremental Sort (actual rows=5 loops=1)
         Output: ((yb_hash_code(r2, r3, r4) % 3)), r2, r3, n
         Sort Key: r5n.r2, r5n.r3, r5n.n
         Presorted Key: r5n.r2, r5n.r3
         Full-sort Groups: 1  Sort Method: top-N heapsort
         ->  Index Scan using r5n_expr_r2_r3_r4_idx on public.r5n (actual rows=17 loops=1)
               Output: (yb_hash_code(r2, r3, r4) % 3), r2, r3, n
               Index Cond: ((yb_hash_code(r5n.r2, r5n.r3, r5n.r4) % 3) = 1)
               Storage Table Read Requests: 2
               Storage Table Read Ops: 8
               Storage Table Rows Scanned: 1029
               Storage Index Read Requests: 2
               Storage Index Read Ops: 2
               Storage Index Rows Scanned: 1029
(16 rows)

                                        QUERY PLAN                                         
-------------------------------------------------------------------------------------------
 Limit (actual rows=5 loops=1)
   Output: ((yb_hash_code(r2, r3, r4) % 3)), r2, r3, n
   ->  Incremental Sort (actual rows=5 loops=1)
         Output: ((yb_hash_code(r2, r3, r4) % 3)), r2, r3, n
         Sort Key: r5n.r2, r5n.r3, r5n.n
         Presorted Key: r5n.r2, r5n.r3
         Full-sort Groups: 1  Sort Method: top-N heapsort
         ->  Index Scan using r5n_expr_r2_r3_r4_idx on public.r5n (actual rows=17 loops=1)
               Output: (yb_hash_code(r2, r3, r4) % 3), r2, r3, n
               Index Cond: ((yb_hash_code(r5n.r2, r5n.r3, r5n.r4) % 3) = 1)
               Storage Table Read Requests: 2
               Storage Table Read Ops: 8
               Storage Table Rows Scanned: 1029
               Storage Index Read Requests: 2
               Storage Index Read Ops: 2
               Storage Index Rows Scanned: 1029
(16 rows)

-- Range filter; no ORDER BY
-- SAOP merge should not be used.
\set query 'SELECT * FROM r5n WHERE r2 > 1 LIMIT 5'
:explain2
                      QUERY PLAN                      
------------------------------------------------------
 Limit (actual rows=5 loops=1)
   Output: n, r5, r3, r1, r2, r4
   ->  Seq Scan on public.r5n (actual rows=5 loops=1)
         Output: n, r5, r3, r1, r2, r4
         Storage Filter: (r5n.r2 > 1)
         Storage Table Read Requests: 1
         Storage Table Read Ops: 6
         Storage Table Rows Scanned: 323
(8 rows)

                      QUERY PLAN                      
------------------------------------------------------
 Limit (actual rows=5 loops=1)
   Output: n, r5, r3, r1, r2, r4
   ->  Seq Scan on public.r5n (actual rows=5 loops=1)
         Output: n, r5, r3, r1, r2, r4
         Storage Filter: (r5n.r2 > 1)
         Storage Table Read Requests: 1
         Storage Table Read Ops: 6
         Storage Table Rows Scanned: 323
(8 rows)

-- (Drop this index)
DROP INDEX r5n_expr_r2_r3_r4_idx;
--
-- Derive from secondary index expression, expression not being a prefix,
-- modulus being negative.
--
CREATE INDEX NONCONCURRENTLY ON r5n (r1 ASC, (yb_hash_code(r1, r3, r4) % -5) ASC, r3, r4)
SPLIT AT VALUES (
    (1),
    (2),
    (2, 2),
    (2, 2, 2),
    (2, 2, 2, 2),
    (3));
-- Expression in sort, so not derived
-- SAOP merge should not be used.
\set query 'SELECT r1, yb_hash_code(r1, r3, r4) % -5, r3, n FROM r5n WHERE r1 = 1 ORDER BY yb_hash_code(r1, r3, r4) % -5, r3, n LIMIT 5'
:explain2
                                        QUERY PLAN                                         
-------------------------------------------------------------------------------------------
 Limit (actual rows=5 loops=1)
   Output: r1, ((yb_hash_code(r1, r3, r4) % '-5'::integer)), r3, n
   ->  Incremental Sort (actual rows=5 loops=1)
         Output: r1, ((yb_hash_code(r1, r3, r4) % '-5'::integer)), r3, n
         Sort Key: ((yb_hash_code(r5n.r1, r5n.r3, r5n.r4) % '-5'::integer)), r5n.r3, r5n.n
         Presorted Key: ((yb_hash_code(r5n.r1, r5n.r3, r5n.r4) % '-5'::integer)), r5n.r3
         Full-sort Groups: 1  Sort Method: top-N heapsort
         ->  Index Scan using r5n_r1_expr_r3_r4_idx on public.r5n (actual rows=19 loops=1)
               Output: r1, (yb_hash_code(r1, r3, r4) % '-5'::integer), r3, n
               Index Cond: (r5n.r1 = 1)
               Storage Table Read Requests: 2
               Storage Table Read Ops: 2
               Storage Table Rows Scanned: 492
               Storage Index Read Requests: 2
               Storage Index Read Ops: 2
               Storage Index Rows Scanned: 492
(16 rows)

                                        QUERY PLAN                                         
-------------------------------------------------------------------------------------------
 Limit (actual rows=5 loops=1)
   Output: r1, ((yb_hash_code(r1, r3, r4) % '-5'::integer)), r3, n
   ->  Incremental Sort (actual rows=5 loops=1)
         Output: r1, ((yb_hash_code(r1, r3, r4) % '-5'::integer)), r3, n
         Sort Key: ((yb_hash_code(r5n.r1, r5n.r3, r5n.r4) % '-5'::integer)), r5n.r3, r5n.n
         Presorted Key: ((yb_hash_code(r5n.r1, r5n.r3, r5n.r4) % '-5'::integer)), r5n.r3
         Full-sort Groups: 1  Sort Method: top-N heapsort
         ->  Index Scan using r5n_r1_expr_r3_r4_idx on public.r5n (actual rows=19 loops=1)
               Output: r1, (yb_hash_code(r1, r3, r4) % '-5'::integer), r3, n
               Index Cond: (r5n.r1 = 1)
               Storage Table Read Requests: 2
               Storage Table Read Ops: 2
               Storage Table Rows Scanned: 492
               Storage Index Read Requests: 2
               Storage Index Read Ops: 2
               Storage Index Rows Scanned: 492
(16 rows)

-- Expression in sort, so not derived (v2)
\set query 'SELECT yb_hash_code(r1, r3, r4) % -5, r3, n, r1 FROM r5n WHERE r1 in (0, 1, 2) ORDER BY yb_hash_code(r1, r3, r4) % -5, r3, n LIMIT 5'
:explain2run2
                                        QUERY PLAN                                         
-------------------------------------------------------------------------------------------
 Limit (actual rows=5 loops=1)
   Output: ((yb_hash_code(r1, r3, r4) % '-5'::integer)), r3, n, r1
   ->  Sort (actual rows=5 loops=1)
         Output: ((yb_hash_code(r1, r3, r4) % '-5'::integer)), r3, n, r1
         Sort Key: ((yb_hash_code(r5n.r1, r5n.r3, r5n.r4) % '-5'::integer)), r5n.r3, r5n.n
         Sort Method: top-N heapsort
         ->  Index Scan using r5n_pkey on public.r5n (actual rows=1489 loops=1)
               Output: (yb_hash_code(r1, r3, r4) % '-5'::integer), r3, n, r1
               Index Cond: (r5n.r1 = ANY ('{0,1,2}'::integer[]))
               Storage Table Read Requests: 2
               Storage Table Read Ops: 7
               Storage Table Rows Scanned: 1489
(12 rows)

                                          QUERY PLAN                                          
----------------------------------------------------------------------------------------------
 Limit (actual rows=5 loops=1)
   Output: ((yb_hash_code(r1, r3, r4) % '-5'::integer)), r3, n, r1
   ->  Incremental Sort (actual rows=5 loops=1)
         Output: ((yb_hash_code(r1, r3, r4) % '-5'::integer)), r3, n, r1
         Sort Key: ((yb_hash_code(r5n.r1, r5n.r3, r5n.r4) % '-5'::integer)), r5n.r3, r5n.n
         Presorted Key: ((yb_hash_code(r5n.r1, r5n.r3, r5n.r4) % '-5'::integer)), r5n.r3
         Full-sort Groups: 1  Sort Method: top-N heapsort
         ->  Index Scan using r5n_r1_expr_r3_r4_idx on public.r5n (actual rows=37 loops=1)
               Output: (yb_hash_code(r1, r3, r4) % '-5'::integer), r3, n, r1
               Index Cond: (r5n.r1 = ANY ('{0,1,2}'::integer[]))
               Merge Sort Key: (yb_hash_code(r5n.r1, r5n.r3, r5n.r4) % '-5'::integer), r5n.r3
               Merge Stream Key: r5n.r1
               Merge Streams: 3
               Merge Cond: (r5n.r1 = ANY ('{0,1,2}'::integer[]))
               Storage Table Read Requests: 2
               Storage Table Read Ops: 10
               Storage Table Rows Scanned: 636
               Storage Index Read Requests: 2
               Storage Index Read Ops: 6
               Storage Index Rows Scanned: 1165
(20 rows)

 ?column? | r3 |   n   | r1 
----------+----+-------+----
        0 |  0 |  3030 |  0
        0 |  0 |  4082 |  2
        0 |  0 |  8061 |  1
        0 |  0 | 12091 |  1
        0 |  0 | 16071 |  1
(5 rows)

 ?column? | r3 |   n   | r1 
----------+----+-------+----
        0 |  0 |  3030 |  0
        0 |  0 |  4082 |  2
        0 |  0 |  8061 |  1
        0 |  0 | 12091 |  1
        0 |  0 | 16071 |  1
(5 rows)

-- Derived
-- Third hint is to use the expression index.
\set query 'SELECT r1, r3, r4, n FROM r5n WHERE r1 = 1 ORDER BY r3, r4, n LIMIT 5'
\set hint3 '/*+IndexScan(r5n r5n_r1_expr_r3_r4_idx) Set(enable_parallel_append off) Set(yb_max_saop_merge_streams 64)*/'
:explain3run3
                                  QUERY PLAN                                   
-------------------------------------------------------------------------------
 Limit (actual rows=5 loops=1)
   Output: r1, r3, r4, n
   ->  Sort (actual rows=5 loops=1)
         Output: r1, r3, r4, n
         Sort Key: r5n.r3, r5n.r4, r5n.n
         Sort Method: top-N heapsort
         ->  Index Scan using r5n_pkey on public.r5n (actual rows=492 loops=1)
               Output: r1, r3, r4, n
               Index Cond: (r5n.r1 = 1)
               Storage Table Read Requests: 1
               Storage Table Read Ops: 1
               Storage Table Rows Scanned: 492
(12 rows)

                                  QUERY PLAN                                   
-------------------------------------------------------------------------------
 Limit (actual rows=5 loops=1)
   Output: r1, r3, r4, n
   ->  Sort (actual rows=5 loops=1)
         Output: r1, r3, r4, n
         Sort Key: r5n.r3, r5n.r4, r5n.n
         Sort Method: top-N heapsort
         ->  Index Scan using r5n_pkey on public.r5n (actual rows=492 loops=1)
               Output: r1, r3, r4, n
               Index Cond: (r5n.r1 = 1)
               Storage Table Read Requests: 1
               Storage Table Read Ops: 1
               Storage Table Rows Scanned: 492
(12 rows)

                                                               QUERY PLAN                                                               
----------------------------------------------------------------------------------------------------------------------------------------
 Limit (actual rows=5 loops=1)
   Output: r1, r3, r4, n
   ->  Incremental Sort (actual rows=5 loops=1)
         Output: r1, r3, r4, n
         Sort Key: r5n.r3, r5n.r4, r5n.n
         Presorted Key: r5n.r3, r5n.r4
         Full-sort Groups: 1  Sort Method: quicksort
         ->  Index Scan using r5n_r1_expr_r3_r4_idx on public.r5n (actual rows=10 loops=1)
               Output: r1, r3, r4, n
               Index Cond: ((r5n.r1 = 1) AND ((yb_hash_code(r5n.r1, r5n.r3, r5n.r4) % '-5'::integer) = ANY ('{0,1,2,3,4}'::integer[])))
               Merge Sort Key: r5n.r3, r5n.r4
               Merge Stream Key: (yb_hash_code(r5n.r1, r5n.r3, r5n.r4) % '-5'::integer)
               Merge Streams: 5
               Merge Cond: ((yb_hash_code(r5n.r1, r5n.r3, r5n.r4) % '-5'::integer) = ANY ('{0,1,2,3,4}'::integer[]))
               Storage Table Read Requests: 2
               Storage Table Read Ops: 2
               Storage Table Rows Scanned: 492
               Storage Index Read Requests: 2
               Storage Index Read Ops: 10
               Storage Index Rows Scanned: 492
(20 rows)

 r1 | r3 | r4 |   n   
----+----+----+-------
  1 |  0 |  0 | 10081
  1 |  0 |  0 | 40021
  1 |  0 |  0 | 50081
  1 |  0 |  0 | 60041
  1 |  0 |  0 | 60051
(5 rows)

 r1 | r3 | r4 |   n   
----+----+----+-------
  1 |  0 |  0 | 10081
  1 |  0 |  0 | 40021
  1 |  0 |  0 | 50081
  1 |  0 |  0 | 60041
  1 |  0 |  0 | 60051
(5 rows)

 r1 | r3 | r4 |   n   
----+----+----+-------
  1 |  0 |  0 | 10081
  1 |  0 |  0 | 40021
  1 |  0 |  0 | 50081
  1 |  0 |  0 | 60041
  1 |  0 |  0 | 60051
(5 rows)

-- Following queries send various numbers of requests/scan various number of
-- rows due to non-deterministic order of equal rows in merge sort.  Hide their
-- DIST.
\set explain 'EXPLAIN (ANALYZE, VERBOSE, COSTS OFF, SUMMARY OFF, TIMING OFF)'
-- Derived with multiple stream keys
\set query 'SELECT r3, r4, n, r1 FROM r5n WHERE r1 IN (0, 1, 2) ORDER BY r3, r4, n LIMIT 5'
:explain2run2
                                   QUERY PLAN                                   
--------------------------------------------------------------------------------
 Limit (actual rows=5 loops=1)
   Output: r3, r4, n, r1
   ->  Sort (actual rows=5 loops=1)
         Output: r3, r4, n, r1
         Sort Key: r5n.r3, r5n.r4, r5n.n
         Sort Method: top-N heapsort
         ->  Index Scan using r5n_pkey on public.r5n (actual rows=1489 loops=1)
               Output: r3, r4, n, r1
               Index Cond: (r5n.r1 = ANY ('{0,1,2}'::integer[]))
(9 rows)

                                                                           QUERY PLAN                                                                            
-----------------------------------------------------------------------------------------------------------------------------------------------------------------
 Limit (actual rows=5 loops=1)
   Output: r3, r4, n, r1
   ->  Incremental Sort (actual rows=5 loops=1)
         Output: r3, r4, n, r1
         Sort Key: r5n.r3, r5n.r4, r5n.n
         Presorted Key: r5n.r3, r5n.r4
         Full-sort Groups: 1  Sort Method: top-N heapsort
         ->  Index Scan using r5n_r1_expr_r3_r4_idx on public.r5n (actual rows=26 loops=1)
               Output: r3, r4, n, r1
               Index Cond: ((r5n.r1 = ANY ('{0,1,2}'::integer[])) AND ((yb_hash_code(r5n.r1, r5n.r3, r5n.r4) % '-5'::integer) = ANY ('{0,1,2,3,4}'::integer[])))
               Merge Sort Key: r5n.r3, r5n.r4
               Merge Stream Key: r5n.r1, (yb_hash_code(r5n.r1, r5n.r3, r5n.r4) % '-5'::integer)
               Merge Streams: 15
               Merge Cond: ((r5n.r1 = ANY ('{0,1,2}'::integer[])) AND ((yb_hash_code(r5n.r1, r5n.r3, r5n.r4) % '-5'::integer) = ANY ('{0,1,2,3,4}'::integer[])))
(14 rows)

 r3 | r4 |   n   | r1 
----+----+-------+----
  0 |  0 |    60 |  0
  0 |  0 | 10072 |  2
  0 |  0 | 10081 |  1
  0 |  0 | 10090 |  0
  0 |  0 | 20080 |  0
(5 rows)

 r3 | r4 |   n   | r1 
----+----+-------+----
  0 |  0 |    60 |  0
  0 |  0 | 10072 |  2
  0 |  0 | 10081 |  1
  0 |  0 | 10090 |  0
  0 |  0 | 20080 |  0
(5 rows)

-- (Reset the explain change)
\set explain 'EXPLAIN (ANALYZE, DIST, VERBOSE, COSTS OFF, SUMMARY OFF, TIMING OFF)'
-- (Drop this index)
DROP INDEX r5n_r1_expr_r3_r4_idx;
--
-- Derive from partitioned secondary index expression
--
CREATE INDEX NONCONCURRENTLY ON parent ((yb_hash_code(r2, r3) % 3) ASC, r2, r3)
SPLIT AT VALUES (
    (1),
    (2),
    (2, 2),
    (2, 2, 2),
    (3));
-- Parent
\set query 'SELECT r2, r3, n FROM parent ORDER BY r2, r3, n LIMIT 5'
:explain2run2
                                    QUERY PLAN                                    
----------------------------------------------------------------------------------
 Limit (actual rows=5 loops=1)
   Output: parent.r2, parent.r3, parent.n
   ->  Sort (actual rows=5 loops=1)
         Output: parent.r2, parent.r3, parent.n
         Sort Key: parent.r2, parent.r3, parent.n
         Sort Method: top-N heapsort
         ->  Append (actual rows=5048 loops=1)
               ->  Seq Scan on public.child1a parent_1 (actual rows=1117 loops=1)
                     Output: parent_1.r2, parent_1.r3, parent_1.n
                     Storage Table Read Requests: 2
                     Storage Table Read Ops: 2
                     Storage Table Rows Scanned: 1117
               ->  Seq Scan on public.child1b parent_2 (actual rows=714 loops=1)
                     Output: parent_2.r2, parent_2.r3, parent_2.n
                     Storage Table Read Requests: 1
                     Storage Table Read Ops: 1
                     Storage Table Rows Scanned: 714
               ->  Seq Scan on public.child2 parent_3 (actual rows=1918 loops=1)
                     Output: parent_3.r2, parent_3.r3, parent_3.n
                     Storage Table Read Requests: 2
                     Storage Table Read Ops: 2
                     Storage Table Rows Scanned: 1918
               ->  Seq Scan on public.child3 parent_4 (actual rows=1299 loops=1)
                     Output: parent_4.r2, parent_4.r3, parent_4.n
                     Storage Table Read Requests: 2
                     Storage Table Read Ops: 2
                     Storage Table Rows Scanned: 1299
(27 rows)

                                                  QUERY PLAN                                                  
--------------------------------------------------------------------------------------------------------------
 Limit (actual rows=5 loops=1)
   Output: parent.r2, parent.r3, parent.n
   ->  Incremental Sort (actual rows=5 loops=1)
         Output: parent.r2, parent.r3, parent.n
         Sort Key: parent.r2, parent.r3, parent.n
         Presorted Key: parent.r2, parent.r3
         Full-sort Groups: 1  Sort Method: top-N heapsort
         ->  Merge Append (actual rows=46 loops=1)
               Sort Key: parent.r2, parent.r3
               ->  Index Scan using child1a_expr_r2_r3_idx on public.child1a parent_1 (actual rows=9 loops=1)
                     Output: parent_1.r2, parent_1.r3, parent_1.n
                     Index Cond: ((yb_hash_code(parent_1.r2, parent_1.r3) % 3) = ANY ('{0,1,2}'::integer[]))
                     Merge Sort Key: parent_1.r2, parent_1.r3
                     Merge Stream Key: (yb_hash_code(parent_1.r2, parent_1.r3) % 3)
                     Merge Streams: 3
                     Merge Cond: ((yb_hash_code(parent_1.r2, parent_1.r3) % 3) = ANY ('{0,1,2}'::integer[]))
                     Storage Table Read Requests: 2
                     Storage Table Read Ops: 2
                     Storage Table Rows Scanned: 211
                     Storage Index Read Requests: 2
                     Storage Index Read Ops: 6
                     Storage Index Rows Scanned: 782
               ->  Index Scan using child1b_expr_r2_r3_idx on public.child1b parent_2 (actual rows=6 loops=1)
                     Output: parent_2.r2, parent_2.r3, parent_2.n
                     Index Cond: ((yb_hash_code(parent_2.r2, parent_2.r3) % 3) = ANY ('{0,1,2}'::integer[]))
                     Merge Sort Key: parent_2.r2, parent_2.r3
                     Merge Stream Key: (yb_hash_code(parent_2.r2, parent_2.r3) % 3)
                     Merge Streams: 3
                     Merge Cond: ((yb_hash_code(parent_2.r2, parent_2.r3) % 3) = ANY ('{0,1,2}'::integer[]))
                     Storage Table Read Requests: 2
                     Storage Table Read Ops: 2
                     Storage Table Rows Scanned: 117
                     Storage Index Read Requests: 2
                     Storage Index Read Ops: 6
                     Storage Index Rows Scanned: 485
               ->  Index Scan using child2_expr_r2_r3_idx on public.child2 parent_3 (actual rows=22 loops=1)
                     Output: parent_3.r2, parent_3.r3, parent_3.n
                     Index Cond: ((yb_hash_code(parent_3.r2, parent_3.r3) % 3) = ANY ('{0,1,2}'::integer[]))
                     Merge Sort Key: parent_3.r2, parent_3.r3
                     Merge Stream Key: (yb_hash_code(parent_3.r2, parent_3.r3) % 3)
                     Merge Streams: 3
                     Merge Cond: ((yb_hash_code(parent_3.r2, parent_3.r3) % 3) = ANY ('{0,1,2}'::integer[]))
                     Storage Table Read Requests: 2
                     Storage Table Read Ops: 2
                     Storage Table Rows Scanned: 373
                     Storage Index Read Requests: 2
                     Storage Index Read Ops: 6
                     Storage Index Rows Scanned: 1348
               ->  Index Scan using child3_expr_r2_r3_idx on public.child3 parent_4 (actual rows=12 loops=1)
                     Output: parent_4.r2, parent_4.r3, parent_4.n
                     Index Cond: ((yb_hash_code(parent_4.r2, parent_4.r3) % 3) = ANY ('{0,1,2}'::integer[]))
                     Merge Sort Key: parent_4.r2, parent_4.r3
                     Merge Stream Key: (yb_hash_code(parent_4.r2, parent_4.r3) % 3)
                     Merge Streams: 3
                     Merge Cond: ((yb_hash_code(parent_4.r2, parent_4.r3) % 3) = ANY ('{0,1,2}'::integer[]))
                     Storage Table Read Requests: 2
                     Storage Table Read Ops: 2
                     Storage Table Rows Scanned: 234
                     Storage Index Read Requests: 2
                     Storage Index Read Ops: 6
                     Storage Index Rows Scanned: 907
(61 rows)

 r2 | r3 |   n   
----+----+-------
  0 |  0 |     6
  0 |  0 |     8
  0 |  0 |  7006
  0 |  0 | 12007
  0 |  0 | 14003
(5 rows)

 r2 | r3 |   n   
----+----+-------
  0 |  0 |     6
  0 |  0 |     8
  0 |  0 |  7006
  0 |  0 | 12007
  0 |  0 | 14003
(5 rows)

-- Child
\set query 'SELECT r2, r3, n FROM child1 ORDER BY r2, r3, n LIMIT 5'
:explain2run2
                                    QUERY PLAN                                    
----------------------------------------------------------------------------------
 Limit (actual rows=5 loops=1)
   Output: child1.r2, child1.r3, child1.n
   ->  Sort (actual rows=5 loops=1)
         Output: child1.r2, child1.r3, child1.n
         Sort Key: child1.r2, child1.r3, child1.n
         Sort Method: top-N heapsort
         ->  Append (actual rows=1831 loops=1)
               ->  Seq Scan on public.child1a child1_1 (actual rows=1117 loops=1)
                     Output: child1_1.r2, child1_1.r3, child1_1.n
                     Storage Table Read Requests: 2
                     Storage Table Read Ops: 2
                     Storage Table Rows Scanned: 1117
               ->  Seq Scan on public.child1b child1_2 (actual rows=714 loops=1)
                     Output: child1_2.r2, child1_2.r3, child1_2.n
                     Storage Table Read Requests: 1
                     Storage Table Read Ops: 1
                     Storage Table Rows Scanned: 714
(17 rows)

                                                  QUERY PLAN                                                  
--------------------------------------------------------------------------------------------------------------
 Limit (actual rows=5 loops=1)
   Output: child1.r2, child1.r3, child1.n
   ->  Incremental Sort (actual rows=5 loops=1)
         Output: child1.r2, child1.r3, child1.n
         Sort Key: child1.r2, child1.r3, child1.n
         Presorted Key: child1.r2, child1.r3
         Full-sort Groups: 1  Sort Method: top-N heapsort
         ->  Merge Append (actual rows=14 loops=1)
               Sort Key: child1.r2, child1.r3
               ->  Index Scan using child1a_expr_r2_r3_idx on public.child1a child1_1 (actual rows=9 loops=1)
                     Output: child1_1.r2, child1_1.r3, child1_1.n
                     Index Cond: ((yb_hash_code(child1_1.r2, child1_1.r3) % 3) = ANY ('{0,1,2}'::integer[]))
                     Merge Sort Key: child1_1.r2, child1_1.r3
                     Merge Stream Key: (yb_hash_code(child1_1.r2, child1_1.r3) % 3)
                     Merge Streams: 3
                     Merge Cond: ((yb_hash_code(child1_1.r2, child1_1.r3) % 3) = ANY ('{0,1,2}'::integer[]))
                     Storage Table Read Requests: 2
                     Storage Table Read Ops: 2
                     Storage Table Rows Scanned: 211
                     Storage Index Read Requests: 2
                     Storage Index Read Ops: 6
                     Storage Index Rows Scanned: 782
               ->  Index Scan using child1b_expr_r2_r3_idx on public.child1b child1_2 (actual rows=6 loops=1)
                     Output: child1_2.r2, child1_2.r3, child1_2.n
                     Index Cond: ((yb_hash_code(child1_2.r2, child1_2.r3) % 3) = ANY ('{0,1,2}'::integer[]))
                     Merge Sort Key: child1_2.r2, child1_2.r3
                     Merge Stream Key: (yb_hash_code(child1_2.r2, child1_2.r3) % 3)
                     Merge Streams: 3
                     Merge Cond: ((yb_hash_code(child1_2.r2, child1_2.r3) % 3) = ANY ('{0,1,2}'::integer[]))
                     Storage Table Read Requests: 2
                     Storage Table Read Ops: 2
                     Storage Table Rows Scanned: 117
                     Storage Index Read Requests: 2
                     Storage Index Read Ops: 6
                     Storage Index Rows Scanned: 485
(35 rows)

 r2 | r3 |   n   
----+----+-------
  0 |  0 |     6
  0 |  0 |     8
  0 |  0 | 12007
  0 |  0 | 20009
  0 |  0 | 30002
(5 rows)

 r2 | r3 |   n   
----+----+-------
  0 |  0 |     6
  0 |  0 |     8
  0 |  0 | 12007
  0 |  0 | 20009
  0 |  0 | 30002
(5 rows)

-- Grandchild
\set query 'SELECT r2, r3, n FROM child1b ORDER BY r2, r3, n LIMIT 5'
:explain2run2
                            QUERY PLAN                            
------------------------------------------------------------------
 Limit (actual rows=5 loops=1)
   Output: r2, r3, n
   ->  Sort (actual rows=5 loops=1)
         Output: r2, r3, n
         Sort Key: child1b.r2, child1b.r3, child1b.n
         Sort Method: top-N heapsort
         ->  Seq Scan on public.child1b (actual rows=714 loops=1)
               Output: r2, r3, n
               Storage Table Read Requests: 1
               Storage Table Read Ops: 1
               Storage Table Rows Scanned: 714
(11 rows)

                                             QUERY PLAN                                              
-----------------------------------------------------------------------------------------------------
 Limit (actual rows=5 loops=1)
   Output: r2, r3, n
   ->  Incremental Sort (actual rows=5 loops=1)
         Output: r2, r3, n
         Sort Key: child1b.r2, child1b.r3, child1b.n
         Presorted Key: child1b.r2, child1b.r3
         Full-sort Groups: 1  Sort Method: quicksort
         ->  Index Scan using child1b_expr_r2_r3_idx on public.child1b (actual rows=6 loops=1)
               Output: r2, r3, n
               Index Cond: ((yb_hash_code(child1b.r2, child1b.r3) % 3) = ANY ('{0,1,2}'::integer[]))
               Merge Sort Key: child1b.r2, child1b.r3
               Merge Stream Key: (yb_hash_code(child1b.r2, child1b.r3) % 3)
               Merge Streams: 3
               Merge Cond: ((yb_hash_code(child1b.r2, child1b.r3) % 3) = ANY ('{0,1,2}'::integer[]))
               Storage Table Read Requests: 2
               Storage Table Read Ops: 2
               Storage Table Rows Scanned: 117
               Storage Index Read Requests: 2
               Storage Index Read Ops: 6
               Storage Index Rows Scanned: 485
(20 rows)

 r2 | r3 |   n   
----+----+-------
  0 |  0 | 52001
  0 |  0 | 61007
  0 |  0 | 62001
  0 |  0 | 81005
  0 |  0 | 91007
(5 rows)

 r2 | r3 |   n   
----+----+-------
  0 |  0 | 52001
  0 |  0 | 61007
  0 |  0 | 62001
  0 |  0 | 81005
  0 |  0 | 91007
(5 rows)

-- (Drop this index)
DROP INDEX parent_expr_r2_r3_idx;
--
-- Joins
--
CREATE INDEX NONCONCURRENTLY ON r5n ((yb_hash_code(r2, r3, r4) % 3) ASC, r2, r3, r4)
SPLIT AT VALUES (
    (1),
    (2),
    (2, 2),
    (2, 2, 2),
    (2, 2, 2, 2),
    (3));
CREATE INDEX NONCONCURRENTLY ON parent ((yb_hash_code(r2, r3) % 3) ASC, r2, r3)
SPLIT AT VALUES (
    (1),
    (2),
    (2, 2),
    (2, 2, 2),
    (3));
-- Derive from r5n
\set query 'SELECT r5n.r2, r5n.r3, parent.r3, r5n.n, parent.n FROM parent JOIN r5n ON r5n.r3 = parent.r3 ORDER BY r5n.r2 LIMIT 5'
:explain2run2
                                                                                                                                                                                                                                                                                                                                                                                                                                                                                                                                                                                                                                                                                                                                                                                                                                                                                                                                                                                                                                                                                                                                                                                                                                                                                                                                                                                                                                                                                                                                                                                                                                                                                                                                                                                                                                                                                                                                                                                                                                                                                                                                                                                                                                                                                                                                                                                                                                                                                                                                                                                                                                                                                                                                                                                                                                                                                                                                                                                                                                                                                                                                                                               QUERY PLAN                                                                                                                                                                                                                                                                                                                                                                                                                                                                                                                                                                                                                                                                                                                                                                                                                                                                                                                                                                                                                                                                                                                                                                                                                                                                                                                                                                                                                                                                                                                                                                                                                                                                                                                                                                                                                                                                                                                                                                                                                                                                                                                                                                                                                                                                                                                                                                                                                                                                                                                                                                                                                                                                                                                                                                                                                                                                                                                                                                                                                                                                                                                                                                                
-------------------------------------------------------------------------------------------------------------------------------------------------------------------------------------------------------------------------------------------------------------------------------------------------------------------------------------------------------------------------------------------------------------------------------------------------------------------------------------------------------------------------------------------------------------------------------------------------------------------------------------------------------------------------------------------------------------------------------------------------------------------------------------------------------------------------------------------------------------------------------------------------------------------------------------------------------------------------------------------------------------------------------------------------------------------------------------------------------------------------------------------------------------------------------------------------------------------------------------------------------------------------------------------------------------------------------------------------------------------------------------------------------------------------------------------------------------------------------------------------------------------------------------------------------------------------------------------------------------------------------------------------------------------------------------------------------------------------------------------------------------------------------------------------------------------------------------------------------------------------------------------------------------------------------------------------------------------------------------------------------------------------------------------------------------------------------------------------------------------------------------------------------------------------------------------------------------------------------------------------------------------------------------------------------------------------------------------------------------------------------------------------------------------------------------------------------------------------------------------------------------------------------------------------------------------------------------------------------------------------------------------------------------------------------------------------------------------------------------------------------------------------------------------------------------------------------------------------------------------------------------------------------------------------------------------------------------------------------------------------------------------------------------------------------------------------------------------------------------------------------------------------------------------------------------------------------------------------------------------------------------------------------------------------------------------------------------------------------------------------------------------------------------------------------------------------------------------------------------------------------------------------------------------------------------------------------------------------------------------------------------------------------------------------------------------------------------------------------------------------------------------------------------------------------------------------------------------------------------------------------------------------------------------------------------------------------------------------------------------------------------------------------------------------------------------------------------------------------------------------------------------------------------------------------------------------------------------------------------------------------------------------------------------------------------------------------------------------------------------------------------------------------------------------------------------------------------------------------------------------------------------------------------------------------------------------------------------------------------------------------------------------------------------------------------------------------------------------------------------------------------------------------------------------------------------------------------------------------------------------------------------------------------------------------------------------------------------------------------------------------------------------------------------------------------------------------------------------------------------------------------------------------------------------------------------------------------------------------------------------------------------------------------------------------------------------------------------------------------------------------------------------------------------------------------------------------------------------------------------------------------------------------------------------------------------------------------------------------------------------------------------------------------------------------------------------------------------------------------------------------------------------------------------------------------------------------------------------------------------------------------------------------------------------------------------------------------------------------------------------------------------------------------------------------------------------------------------------------------------------------------------------------------------------------------------------------------------------------------------------------------------------------------------------------------------------------------------------------------------------
 Limit (actual rows=5 loops=1)
   Output: r5n.r2, r5n.r3, parent.r3, r5n.n, parent.n
   ->  Sort (actual rows=5 loops=1)
         Output: r5n.r2, r5n.r3, parent.r3, r5n.n, parent.n
         Sort Key: r5n.r2
         Sort Method: top-N heapsort
         ->  YB Batched Nested Loop Join (actual rows=2549846 loops=1)
               Output: r5n.r2, r5n.r3, parent.r3, r5n.n, parent.n
               Join Filter: (parent.r3 = r5n.r3)
               ->  Append (actual rows=5048 loops=1)
                     ->  Seq Scan on public.child1a parent_1 (actual rows=1117 loops=1)
                           Output: parent_1.r3, parent_1.n
                           Storage Table Read Requests: 2
                           Storage Table Read Ops: 2
                           Storage Table Rows Scanned: 1117
                     ->  Seq Scan on public.child1b parent_2 (actual rows=714 loops=1)
                           Output: parent_2.r3, parent_2.n
                           Storage Table Read Requests: 1
                           Storage Table Read Ops: 1
                           Storage Table Rows Scanned: 714
                     ->  Seq Scan on public.child2 parent_3 (actual rows=1918 loops=1)
                           Output: parent_3.r3, parent_3.n
                           Storage Table Read Requests: 2
                           Storage Table Read Ops: 2
                           Storage Table Rows Scanned: 1918
                     ->  Seq Scan on public.child3 parent_4 (actual rows=1299 loops=1)
                           Output: parent_4.r3, parent_4.n
                           Storage Table Read Requests: 2
                           Storage Table Read Ops: 2
                           Storage Table Rows Scanned: 1299
               ->  Index Scan using r5n_expr_r2_r3_r4_idx on public.r5n (actual rows=5048 loops=5)
                     Output: r5n.r2, r5n.r3, r5n.n
                     Index Cond: (r5n.r3 = ANY (ARRAY[parent.r3, $1, $2, $3, $4, $5, $6, $7, $8, $9, $10, $11, $12, $13, $14, $15, $16, $17, $18, $19, $20, $21, $22, $23, $24, $25, $26, $27, $28, $29, $30, $31, $32, $33, $34, $35, $36, $37, $38, $39, $40, $41, $42, $43, $44, $45, $46, $47, $48, $49, $50, $51, $52, $53, $54, $55, $56, $57, $58, $59, $60, $61, $62, $63, $64, $65, $66, $67, $68, $69, $70, $71, $72, $73, $74, $75, $76, $77, $78, $79, $80, $81, $82, $83, $84, $85, $86, $87, $88, $89, $90, $91, $92, $93, $94, $95, $96, $97, $98, $99, $100, $101, $102, $103, $104, $105, $106, $107, $108, $109, $110, $111, $112, $113, $114, $115, $116, $117, $118, $119, $120, $121, $122, $123, $124, $125, $126, $127, $128, $129, $130, $131, $132, $133, $134, $135, $136, $137, $138, $139, $140, $141, $142, $143, $144, $145, $146, $147, $148, $149, $150, $151, $152, $153, $154, $155, $156, $157, $158, $159, $160, $161, $162, $163, $164, $165, $166, $167, $168, $169, $170, $171, $172, $173, $174, $175, $176, $177, $178, $179, $180, $181, $182, $183, $184, $185, $186, $187, $188, $189, $190, $191, $192, $193, $194, $195, $196, $197, $198, $199, $200, $201, $202, $203, $204, $205, $206, $207, $208, $209, $210, $211, $212, $213, $214, $215, $216, $217, $218, $219, $220, $221, $222, $223, $224, $225, $226, $227, $228, $229, $230, $231, $232, $233, $234, $235, $236, $237, $238, $239, $240, $241, $242, $243, $244, $245, $246, $247, $248, $249, $250, $251, $252, $253, $254, $255, $256, $257, $258, $259, $260, $261, $262, $263, $264, $265, $266, $267, $268, $269, $270, $271, $272, $273, $274, $275, $276, $277, $278, $279, $280, $281, $282, $283, $284, $285, $286, $287, $288, $289, $290, $291, $292, $293, $294, $295, $296, $297, $298, $299, $300, $301, $302, $303, $304, $305, $306, $307, $308, $309, $310, $311, $312, $313, $314, $315, $316, $317, $318, $319, $320, $321, $322, $323, $324, $325, $326, $327, $328, $329, $330, $331, $332, $333, $334, $335, $336, $337, $338, $339, $340, $341, $342, $343, $344, $345, $346, $347, $348, $349, $350, $351, $352, $353, $354, $355, $356, $357, $358, $359, $360, $361, $362, $363, $364, $365, $366, $367, $368, $369, $370, $371, $372, $373, $374, $375, $376, $377, $378, $379, $380, $381, $382, $383, $384, $385, $386, $387, $388, $389, $390, $391, $392, $393, $394, $395, $396, $397, $398, $399, $400, $401, $402, $403, $404, $405, $406, $407, $408, $409, $410, $411, $412, $413, $414, $415, $416, $417, $418, $419, $420, $421, $422, $423, $424, $425, $426, $427, $428, $429, $430, $431, $432, $433, $434, $435, $436, $437, $438, $439, $440, $441, $442, $443, $444, $445, $446, $447, $448, $449, $450, $451, $452, $453, $454, $455, $456, $457, $458, $459, $460, $461, $462, $463, $464, $465, $466, $467, $468, $469, $470, $471, $472, $473, $474, $475, $476, $477, $478, $479, $480, $481, $482, $483, $484, $485, $486, $487, $488, $489, $490, $491, $492, $493, $494, $495, $496, $497, $498, $499, $500, $501, $502, $503, $504, $505, $506, $507, $508, $509, $510, $511, $512, $513, $514, $515, $516, $517, $518, $519, $520, $521, $522, $523, $524, $525, $526, $527, $528, $529, $530, $531, $532, $533, $534, $535, $536, $537, $538, $539, $540, $541, $542, $543, $544, $545, $546, $547, $548, $549, $550, $551, $552, $553, $554, $555, $556, $557, $558, $559, $560, $561, $562, $563, $564, $565, $566, $567, $568, $569, $570, $571, $572, $573, $574, $575, $576, $577, $578, $579, $580, $581, $582, $583, $584, $585, $586, $587, $588, $589, $590, $591, $592, $593, $594, $595, $596, $597, $598, $599, $600, $601, $602, $603, $604, $605, $606, $607, $608, $609, $610, $611, $612, $613, $614, $615, $616, $617, $618, $619, $620, $621, $622, $623, $624, $625, $626, $627, $628, $629, $630, $631, $632, $633, $634, $635, $636, $637, $638, $639, $640, $641, $642, $643, $644, $645, $646, $647, $648, $649, $650, $651, $652, $653, $654, $655, $656, $657, $658, $659, $660, $661, $662, $663, $664, $665, $666, $667, $668, $669, $670, $671, $672, $673, $674, $675, $676, $677, $678, $679, $680, $681, $682, $683, $684, $685, $686, $687, $688, $689, $690, $691, $692, $693, $694, $695, $696, $697, $698, $699, $700, $701, $702, $703, $704, $705, $706, $707, $708, $709, $710, $711, $712, $713, $714, $715, $716, $717, $718, $719, $720, $721, $722, $723, $724, $725, $726, $727, $728, $729, $730, $731, $732, $733, $734, $735, $736, $737, $738, $739, $740, $741, $742, $743, $744, $745, $746, $747, $748, $749, $750, $751, $752, $753, $754, $755, $756, $757, $758, $759, $760, $761, $762, $763, $764, $765, $766, $767, $768, $769, $770, $771, $772, $773, $774, $775, $776, $777, $778, $779, $780, $781, $782, $783, $784, $785, $786, $787, $788, $789, $790, $791, $792, $793, $794, $795, $796, $797, $798, $799, $800, $801, $802, $803, $804, $805, $806, $807, $808, $809, $810, $811, $812, $813, $814, $815, $816, $817, $818, $819, $820, $821, $822, $823, $824, $825, $826, $827, $828, $829, $830, $831, $832, $833, $834, $835, $836, $837, $838, $839, $840, $841, $842, $843, $844, $845, $846, $847, $848, $849, $850, $851, $852, $853, $854, $855, $856, $857, $858, $859, $860, $861, $862, $863, $864, $865, $866, $867, $868, $869, $870, $871, $872, $873, $874, $875, $876, $877, $878, $879, $880, $881, $882, $883, $884, $885, $886, $887, $888, $889, $890, $891, $892, $893, $894, $895, $896, $897, $898, $899, $900, $901, $902, $903, $904, $905, $906, $907, $908, $909, $910, $911, $912, $913, $914, $915, $916, $917, $918, $919, $920, $921, $922, $923, $924, $925, $926, $927, $928, $929, $930, $931, $932, $933, $934, $935, $936, $937, $938, $939, $940, $941, $942, $943, $944, $945, $946, $947, $948, $949, $950, $951, $952, $953, $954, $955, $956, $957, $958, $959, $960, $961, $962, $963, $964, $965, $966, $967, $968, $969, $970, $971, $972, $973, $974, $975, $976, $977, $978, $979, $980, $981, $982, $983, $984, $985, $986, $987, $988, $989, $990, $991, $992, $993, $994, $995, $996, $997, $998, $999, $1000, $1001, $1002, $1003, $1004, $1005, $1006, $1007, $1008, $1009, $1010, $1011, $1012, $1013, $1014, $1015, $1016, $1017, $1018, $1019, $1020, $1021, $1022, $1023]))
                     Storage Table Read Requests: 9
                     Storage Table Read Ops: 40
                     Storage Table Rows Scanned: 5048
                     Storage Index Read Requests: 2
                     Storage Index Read Ops: 10
                     Storage Index Rows Scanned: 5048
(39 rows)

                                             QUERY PLAN                                              
-----------------------------------------------------------------------------------------------------
 Limit (actual rows=5 loops=1)
   Output: r5n.r2, r5n.r3, parent.r3, r5n.n, parent.n
   ->  Nested Loop (actual rows=5 loops=1)
         Output: r5n.r2, r5n.r3, parent.r3, r5n.n, parent.n
         Join Filter: (parent.r3 = r5n.r3)
         Rows Removed by Join Filter: 37
         ->  Index Scan using r5n_expr_r2_r3_r4_idx on public.r5n (actual rows=1 loops=1)
               Output: r5n.r2, r5n.r3, r5n.n
               Index Cond: ((yb_hash_code(r5n.r2, r5n.r3, r5n.r4) % 3) = ANY ('{0,1,2}'::integer[]))
               Merge Sort Key: r5n.r2
               Merge Stream Key: (yb_hash_code(r5n.r2, r5n.r3, r5n.r4) % 3)
               Merge Streams: 3
               Merge Cond: ((yb_hash_code(r5n.r2, r5n.r3, r5n.r4) % 3) = ANY ('{0,1,2}'::integer[]))
               Storage Table Read Requests: 1
               Storage Table Read Ops: 4
               Storage Table Rows Scanned: 13
               Storage Index Read Requests: 1
               Storage Index Read Ops: 3
               Storage Index Rows Scanned: 15
         ->  Materialize (actual rows=42 loops=1)
               Output: parent.r3, parent.n
               ->  Append (actual rows=42 loops=1)
                     ->  Seq Scan on public.child1a parent_1 (actual rows=42 loops=1)
                           Output: parent_1.r3, parent_1.n
                           Storage Table Read Requests: 2
                           Storage Table Read Ops: 2
                           Storage Table Rows Scanned: 1029
                     ->  Seq Scan on public.child1b parent_2 (never executed)
                           Output: parent_2.r3, parent_2.n
                     ->  Seq Scan on public.child2 parent_3 (never executed)
                           Output: parent_3.r3, parent_3.n
                     ->  Seq Scan on public.child3 parent_4 (never executed)
                           Output: parent_4.r3, parent_4.n
(33 rows)

 r2 | r3 | r3 |   n   |   n   
----+----+----+-------+-------
  0 |  0 |  0 | 86000 | 33020
  0 |  0 |  0 | 86000 | 40030
  0 |  0 |  0 | 86000 | 31030
  0 |  0 |  0 | 86000 |  3030
  0 |  0 |  0 | 86000 | 51010
(5 rows)

 r2 | r3 | r3 |   n   |   n   
----+----+----+-------+-------
  0 |  0 |  0 | 31004 | 51010
  0 |  0 |  0 | 31004 | 33020
  0 |  0 |  0 | 31004 | 40030
  0 |  0 |  0 | 31004 | 31030
  0 |  0 |  0 | 31004 |  3030
(5 rows)

-- Derive from parent
\set query 'SELECT parent.r2, r5n.r3, parent.r3, r5n.n, parent.n FROM parent JOIN r5n ON r5n.r3 = parent.r3 ORDER BY parent.r2 LIMIT 5'
:explain2run2
                                                                                                                                                                                                                                                                                                                                                                                                                                                                                                                                                                                                                                                                                                                                                                                                                                                                                                                                                                                                                                                                                                                                                                                                                                                                                                                                                                                                                                                                                                                                                                                                                                                                                                                                                                                                                                                                                                                                                                                                                                                                                                                                                                                                                                                                                                                                                                                                                                                                                                                                                                                                                                                                                                                                                                                                                                                                                                                                                                                                                                                                                                                                                                               QUERY PLAN                                                                                                                                                                                                                                                                                                                                                                                                                                                                                                                                                                                                                                                                                                                                                                                                                                                                                                                                                                                                                                                                                                                                                                                                                                                                                                                                                                                                                                                                                                                                                                                                                                                                                                                                                                                                                                                                                                                                                                                                                                                                                                                                                                                                                                                                                                                                                                                                                                                                                                                                                                                                                                                                                                                                                                                                                                                                                                                                                                                                                                                                                                                                                                                
-------------------------------------------------------------------------------------------------------------------------------------------------------------------------------------------------------------------------------------------------------------------------------------------------------------------------------------------------------------------------------------------------------------------------------------------------------------------------------------------------------------------------------------------------------------------------------------------------------------------------------------------------------------------------------------------------------------------------------------------------------------------------------------------------------------------------------------------------------------------------------------------------------------------------------------------------------------------------------------------------------------------------------------------------------------------------------------------------------------------------------------------------------------------------------------------------------------------------------------------------------------------------------------------------------------------------------------------------------------------------------------------------------------------------------------------------------------------------------------------------------------------------------------------------------------------------------------------------------------------------------------------------------------------------------------------------------------------------------------------------------------------------------------------------------------------------------------------------------------------------------------------------------------------------------------------------------------------------------------------------------------------------------------------------------------------------------------------------------------------------------------------------------------------------------------------------------------------------------------------------------------------------------------------------------------------------------------------------------------------------------------------------------------------------------------------------------------------------------------------------------------------------------------------------------------------------------------------------------------------------------------------------------------------------------------------------------------------------------------------------------------------------------------------------------------------------------------------------------------------------------------------------------------------------------------------------------------------------------------------------------------------------------------------------------------------------------------------------------------------------------------------------------------------------------------------------------------------------------------------------------------------------------------------------------------------------------------------------------------------------------------------------------------------------------------------------------------------------------------------------------------------------------------------------------------------------------------------------------------------------------------------------------------------------------------------------------------------------------------------------------------------------------------------------------------------------------------------------------------------------------------------------------------------------------------------------------------------------------------------------------------------------------------------------------------------------------------------------------------------------------------------------------------------------------------------------------------------------------------------------------------------------------------------------------------------------------------------------------------------------------------------------------------------------------------------------------------------------------------------------------------------------------------------------------------------------------------------------------------------------------------------------------------------------------------------------------------------------------------------------------------------------------------------------------------------------------------------------------------------------------------------------------------------------------------------------------------------------------------------------------------------------------------------------------------------------------------------------------------------------------------------------------------------------------------------------------------------------------------------------------------------------------------------------------------------------------------------------------------------------------------------------------------------------------------------------------------------------------------------------------------------------------------------------------------------------------------------------------------------------------------------------------------------------------------------------------------------------------------------------------------------------------------------------------------------------------------------------------------------------------------------------------------------------------------------------------------------------------------------------------------------------------------------------------------------------------------------------------------------------------------------------------------------------------------------------------------------------------------------------------------------------------------------------------------------------------------------------------------------------
 Limit (actual rows=5 loops=1)
   Output: parent.r2, r5n.r3, parent.r3, r5n.n, parent.n
   ->  Sort (actual rows=5 loops=1)
         Output: parent.r2, r5n.r3, parent.r3, r5n.n, parent.n
         Sort Key: parent.r2
         Sort Method: top-N heapsort
         ->  YB Batched Nested Loop Join (actual rows=2549846 loops=1)
               Output: parent.r2, r5n.r3, parent.r3, r5n.n, parent.n
               Join Filter: (parent.r3 = r5n.r3)
               ->  Append (actual rows=5048 loops=1)
                     ->  Seq Scan on public.child1a parent_1 (actual rows=1117 loops=1)
                           Output: parent_1.r2, parent_1.r3, parent_1.n
                           Storage Table Read Requests: 2
                           Storage Table Read Ops: 2
                           Storage Table Rows Scanned: 1117
                     ->  Seq Scan on public.child1b parent_2 (actual rows=714 loops=1)
                           Output: parent_2.r2, parent_2.r3, parent_2.n
                           Storage Table Read Requests: 1
                           Storage Table Read Ops: 1
                           Storage Table Rows Scanned: 714
                     ->  Seq Scan on public.child2 parent_3 (actual rows=1918 loops=1)
                           Output: parent_3.r2, parent_3.r3, parent_3.n
                           Storage Table Read Requests: 2
                           Storage Table Read Ops: 2
                           Storage Table Rows Scanned: 1918
                     ->  Seq Scan on public.child3 parent_4 (actual rows=1299 loops=1)
                           Output: parent_4.r2, parent_4.r3, parent_4.n
                           Storage Table Read Requests: 2
                           Storage Table Read Ops: 2
                           Storage Table Rows Scanned: 1299
               ->  Index Scan using r5n_expr_r2_r3_r4_idx on public.r5n (actual rows=5048 loops=5)
                     Output: r5n.r3, r5n.n
                     Index Cond: (r5n.r3 = ANY (ARRAY[parent.r3, $1, $2, $3, $4, $5, $6, $7, $8, $9, $10, $11, $12, $13, $14, $15, $16, $17, $18, $19, $20, $21, $22, $23, $24, $25, $26, $27, $28, $29, $30, $31, $32, $33, $34, $35, $36, $37, $38, $39, $40, $41, $42, $43, $44, $45, $46, $47, $48, $49, $50, $51, $52, $53, $54, $55, $56, $57, $58, $59, $60, $61, $62, $63, $64, $65, $66, $67, $68, $69, $70, $71, $72, $73, $74, $75, $76, $77, $78, $79, $80, $81, $82, $83, $84, $85, $86, $87, $88, $89, $90, $91, $92, $93, $94, $95, $96, $97, $98, $99, $100, $101, $102, $103, $104, $105, $106, $107, $108, $109, $110, $111, $112, $113, $114, $115, $116, $117, $118, $119, $120, $121, $122, $123, $124, $125, $126, $127, $128, $129, $130, $131, $132, $133, $134, $135, $136, $137, $138, $139, $140, $141, $142, $143, $144, $145, $146, $147, $148, $149, $150, $151, $152, $153, $154, $155, $156, $157, $158, $159, $160, $161, $162, $163, $164, $165, $166, $167, $168, $169, $170, $171, $172, $173, $174, $175, $176, $177, $178, $179, $180, $181, $182, $183, $184, $185, $186, $187, $188, $189, $190, $191, $192, $193, $194, $195, $196, $197, $198, $199, $200, $201, $202, $203, $204, $205, $206, $207, $208, $209, $210, $211, $212, $213, $214, $215, $216, $217, $218, $219, $220, $221, $222, $223, $224, $225, $226, $227, $228, $229, $230, $231, $232, $233, $234, $235, $236, $237, $238, $239, $240, $241, $242, $243, $244, $245, $246, $247, $248, $249, $250, $251, $252, $253, $254, $255, $256, $257, $258, $259, $260, $261, $262, $263, $264, $265, $266, $267, $268, $269, $270, $271, $272, $273, $274, $275, $276, $277, $278, $279, $280, $281, $282, $283, $284, $285, $286, $287, $288, $289, $290, $291, $292, $293, $294, $295, $296, $297, $298, $299, $300, $301, $302, $303, $304, $305, $306, $307, $308, $309, $310, $311, $312, $313, $314, $315, $316, $317, $318, $319, $320, $321, $322, $323, $324, $325, $326, $327, $328, $329, $330, $331, $332, $333, $334, $335, $336, $337, $338, $339, $340, $341, $342, $343, $344, $345, $346, $347, $348, $349, $350, $351, $352, $353, $354, $355, $356, $357, $358, $359, $360, $361, $362, $363, $364, $365, $366, $367, $368, $369, $370, $371, $372, $373, $374, $375, $376, $377, $378, $379, $380, $381, $382, $383, $384, $385, $386, $387, $388, $389, $390, $391, $392, $393, $394, $395, $396, $397, $398, $399, $400, $401, $402, $403, $404, $405, $406, $407, $408, $409, $410, $411, $412, $413, $414, $415, $416, $417, $418, $419, $420, $421, $422, $423, $424, $425, $426, $427, $428, $429, $430, $431, $432, $433, $434, $435, $436, $437, $438, $439, $440, $441, $442, $443, $444, $445, $446, $447, $448, $449, $450, $451, $452, $453, $454, $455, $456, $457, $458, $459, $460, $461, $462, $463, $464, $465, $466, $467, $468, $469, $470, $471, $472, $473, $474, $475, $476, $477, $478, $479, $480, $481, $482, $483, $484, $485, $486, $487, $488, $489, $490, $491, $492, $493, $494, $495, $496, $497, $498, $499, $500, $501, $502, $503, $504, $505, $506, $507, $508, $509, $510, $511, $512, $513, $514, $515, $516, $517, $518, $519, $520, $521, $522, $523, $524, $525, $526, $527, $528, $529, $530, $531, $532, $533, $534, $535, $536, $537, $538, $539, $540, $541, $542, $543, $544, $545, $546, $547, $548, $549, $550, $551, $552, $553, $554, $555, $556, $557, $558, $559, $560, $561, $562, $563, $564, $565, $566, $567, $568, $569, $570, $571, $572, $573, $574, $575, $576, $577, $578, $579, $580, $581, $582, $583, $584, $585, $586, $587, $588, $589, $590, $591, $592, $593, $594, $595, $596, $597, $598, $599, $600, $601, $602, $603, $604, $605, $606, $607, $608, $609, $610, $611, $612, $613, $614, $615, $616, $617, $618, $619, $620, $621, $622, $623, $624, $625, $626, $627, $628, $629, $630, $631, $632, $633, $634, $635, $636, $637, $638, $639, $640, $641, $642, $643, $644, $645, $646, $647, $648, $649, $650, $651, $652, $653, $654, $655, $656, $657, $658, $659, $660, $661, $662, $663, $664, $665, $666, $667, $668, $669, $670, $671, $672, $673, $674, $675, $676, $677, $678, $679, $680, $681, $682, $683, $684, $685, $686, $687, $688, $689, $690, $691, $692, $693, $694, $695, $696, $697, $698, $699, $700, $701, $702, $703, $704, $705, $706, $707, $708, $709, $710, $711, $712, $713, $714, $715, $716, $717, $718, $719, $720, $721, $722, $723, $724, $725, $726, $727, $728, $729, $730, $731, $732, $733, $734, $735, $736, $737, $738, $739, $740, $741, $742, $743, $744, $745, $746, $747, $748, $749, $750, $751, $752, $753, $754, $755, $756, $757, $758, $759, $760, $761, $762, $763, $764, $765, $766, $767, $768, $769, $770, $771, $772, $773, $774, $775, $776, $777, $778, $779, $780, $781, $782, $783, $784, $785, $786, $787, $788, $789, $790, $791, $792, $793, $794, $795, $796, $797, $798, $799, $800, $801, $802, $803, $804, $805, $806, $807, $808, $809, $810, $811, $812, $813, $814, $815, $816, $817, $818, $819, $820, $821, $822, $823, $824, $825, $826, $827, $828, $829, $830, $831, $832, $833, $834, $835, $836, $837, $838, $839, $840, $841, $842, $843, $844, $845, $846, $847, $848, $849, $850, $851, $852, $853, $854, $855, $856, $857, $858, $859, $860, $861, $862, $863, $864, $865, $866, $867, $868, $869, $870, $871, $872, $873, $874, $875, $876, $877, $878, $879, $880, $881, $882, $883, $884, $885, $886, $887, $888, $889, $890, $891, $892, $893, $894, $895, $896, $897, $898, $899, $900, $901, $902, $903, $904, $905, $906, $907, $908, $909, $910, $911, $912, $913, $914, $915, $916, $917, $918, $919, $920, $921, $922, $923, $924, $925, $926, $927, $928, $929, $930, $931, $932, $933, $934, $935, $936, $937, $938, $939, $940, $941, $942, $943, $944, $945, $946, $947, $948, $949, $950, $951, $952, $953, $954, $955, $956, $957, $958, $959, $960, $961, $962, $963, $964, $965, $966, $967, $968, $969, $970, $971, $972, $973, $974, $975, $976, $977, $978, $979, $980, $981, $982, $983, $984, $985, $986, $987, $988, $989, $990, $991, $992, $993, $994, $995, $996, $997, $998, $999, $1000, $1001, $1002, $1003, $1004, $1005, $1006, $1007, $1008, $1009, $1010, $1011, $1012, $1013, $1014, $1015, $1016, $1017, $1018, $1019, $1020, $1021, $1022, $1023]))
                     Storage Table Read Requests: 9
                     Storage Table Read Ops: 40
                     Storage Table Rows Scanned: 5048
                     Storage Index Read Requests: 2
                     Storage Index Read Ops: 10
                     Storage Index Rows Scanned: 5048
(39 rows)

                                                  QUERY PLAN                                                  
--------------------------------------------------------------------------------------------------------------
 Limit (actual rows=5 loops=1)
   Output: parent.r2, r5n.r3, parent.r3, r5n.n, parent.n
   ->  Nested Loop (actual rows=5 loops=1)
         Output: parent.r2, r5n.r3, parent.r3, r5n.n, parent.n
         Join Filter: (parent.r3 = r5n.r3)
         Rows Removed by Join Filter: 33
         ->  Merge Append (actual rows=1 loops=1)
               Sort Key: parent.r2
               ->  Index Scan using child1a_expr_r2_r3_idx on public.child1a parent_1 (actual rows=1 loops=1)
                     Output: parent_1.r2, parent_1.r3, parent_1.n
                     Index Cond: ((yb_hash_code(parent_1.r2, parent_1.r3) % 3) = ANY ('{0,1,2}'::integer[]))
                     Merge Sort Key: parent_1.r2
                     Merge Stream Key: (yb_hash_code(parent_1.r2, parent_1.r3) % 3)
                     Merge Streams: 3
                     Merge Cond: ((yb_hash_code(parent_1.r2, parent_1.r3) % 3) = ANY ('{0,1,2}'::integer[]))
                     Storage Table Read Requests: 1
                     Storage Table Read Ops: 1
                     Storage Table Rows Scanned: 13
                     Storage Index Read Requests: 1
                     Storage Index Read Ops: 3
                     Storage Index Rows Scanned: 15
               ->  Index Scan using child1b_expr_r2_r3_idx on public.child1b parent_2 (actual rows=1 loops=1)
                     Output: parent_2.r2, parent_2.r3, parent_2.n
                     Index Cond: ((yb_hash_code(parent_2.r2, parent_2.r3) % 3) = ANY ('{0,1,2}'::integer[]))
                     Merge Sort Key: parent_2.r2
                     Merge Stream Key: (yb_hash_code(parent_2.r2, parent_2.r3) % 3)
                     Merge Streams: 3
                     Merge Cond: ((yb_hash_code(parent_2.r2, parent_2.r3) % 3) = ANY ('{0,1,2}'::integer[]))
                     Storage Table Read Requests: 1
                     Storage Table Read Ops: 1
                     Storage Table Rows Scanned: 13
                     Storage Index Read Requests: 1
                     Storage Index Read Ops: 3
                     Storage Index Rows Scanned: 15
               ->  Index Scan using child2_expr_r2_r3_idx on public.child2 parent_3 (actual rows=1 loops=1)
                     Output: parent_3.r2, parent_3.r3, parent_3.n
                     Index Cond: ((yb_hash_code(parent_3.r2, parent_3.r3) % 3) = ANY ('{0,1,2}'::integer[]))
                     Merge Sort Key: parent_3.r2
                     Merge Stream Key: (yb_hash_code(parent_3.r2, parent_3.r3) % 3)
                     Merge Streams: 3
                     Merge Cond: ((yb_hash_code(parent_3.r2, parent_3.r3) % 3) = ANY ('{0,1,2}'::integer[]))
                     Storage Table Read Requests: 1
                     Storage Table Read Ops: 1
                     Storage Table Rows Scanned: 13
                     Storage Index Read Requests: 1
                     Storage Index Read Ops: 3
                     Storage Index Rows Scanned: 15
               ->  Index Scan using child3_expr_r2_r3_idx on public.child3 parent_4 (actual rows=1 loops=1)
                     Output: parent_4.r2, parent_4.r3, parent_4.n
                     Index Cond: ((yb_hash_code(parent_4.r2, parent_4.r3) % 3) = ANY ('{0,1,2}'::integer[]))
                     Merge Sort Key: parent_4.r2
                     Merge Stream Key: (yb_hash_code(parent_4.r2, parent_4.r3) % 3)
                     Merge Streams: 3
                     Merge Cond: ((yb_hash_code(parent_4.r2, parent_4.r3) % 3) = ANY ('{0,1,2}'::integer[]))
                     Storage Table Read Requests: 1
                     Storage Table Read Ops: 1
                     Storage Table Rows Scanned: 13
                     Storage Index Read Requests: 1
                     Storage Index Read Ops: 3
                     Storage Index Rows Scanned: 15
         ->  Materialize (actual rows=38 loops=1)
               Output: r5n.r3, r5n.n
               ->  Seq Scan on public.r5n (actual rows=38 loops=1)
                     Output: r5n.r3, r5n.n
                     Storage Table Read Requests: 2
                     Storage Table Read Ops: 12
                     Storage Table Rows Scanned: 1102
(67 rows)

 r2 | r3 | r3 |   n   |   n   
----+----+----+-------+-------
  0 |  0 |  0 | 86000 |     6
  0 |  0 |  0 | 86000 | 12007
  0 |  0 |  0 | 86000 | 30002
  0 |  0 |  0 | 86000 | 31004
  0 |  0 |  0 | 86000 | 42007
(5 rows)

 r2 | r3 | r3 |   n   |   n   
----+----+----+-------+-------
  0 |  4 |  4 | 30400 | 30400
  0 |  4 |  4 | 21400 | 30400
  0 |  4 |  4 | 64400 | 30400
  0 |  4 |  4 | 45400 | 30400
  0 |  4 |  4 | 55400 | 30400
(5 rows)

-- 2-hop =-const equivalence
-- Third hint is to show that when a JOIN doesn't care about the ordering of
-- the index scan, SAOP merge is not used.
-- Fourth hint is to show SAOP merge in a merge join.
-- Fifth hint is to show SAOP merge in the inner side of a merge join.
-- TODO(#29030): fifth hint should use SAOP merge.
\set query 'SELECT DISTINCT ON (r5n.r3, r5n.r4) parent.p1, r5n.r2, r5n.r3, parent.r3, r5n.n, parent.n FROM r5n JOIN parent ON r5n.r3 = parent.r3 WHERE parent.p1 = 9 AND r5n.r2 IN (3, 4, 5) LIMIT 5'
\set hint3 '/*+Leading((parent r5n)) Set(enable_parallel_append off) Set(yb_max_saop_merge_streams 64)*/'
\set hint4 '/*+MergeJoin(parent r5n) Set(enable_parallel_append off) Set(yb_max_saop_merge_streams 64)*/'
\set hint5 '/*+MergeJoin(parent r5n) Leading((parent r5n)) Set(enable_parallel_append off) Set(yb_max_saop_merge_streams 64)*/'
:explain5
                                                                                                                                                                                                                                                                                                                                                                                                                                                                                                                                                                                                                                                                                                                                                                                                                                                                                                                                                                                                                                                                                                                                                                                                                                                                                                                                                                                                                                                                                                                                                                                                                                                                                                                                                                                                                                                                                                                                                                                                                                                                                                                                                                                                                                                                                                                                                                                                                                                                                                                                                                                                                                                                                                                                                                                                                                                                                                                                                                                                                                                                                                                                                                                                        QUERY PLAN                                                                                                                                                                                                                                                                                                                                                                                                                                                                                                                                                                                                                                                                                                                                                                                                                                                                                                                                                                                                                                                                                                                                                                                                                                                                                                                                                                                                                                                                                                                                                                                                                                                                                                                                                                                                                                                                                                                                                                                                                                                                                                                                                                                                                                                                                                                                                                                                                                                                                                                                                                                                                                                                                                                                                                                                                                                                                                                                                                                                                                                                                                                                                                                                        
--------------------------------------------------------------------------------------------------------------------------------------------------------------------------------------------------------------------------------------------------------------------------------------------------------------------------------------------------------------------------------------------------------------------------------------------------------------------------------------------------------------------------------------------------------------------------------------------------------------------------------------------------------------------------------------------------------------------------------------------------------------------------------------------------------------------------------------------------------------------------------------------------------------------------------------------------------------------------------------------------------------------------------------------------------------------------------------------------------------------------------------------------------------------------------------------------------------------------------------------------------------------------------------------------------------------------------------------------------------------------------------------------------------------------------------------------------------------------------------------------------------------------------------------------------------------------------------------------------------------------------------------------------------------------------------------------------------------------------------------------------------------------------------------------------------------------------------------------------------------------------------------------------------------------------------------------------------------------------------------------------------------------------------------------------------------------------------------------------------------------------------------------------------------------------------------------------------------------------------------------------------------------------------------------------------------------------------------------------------------------------------------------------------------------------------------------------------------------------------------------------------------------------------------------------------------------------------------------------------------------------------------------------------------------------------------------------------------------------------------------------------------------------------------------------------------------------------------------------------------------------------------------------------------------------------------------------------------------------------------------------------------------------------------------------------------------------------------------------------------------------------------------------------------------------------------------------------------------------------------------------------------------------------------------------------------------------------------------------------------------------------------------------------------------------------------------------------------------------------------------------------------------------------------------------------------------------------------------------------------------------------------------------------------------------------------------------------------------------------------------------------------------------------------------------------------------------------------------------------------------------------------------------------------------------------------------------------------------------------------------------------------------------------------------------------------------------------------------------------------------------------------------------------------------------------------------------------------------------------------------------------------------------------------------------------------------------------------------------------------------------------------------------------------------------------------------------------------------------------------------------------------------------------------------------------------------------------------------------------------------------------------------------------------------------------------------------------------------------------------------------------------------------------------------------------------------------------------------------------------------------------------------------------------------------------------------------------------------------------------------------------------------------------------------------------------------------------------------------------------------------------------------------------------------------------------------------------------------------------------------------------------------------------------------------------------------------------------------------------------------------------------------------------------------------------------------------------------------------------------------------------------------------------------------------------------------------------------------------------------------------------------------------------------------------------------------------------------------------------------------------------------------------------------------------------------------------------------------------------------------------------------------------------------------------------------------------------------------------------------------------------------------------------------------------------------------------------------------------------------------------------------------------------------------------------------------------------------------------------------------------------------------------------------------------------------------------------------------------------------------------------------------------------------------
 Limit (actual rows=5 loops=1)
   Output: parent.p1, r5n.r2, r5n.r3, parent.r3, r5n.n, parent.n, r5n.r4
   ->  Unique (actual rows=5 loops=1)
         Output: parent.p1, r5n.r2, r5n.r3, parent.r3, r5n.n, parent.n, r5n.r4
         ->  Sort (actual rows=2547 loops=1)
               Output: parent.p1, r5n.r2, r5n.r3, parent.r3, r5n.n, parent.n, r5n.r4
               Sort Key: r5n.r3, r5n.r4
               Sort Method: external merge
               ->  YB Batched Nested Loop Join (actual rows=73863 loops=1)
                     Output: parent.p1, r5n.r2, r5n.r3, parent.r3, r5n.n, parent.n, r5n.r4
                     Join Filter: (r5n.r3 = parent.r3)
                     ->  Index Scan using child3_pkey on public.child3 parent (actual rows=489 loops=1)
                           Output: parent.p1, parent.r3, parent.n
                           Index Cond: (parent.p1 = 9)
                           Storage Table Read Requests: 1
                           Storage Table Read Ops: 1
                           Storage Table Rows Scanned: 489
                     ->  Index Scan using r5n_expr_r2_r3_r4_idx on public.r5n (actual rows=1512 loops=1)
                           Output: r5n.r2, r5n.r3, r5n.n, r5n.r4
                           Index Cond: ((r5n.r3 = ANY (ARRAY[parent.r3, $1, $2, $3, $4, $5, $6, $7, $8, $9, $10, $11, $12, $13, $14, $15, $16, $17, $18, $19, $20, $21, $22, $23, $24, $25, $26, $27, $28, $29, $30, $31, $32, $33, $34, $35, $36, $37, $38, $39, $40, $41, $42, $43, $44, $45, $46, $47, $48, $49, $50, $51, $52, $53, $54, $55, $56, $57, $58, $59, $60, $61, $62, $63, $64, $65, $66, $67, $68, $69, $70, $71, $72, $73, $74, $75, $76, $77, $78, $79, $80, $81, $82, $83, $84, $85, $86, $87, $88, $89, $90, $91, $92, $93, $94, $95, $96, $97, $98, $99, $100, $101, $102, $103, $104, $105, $106, $107, $108, $109, $110, $111, $112, $113, $114, $115, $116, $117, $118, $119, $120, $121, $122, $123, $124, $125, $126, $127, $128, $129, $130, $131, $132, $133, $134, $135, $136, $137, $138, $139, $140, $141, $142, $143, $144, $145, $146, $147, $148, $149, $150, $151, $152, $153, $154, $155, $156, $157, $158, $159, $160, $161, $162, $163, $164, $165, $166, $167, $168, $169, $170, $171, $172, $173, $174, $175, $176, $177, $178, $179, $180, $181, $182, $183, $184, $185, $186, $187, $188, $189, $190, $191, $192, $193, $194, $195, $196, $197, $198, $199, $200, $201, $202, $203, $204, $205, $206, $207, $208, $209, $210, $211, $212, $213, $214, $215, $216, $217, $218, $219, $220, $221, $222, $223, $224, $225, $226, $227, $228, $229, $230, $231, $232, $233, $234, $235, $236, $237, $238, $239, $240, $241, $242, $243, $244, $245, $246, $247, $248, $249, $250, $251, $252, $253, $254, $255, $256, $257, $258, $259, $260, $261, $262, $263, $264, $265, $266, $267, $268, $269, $270, $271, $272, $273, $274, $275, $276, $277, $278, $279, $280, $281, $282, $283, $284, $285, $286, $287, $288, $289, $290, $291, $292, $293, $294, $295, $296, $297, $298, $299, $300, $301, $302, $303, $304, $305, $306, $307, $308, $309, $310, $311, $312, $313, $314, $315, $316, $317, $318, $319, $320, $321, $322, $323, $324, $325, $326, $327, $328, $329, $330, $331, $332, $333, $334, $335, $336, $337, $338, $339, $340, $341, $342, $343, $344, $345, $346, $347, $348, $349, $350, $351, $352, $353, $354, $355, $356, $357, $358, $359, $360, $361, $362, $363, $364, $365, $366, $367, $368, $369, $370, $371, $372, $373, $374, $375, $376, $377, $378, $379, $380, $381, $382, $383, $384, $385, $386, $387, $388, $389, $390, $391, $392, $393, $394, $395, $396, $397, $398, $399, $400, $401, $402, $403, $404, $405, $406, $407, $408, $409, $410, $411, $412, $413, $414, $415, $416, $417, $418, $419, $420, $421, $422, $423, $424, $425, $426, $427, $428, $429, $430, $431, $432, $433, $434, $435, $436, $437, $438, $439, $440, $441, $442, $443, $444, $445, $446, $447, $448, $449, $450, $451, $452, $453, $454, $455, $456, $457, $458, $459, $460, $461, $462, $463, $464, $465, $466, $467, $468, $469, $470, $471, $472, $473, $474, $475, $476, $477, $478, $479, $480, $481, $482, $483, $484, $485, $486, $487, $488, $489, $490, $491, $492, $493, $494, $495, $496, $497, $498, $499, $500, $501, $502, $503, $504, $505, $506, $507, $508, $509, $510, $511, $512, $513, $514, $515, $516, $517, $518, $519, $520, $521, $522, $523, $524, $525, $526, $527, $528, $529, $530, $531, $532, $533, $534, $535, $536, $537, $538, $539, $540, $541, $542, $543, $544, $545, $546, $547, $548, $549, $550, $551, $552, $553, $554, $555, $556, $557, $558, $559, $560, $561, $562, $563, $564, $565, $566, $567, $568, $569, $570, $571, $572, $573, $574, $575, $576, $577, $578, $579, $580, $581, $582, $583, $584, $585, $586, $587, $588, $589, $590, $591, $592, $593, $594, $595, $596, $597, $598, $599, $600, $601, $602, $603, $604, $605, $606, $607, $608, $609, $610, $611, $612, $613, $614, $615, $616, $617, $618, $619, $620, $621, $622, $623, $624, $625, $626, $627, $628, $629, $630, $631, $632, $633, $634, $635, $636, $637, $638, $639, $640, $641, $642, $643, $644, $645, $646, $647, $648, $649, $650, $651, $652, $653, $654, $655, $656, $657, $658, $659, $660, $661, $662, $663, $664, $665, $666, $667, $668, $669, $670, $671, $672, $673, $674, $675, $676, $677, $678, $679, $680, $681, $682, $683, $684, $685, $686, $687, $688, $689, $690, $691, $692, $693, $694, $695, $696, $697, $698, $699, $700, $701, $702, $703, $704, $705, $706, $707, $708, $709, $710, $711, $712, $713, $714, $715, $716, $717, $718, $719, $720, $721, $722, $723, $724, $725, $726, $727, $728, $729, $730, $731, $732, $733, $734, $735, $736, $737, $738, $739, $740, $741, $742, $743, $744, $745, $746, $747, $748, $749, $750, $751, $752, $753, $754, $755, $756, $757, $758, $759, $760, $761, $762, $763, $764, $765, $766, $767, $768, $769, $770, $771, $772, $773, $774, $775, $776, $777, $778, $779, $780, $781, $782, $783, $784, $785, $786, $787, $788, $789, $790, $791, $792, $793, $794, $795, $796, $797, $798, $799, $800, $801, $802, $803, $804, $805, $806, $807, $808, $809, $810, $811, $812, $813, $814, $815, $816, $817, $818, $819, $820, $821, $822, $823, $824, $825, $826, $827, $828, $829, $830, $831, $832, $833, $834, $835, $836, $837, $838, $839, $840, $841, $842, $843, $844, $845, $846, $847, $848, $849, $850, $851, $852, $853, $854, $855, $856, $857, $858, $859, $860, $861, $862, $863, $864, $865, $866, $867, $868, $869, $870, $871, $872, $873, $874, $875, $876, $877, $878, $879, $880, $881, $882, $883, $884, $885, $886, $887, $888, $889, $890, $891, $892, $893, $894, $895, $896, $897, $898, $899, $900, $901, $902, $903, $904, $905, $906, $907, $908, $909, $910, $911, $912, $913, $914, $915, $916, $917, $918, $919, $920, $921, $922, $923, $924, $925, $926, $927, $928, $929, $930, $931, $932, $933, $934, $935, $936, $937, $938, $939, $940, $941, $942, $943, $944, $945, $946, $947, $948, $949, $950, $951, $952, $953, $954, $955, $956, $957, $958, $959, $960, $961, $962, $963, $964, $965, $966, $967, $968, $969, $970, $971, $972, $973, $974, $975, $976, $977, $978, $979, $980, $981, $982, $983, $984, $985, $986, $987, $988, $989, $990, $991, $992, $993, $994, $995, $996, $997, $998, $999, $1000, $1001, $1002, $1003, $1004, $1005, $1006, $1007, $1008, $1009, $1010, $1011, $1012, $1013, $1014, $1015, $1016, $1017, $1018, $1019, $1020, $1021, $1022, $1023])) AND (r5n.r2 = ANY ('{3,4,5}'::bigint[])))
                           Storage Table Read Requests: 3
                           Storage Table Read Ops: 12
                           Storage Table Rows Scanned: 1512
                           Storage Index Read Requests: 2
                           Storage Index Read Ops: 7
                           Storage Index Rows Scanned: 1512
(26 rows)

                                                                      QUERY PLAN                                                                      
------------------------------------------------------------------------------------------------------------------------------------------------------
 Limit (actual rows=5 loops=1)
   Output: parent.p1, r5n.r2, r5n.r3, parent.r3, r5n.n, parent.n, r5n.r4
   ->  Unique (actual rows=5 loops=1)
         Output: parent.p1, r5n.r2, r5n.r3, parent.r3, r5n.n, parent.n, r5n.r4
         ->  Nested Loop (actual rows=2547 loops=1)
               Output: parent.p1, r5n.r2, r5n.r3, parent.r3, r5n.n, parent.n, r5n.r4
               ->  Index Scan using r5n_expr_r2_r3_r4_idx on public.r5n (actual rows=68 loops=1)
                     Output: r5n.r2, r5n.r3, r5n.n, r5n.r4
                     Index Cond: ((r5n.r2 = ANY ('{3,4,5}'::bigint[])) AND ((yb_hash_code(r5n.r2, r5n.r3, r5n.r4) % 3) = ANY ('{0,1,2}'::integer[])))
                     Merge Sort Key: r5n.r3, r5n.r4
                     Merge Stream Key: (yb_hash_code(r5n.r2, r5n.r3, r5n.r4) % 3), r5n.r2
                     Merge Streams: 9
                     Merge Cond: (((yb_hash_code(r5n.r2, r5n.r3, r5n.r4) % 3) = ANY ('{0,1,2}'::integer[])) AND (r5n.r2 = ANY ('{3,4,5}'::bigint[])))
                     Storage Table Read Requests: 2
                     Storage Table Read Ops: 8
                     Storage Table Rows Scanned: 1512
                     Storage Index Read Requests: 2
                     Storage Index Read Ops: 18
                     Storage Index Rows Scanned: 1512
               ->  Memoize (actual rows=37 loops=68)
                     Output: parent.p1, parent.r3, parent.n
                     Cache Key: r5n.r3
                     Cache Mode: logical
                     ->  Index Scan using child3_expr_r2_r3_idx on public.child3 parent (actual rows=38 loops=1)
                           Output: parent.p1, parent.r3, parent.n
                           Index Cond: (parent.r3 = r5n.r3)
                           Storage Filter: (parent.p1 = 9)
                           Storage Table Read Requests: 8
                           Storage Table Read Ops: 8
                           Storage Table Rows Scanned: 127
                           Storage Index Read Requests: 2
                           Storage Index Read Ops: 10
                           Storage Index Rows Scanned: 127
(33 rows)

                                                                                                                                                                                                                                                                                                                                                                                                                                                                                                                                                                                                                                                                                                                                                                                                                                                                                                                                                                                                                                                                                                                                                                                                                                                                                                                                                                                                                                                                                                                                                                                                                                                                                                                                                                                                                                                                                                                                                                                                                                                                                                                                                                                                                                                                                                                                                                                                                                                                                                                                                                                                                                                                                                                                                                                                                                                                                                                                                                                                                                                                                                                                                                                                        QUERY PLAN                                                                                                                                                                                                                                                                                                                                                                                                                                                                                                                                                                                                                                                                                                                                                                                                                                                                                                                                                                                                                                                                                                                                                                                                                                                                                                                                                                                                                                                                                                                                                                                                                                                                                                                                                                                                                                                                                                                                                                                                                                                                                                                                                                                                                                                                                                                                                                                                                                                                                                                                                                                                                                                                                                                                                                                                                                                                                                                                                                                                                                                                                                                                                                                                        
--------------------------------------------------------------------------------------------------------------------------------------------------------------------------------------------------------------------------------------------------------------------------------------------------------------------------------------------------------------------------------------------------------------------------------------------------------------------------------------------------------------------------------------------------------------------------------------------------------------------------------------------------------------------------------------------------------------------------------------------------------------------------------------------------------------------------------------------------------------------------------------------------------------------------------------------------------------------------------------------------------------------------------------------------------------------------------------------------------------------------------------------------------------------------------------------------------------------------------------------------------------------------------------------------------------------------------------------------------------------------------------------------------------------------------------------------------------------------------------------------------------------------------------------------------------------------------------------------------------------------------------------------------------------------------------------------------------------------------------------------------------------------------------------------------------------------------------------------------------------------------------------------------------------------------------------------------------------------------------------------------------------------------------------------------------------------------------------------------------------------------------------------------------------------------------------------------------------------------------------------------------------------------------------------------------------------------------------------------------------------------------------------------------------------------------------------------------------------------------------------------------------------------------------------------------------------------------------------------------------------------------------------------------------------------------------------------------------------------------------------------------------------------------------------------------------------------------------------------------------------------------------------------------------------------------------------------------------------------------------------------------------------------------------------------------------------------------------------------------------------------------------------------------------------------------------------------------------------------------------------------------------------------------------------------------------------------------------------------------------------------------------------------------------------------------------------------------------------------------------------------------------------------------------------------------------------------------------------------------------------------------------------------------------------------------------------------------------------------------------------------------------------------------------------------------------------------------------------------------------------------------------------------------------------------------------------------------------------------------------------------------------------------------------------------------------------------------------------------------------------------------------------------------------------------------------------------------------------------------------------------------------------------------------------------------------------------------------------------------------------------------------------------------------------------------------------------------------------------------------------------------------------------------------------------------------------------------------------------------------------------------------------------------------------------------------------------------------------------------------------------------------------------------------------------------------------------------------------------------------------------------------------------------------------------------------------------------------------------------------------------------------------------------------------------------------------------------------------------------------------------------------------------------------------------------------------------------------------------------------------------------------------------------------------------------------------------------------------------------------------------------------------------------------------------------------------------------------------------------------------------------------------------------------------------------------------------------------------------------------------------------------------------------------------------------------------------------------------------------------------------------------------------------------------------------------------------------------------------------------------------------------------------------------------------------------------------------------------------------------------------------------------------------------------------------------------------------------------------------------------------------------------------------------------------------------------------------------------------------------------------------------------------------------------------------------------------------------------------------------------------------------------------------------------
 Limit (actual rows=5 loops=1)
   Output: parent.p1, r5n.r2, r5n.r3, parent.r3, r5n.n, parent.n, r5n.r4
   ->  Unique (actual rows=5 loops=1)
         Output: parent.p1, r5n.r2, r5n.r3, parent.r3, r5n.n, parent.n, r5n.r4
         ->  Sort (actual rows=2547 loops=1)
               Output: parent.p1, r5n.r2, r5n.r3, parent.r3, r5n.n, parent.n, r5n.r4
               Sort Key: r5n.r3, r5n.r4
               Sort Method: external merge
               ->  YB Batched Nested Loop Join (actual rows=73863 loops=1)
                     Output: parent.p1, r5n.r2, r5n.r3, parent.r3, r5n.n, parent.n, r5n.r4
                     Join Filter: (r5n.r3 = parent.r3)
                     ->  Index Scan using child3_pkey on public.child3 parent (actual rows=489 loops=1)
                           Output: parent.p1, parent.r3, parent.n
                           Index Cond: (parent.p1 = 9)
                           Storage Table Read Requests: 1
                           Storage Table Read Ops: 1
                           Storage Table Rows Scanned: 489
                     ->  Index Scan using r5n_expr_r2_r3_r4_idx on public.r5n (actual rows=1512 loops=1)
                           Output: r5n.r2, r5n.r3, r5n.n, r5n.r4
                           Index Cond: ((r5n.r3 = ANY (ARRAY[parent.r3, $1, $2, $3, $4, $5, $6, $7, $8, $9, $10, $11, $12, $13, $14, $15, $16, $17, $18, $19, $20, $21, $22, $23, $24, $25, $26, $27, $28, $29, $30, $31, $32, $33, $34, $35, $36, $37, $38, $39, $40, $41, $42, $43, $44, $45, $46, $47, $48, $49, $50, $51, $52, $53, $54, $55, $56, $57, $58, $59, $60, $61, $62, $63, $64, $65, $66, $67, $68, $69, $70, $71, $72, $73, $74, $75, $76, $77, $78, $79, $80, $81, $82, $83, $84, $85, $86, $87, $88, $89, $90, $91, $92, $93, $94, $95, $96, $97, $98, $99, $100, $101, $102, $103, $104, $105, $106, $107, $108, $109, $110, $111, $112, $113, $114, $115, $116, $117, $118, $119, $120, $121, $122, $123, $124, $125, $126, $127, $128, $129, $130, $131, $132, $133, $134, $135, $136, $137, $138, $139, $140, $141, $142, $143, $144, $145, $146, $147, $148, $149, $150, $151, $152, $153, $154, $155, $156, $157, $158, $159, $160, $161, $162, $163, $164, $165, $166, $167, $168, $169, $170, $171, $172, $173, $174, $175, $176, $177, $178, $179, $180, $181, $182, $183, $184, $185, $186, $187, $188, $189, $190, $191, $192, $193, $194, $195, $196, $197, $198, $199, $200, $201, $202, $203, $204, $205, $206, $207, $208, $209, $210, $211, $212, $213, $214, $215, $216, $217, $218, $219, $220, $221, $222, $223, $224, $225, $226, $227, $228, $229, $230, $231, $232, $233, $234, $235, $236, $237, $238, $239, $240, $241, $242, $243, $244, $245, $246, $247, $248, $249, $250, $251, $252, $253, $254, $255, $256, $257, $258, $259, $260, $261, $262, $263, $264, $265, $266, $267, $268, $269, $270, $271, $272, $273, $274, $275, $276, $277, $278, $279, $280, $281, $282, $283, $284, $285, $286, $287, $288, $289, $290, $291, $292, $293, $294, $295, $296, $297, $298, $299, $300, $301, $302, $303, $304, $305, $306, $307, $308, $309, $310, $311, $312, $313, $314, $315, $316, $317, $318, $319, $320, $321, $322, $323, $324, $325, $326, $327, $328, $329, $330, $331, $332, $333, $334, $335, $336, $337, $338, $339, $340, $341, $342, $343, $344, $345, $346, $347, $348, $349, $350, $351, $352, $353, $354, $355, $356, $357, $358, $359, $360, $361, $362, $363, $364, $365, $366, $367, $368, $369, $370, $371, $372, $373, $374, $375, $376, $377, $378, $379, $380, $381, $382, $383, $384, $385, $386, $387, $388, $389, $390, $391, $392, $393, $394, $395, $396, $397, $398, $399, $400, $401, $402, $403, $404, $405, $406, $407, $408, $409, $410, $411, $412, $413, $414, $415, $416, $417, $418, $419, $420, $421, $422, $423, $424, $425, $426, $427, $428, $429, $430, $431, $432, $433, $434, $435, $436, $437, $438, $439, $440, $441, $442, $443, $444, $445, $446, $447, $448, $449, $450, $451, $452, $453, $454, $455, $456, $457, $458, $459, $460, $461, $462, $463, $464, $465, $466, $467, $468, $469, $470, $471, $472, $473, $474, $475, $476, $477, $478, $479, $480, $481, $482, $483, $484, $485, $486, $487, $488, $489, $490, $491, $492, $493, $494, $495, $496, $497, $498, $499, $500, $501, $502, $503, $504, $505, $506, $507, $508, $509, $510, $511, $512, $513, $514, $515, $516, $517, $518, $519, $520, $521, $522, $523, $524, $525, $526, $527, $528, $529, $530, $531, $532, $533, $534, $535, $536, $537, $538, $539, $540, $541, $542, $543, $544, $545, $546, $547, $548, $549, $550, $551, $552, $553, $554, $555, $556, $557, $558, $559, $560, $561, $562, $563, $564, $565, $566, $567, $568, $569, $570, $571, $572, $573, $574, $575, $576, $577, $578, $579, $580, $581, $582, $583, $584, $585, $586, $587, $588, $589, $590, $591, $592, $593, $594, $595, $596, $597, $598, $599, $600, $601, $602, $603, $604, $605, $606, $607, $608, $609, $610, $611, $612, $613, $614, $615, $616, $617, $618, $619, $620, $621, $622, $623, $624, $625, $626, $627, $628, $629, $630, $631, $632, $633, $634, $635, $636, $637, $638, $639, $640, $641, $642, $643, $644, $645, $646, $647, $648, $649, $650, $651, $652, $653, $654, $655, $656, $657, $658, $659, $660, $661, $662, $663, $664, $665, $666, $667, $668, $669, $670, $671, $672, $673, $674, $675, $676, $677, $678, $679, $680, $681, $682, $683, $684, $685, $686, $687, $688, $689, $690, $691, $692, $693, $694, $695, $696, $697, $698, $699, $700, $701, $702, $703, $704, $705, $706, $707, $708, $709, $710, $711, $712, $713, $714, $715, $716, $717, $718, $719, $720, $721, $722, $723, $724, $725, $726, $727, $728, $729, $730, $731, $732, $733, $734, $735, $736, $737, $738, $739, $740, $741, $742, $743, $744, $745, $746, $747, $748, $749, $750, $751, $752, $753, $754, $755, $756, $757, $758, $759, $760, $761, $762, $763, $764, $765, $766, $767, $768, $769, $770, $771, $772, $773, $774, $775, $776, $777, $778, $779, $780, $781, $782, $783, $784, $785, $786, $787, $788, $789, $790, $791, $792, $793, $794, $795, $796, $797, $798, $799, $800, $801, $802, $803, $804, $805, $806, $807, $808, $809, $810, $811, $812, $813, $814, $815, $816, $817, $818, $819, $820, $821, $822, $823, $824, $825, $826, $827, $828, $829, $830, $831, $832, $833, $834, $835, $836, $837, $838, $839, $840, $841, $842, $843, $844, $845, $846, $847, $848, $849, $850, $851, $852, $853, $854, $855, $856, $857, $858, $859, $860, $861, $862, $863, $864, $865, $866, $867, $868, $869, $870, $871, $872, $873, $874, $875, $876, $877, $878, $879, $880, $881, $882, $883, $884, $885, $886, $887, $888, $889, $890, $891, $892, $893, $894, $895, $896, $897, $898, $899, $900, $901, $902, $903, $904, $905, $906, $907, $908, $909, $910, $911, $912, $913, $914, $915, $916, $917, $918, $919, $920, $921, $922, $923, $924, $925, $926, $927, $928, $929, $930, $931, $932, $933, $934, $935, $936, $937, $938, $939, $940, $941, $942, $943, $944, $945, $946, $947, $948, $949, $950, $951, $952, $953, $954, $955, $956, $957, $958, $959, $960, $961, $962, $963, $964, $965, $966, $967, $968, $969, $970, $971, $972, $973, $974, $975, $976, $977, $978, $979, $980, $981, $982, $983, $984, $985, $986, $987, $988, $989, $990, $991, $992, $993, $994, $995, $996, $997, $998, $999, $1000, $1001, $1002, $1003, $1004, $1005, $1006, $1007, $1008, $1009, $1010, $1011, $1012, $1013, $1014, $1015, $1016, $1017, $1018, $1019, $1020, $1021, $1022, $1023])) AND (r5n.r2 = ANY ('{3,4,5}'::bigint[])))
                           Storage Table Read Requests: 3
                           Storage Table Read Ops: 12
                           Storage Table Rows Scanned: 1512
                           Storage Index Read Requests: 2
                           Storage Index Read Ops: 7
                           Storage Index Rows Scanned: 1512
(26 rows)

                                                                      QUERY PLAN                                                                      
------------------------------------------------------------------------------------------------------------------------------------------------------
 Limit (actual rows=5 loops=1)
   Output: parent.p1, r5n.r2, r5n.r3, parent.r3, r5n.n, parent.n, r5n.r4
   ->  Unique (actual rows=5 loops=1)
         Output: parent.p1, r5n.r2, r5n.r3, parent.r3, r5n.n, parent.n, r5n.r4
         ->  Merge Join (actual rows=2547 loops=1)
               Output: parent.p1, r5n.r2, r5n.r3, parent.r3, r5n.n, parent.n, r5n.r4
               Merge Cond: (r5n.r3 = parent.r3)
               ->  Index Scan using r5n_expr_r2_r3_r4_idx on public.r5n (actual rows=68 loops=1)
                     Output: r5n.r2, r5n.r3, r5n.n, r5n.r4
                     Index Cond: ((r5n.r2 = ANY ('{3,4,5}'::bigint[])) AND ((yb_hash_code(r5n.r2, r5n.r3, r5n.r4) % 3) = ANY ('{0,1,2}'::integer[])))
                     Merge Sort Key: r5n.r3, r5n.r4
                     Merge Stream Key: (yb_hash_code(r5n.r2, r5n.r3, r5n.r4) % 3), r5n.r2
                     Merge Streams: 9
                     Merge Cond: (((yb_hash_code(r5n.r2, r5n.r3, r5n.r4) % 3) = ANY ('{0,1,2}'::integer[])) AND (r5n.r2 = ANY ('{3,4,5}'::bigint[])))
                     Storage Table Read Requests: 2
                     Storage Table Read Ops: 8
                     Storage Table Rows Scanned: 1512
                     Storage Index Read Requests: 2
                     Storage Index Read Ops: 18
                     Storage Index Rows Scanned: 1512
               ->  Sort (actual rows=2547 loops=1)
                     Output: parent.p1, parent.r3, parent.n
                     Sort Key: parent.r3
                     Sort Method: quicksort
                     ->  Index Scan using child3_pkey on public.child3 parent (actual rows=489 loops=1)
                           Output: parent.p1, parent.r3, parent.n
                           Index Cond: (parent.p1 = 9)
                           Storage Table Read Requests: 1
                           Storage Table Read Ops: 1
                           Storage Table Rows Scanned: 489
(30 rows)

                                                  QUERY PLAN                                                  
--------------------------------------------------------------------------------------------------------------
 Limit (actual rows=5 loops=1)
   Output: parent.p1, r5n.r2, r5n.r3, parent.r3, r5n.n, parent.n, r5n.r4
   ->  Unique (actual rows=5 loops=1)
         Output: parent.p1, r5n.r2, r5n.r3, parent.r3, r5n.n, parent.n, r5n.r4
         ->  Sort (actual rows=2547 loops=1)
               Output: parent.p1, r5n.r2, r5n.r3, parent.r3, r5n.n, parent.n, r5n.r4
               Sort Key: r5n.r3, r5n.r4
               Sort Method: external merge
               ->  Merge Join (actual rows=73863 loops=1)
                     Output: parent.p1, r5n.r2, r5n.r3, parent.r3, r5n.n, parent.n, r5n.r4
                     Merge Cond: (parent.r3 = r5n.r3)
                     ->  Sort (actual rows=489 loops=1)
                           Output: parent.p1, parent.r3, parent.n
                           Sort Key: parent.r3
                           Sort Method: quicksort
                           ->  Index Scan using child3_pkey on public.child3 parent (actual rows=489 loops=1)
                                 Output: parent.p1, parent.r3, parent.n
                                 Index Cond: (parent.p1 = 9)
                                 Storage Table Read Requests: 1
                                 Storage Table Read Ops: 1
                                 Storage Table Rows Scanned: 489
                     ->  Sort (actual rows=73811 loops=1)
                           Output: r5n.r2, r5n.r3, r5n.n, r5n.r4
                           Sort Key: r5n.r3
                           Sort Method: quicksort
                           ->  Index Scan using r5n_pkey on public.r5n (actual rows=1512 loops=1)
                                 Output: r5n.r2, r5n.r3, r5n.n, r5n.r4
                                 Index Cond: (r5n.r2 = ANY ('{3,4,5}'::bigint[]))
                                 Storage Table Read Requests: 3
                                 Storage Table Read Ops: 9
                                 Storage Table Rows Scanned: 1512
(31 rows)

