--
-- YB Bitmap Scans on a Colocated DB (bitmap index scans + YB bitmap table scans)
--
CREATE DATABASE colo WITH colocation = true;
\c colo;
SET yb_explain_hide_non_deterministic_fields = true;
SET yb_enable_bitmapscan = true;
SET enable_bitmapscan = true;
CREATE TABLE simple (k INT PRIMARY KEY, ind_a INT, ind_b INT);
INSERT INTO simple SELECT i, i * 2, i * 3 FROM generate_series(1, 10) i;
CREATE INDEX ON simple(ind_a ASC);
CREATE INDEX ON simple(ind_b ASC);
/*+ BitmapScan(simple) */ EXPLAIN (ANALYZE, COSTS OFF, SUMMARY OFF)
SELECT * FROM simple WHERE k = 1;
                           QUERY PLAN
----------------------------------------------------------------
 YB Bitmap Table Scan on simple (actual rows=1 loops=1)
   ->  Bitmap Index Scan on simple_pkey (actual rows=1 loops=1)
         Index Cond: (k = 1)
(3 rows)

/*+ BitmapScan(simple) */
SELECT * FROM simple WHERE k = 1;
 k | ind_a | ind_b
---+-------+-------
 1 |     2 |     3
(1 row)

/*+ BitmapScan(simple) */ EXPLAIN (ANALYZE, COSTS OFF, SUMMARY OFF)
SELECT * FROM simple WHERE ind_a < 5 ORDER BY k;
                                QUERY PLAN
---------------------------------------------------------------------------
 Sort (actual rows=2 loops=1)
   Sort Key: k
   Sort Method: quicksort
   ->  YB Bitmap Table Scan on simple (actual rows=2 loops=1)
         ->  Bitmap Index Scan on simple_ind_a_idx (actual rows=2 loops=1)
               Index Cond: (ind_a < 5)
(6 rows)

/*+ BitmapScan(simple) */
SELECT * FROM simple WHERE ind_a < 5 ORDER BY k;
 k | ind_a | ind_b
---+-------+-------
 1 |     2 |     3
 2 |     4 |     6
(2 rows)

/*+ BitmapScan(simple) */ EXPLAIN (ANALYZE, COSTS OFF, SUMMARY OFF)
SELECT * FROM simple WHERE ind_a BETWEEN 2 AND 6 OR ind_b > 25 ORDER BY k;
                                   QUERY PLAN
---------------------------------------------------------------------------------
 Sort (actual rows=5 loops=1)
   Sort Key: k
   Sort Method: quicksort
   ->  YB Bitmap Table Scan on simple (actual rows=5 loops=1)
         ->  BitmapOr (actual rows=5 loops=1)
               ->  Bitmap Index Scan on simple_ind_a_idx (actual rows=3 loops=1)
                     Index Cond: ((ind_a >= 2) AND (ind_a <= 6))
               ->  Bitmap Index Scan on simple_ind_b_idx (actual rows=2 loops=1)
                     Index Cond: (ind_b > 25)
(9 rows)

/*+ BitmapScan(simple) */
SELECT * FROM simple WHERE ind_a BETWEEN 2 AND 6 OR ind_b > 25 ORDER BY k;
 k  | ind_a | ind_b
----+-------+-------
  1 |     2 |     3
  2 |     4 |     6
  3 |     6 |     9
  9 |    18 |    27
 10 |    20 |    30
(5 rows)

--
-- test cases where we could skip fetching the table rows (TODO: #22044)
--
-- this query does not need a recheck, so we don't need to fetch the rows for the COUNT(*)
/*+ BitmapScan(simple) */ EXPLAIN (ANALYZE, DIST, COSTS OFF, SUMMARY OFF)
SELECT COUNT(*) FROM simple WHERE ind_a = 2 OR ind_b < 10;
                                   QUERY PLAN
---------------------------------------------------------------------------------
 Finalize Aggregate (actual rows=1 loops=1)
   ->  YB Bitmap Table Scan on simple (actual rows=1 loops=1)
         Storage Table Read Requests: 1
         Storage Table Rows Scanned: 3
         Partial Aggregate: true
         ->  BitmapOr (actual rows=3 loops=1)
               ->  Bitmap Index Scan on simple_ind_a_idx (actual rows=1 loops=1)
                     Index Cond: (ind_a = 2)
                     Storage Table Rows Scanned: 1
                     Storage Index Read Requests: 1
                     Storage Index Rows Scanned: 1
               ->  Bitmap Index Scan on simple_ind_b_idx (actual rows=3 loops=1)
                     Index Cond: (ind_b < 10)
                     Storage Table Rows Scanned: 3
                     Storage Index Read Requests: 1
                     Storage Index Rows Scanned: 3
(16 rows)

/*+ BitmapScan(simple) */
SELECT COUNT(*) FROM simple WHERE ind_a = 2 OR ind_b < 10;
 count
-------
     3
(1 row)

-- when we require the rows, notice that the YB Bitmap Table Scan sends a table read request
/*+ BitmapScan(simple) */ EXPLAIN (ANALYZE, DIST, COSTS OFF, SUMMARY OFF)
SELECT * FROM simple WHERE ind_a = 2 OR ind_b < 10;
                                QUERY PLAN
---------------------------------------------------------------------------
 YB Bitmap Table Scan on simple (actual rows=3 loops=1)
   Storage Table Read Requests: 1
   Storage Table Rows Scanned: 3
   ->  BitmapOr (actual rows=3 loops=1)
         ->  Bitmap Index Scan on simple_ind_a_idx (actual rows=1 loops=1)
               Index Cond: (ind_a = 2)
               Storage Table Rows Scanned: 1
               Storage Index Read Requests: 1
               Storage Index Rows Scanned: 1
         ->  Bitmap Index Scan on simple_ind_b_idx (actual rows=3 loops=1)
               Index Cond: (ind_b < 10)
               Storage Table Rows Scanned: 3
               Storage Index Read Requests: 1
               Storage Index Rows Scanned: 3
(14 rows)

-- this query has a recheck condition, so we need to fetch the rows
/*+ BitmapScan(simple) Set(yb_enable_expression_pushdown false) */ EXPLAIN (ANALYZE, DIST, COSTS OFF, SUMMARY OFF)
SELECT COUNT(*) FROM simple WHERE ind_a = 2 OR (ind_b < 10 AND ind_b % 2 = 0);
                                   QUERY PLAN
---------------------------------------------------------------------------------
 Aggregate (actual rows=1 loops=1)
   ->  YB Bitmap Table Scan on simple (actual rows=2 loops=1)
         Filter: ((ind_a = 2) OR ((ind_b < 10) AND ((ind_b % 2) = 0)))
         Rows Removed by Filter: 1
         Storage Table Read Requests: 1
         Storage Table Rows Scanned: 3
         ->  BitmapOr (actual rows=3 loops=1)
               ->  Bitmap Index Scan on simple_ind_a_idx (actual rows=1 loops=1)
                     Index Cond: (ind_a = 2)
                     Storage Table Rows Scanned: 1
                     Storage Index Read Requests: 1
                     Storage Index Rows Scanned: 1
               ->  Bitmap Index Scan on simple_ind_b_idx (actual rows=3 loops=1)
                     Index Cond: (ind_b < 10)
                     Storage Table Rows Scanned: 3
                     Storage Index Read Requests: 1
                     Storage Index Rows Scanned: 3
(17 rows)

/*+ BitmapScan(test_skip) Set(yb_enable_expression_pushdown false) */
SELECT COUNT(*) FROM simple WHERE ind_a = 2 OR (ind_b < 10 AND ind_b % 2 = 0);
 count
-------
     2
(1 row)

-- when the expression can be pushed down, we don't need a recheck but we do
-- still need to send the request.
/*+ BitmapScan(simple) */ EXPLAIN (ANALYZE, DIST, COSTS OFF, SUMMARY OFF)
SELECT COUNT(*) FROM simple WHERE ind_a = 2 OR (ind_b < 10 AND ind_b % 2 = 0);
                                   QUERY PLAN
---------------------------------------------------------------------------------
 Finalize Aggregate (actual rows=1 loops=1)
   ->  YB Bitmap Table Scan on simple (actual rows=1 loops=1)
         Storage Table Read Requests: 1
         Storage Table Rows Scanned: 2
         Partial Aggregate: true
         ->  BitmapOr (actual rows=2 loops=1)
               ->  Bitmap Index Scan on simple_ind_a_idx (actual rows=1 loops=1)
                     Index Cond: (ind_a = 2)
                     Storage Table Rows Scanned: 1
                     Storage Index Read Requests: 1
                     Storage Index Rows Scanned: 1
               ->  Bitmap Index Scan on simple_ind_b_idx (actual rows=1 loops=1)
                     Index Cond: (ind_b < 10)
                     Storage Index Filter: ((ind_b % 2) = 0)
                     Storage Table Rows Scanned: 3
                     Storage Index Read Requests: 1
                     Storage Index Rows Scanned: 3
(17 rows)

/*+ BitmapScan(simple) */
SELECT COUNT(*) FROM simple WHERE ind_a = 2 OR (ind_b < 10 AND ind_b % 2 = 0);
 count
-------
     2
(1 row)

-- other aggregates may require the rows
/*+ BitmapScan(simple) */ EXPLAIN (ANALYZE, DIST, COSTS OFF, SUMMARY OFF)
SELECT SUM(ind_a) FROM simple WHERE ind_a = 2 OR (ind_b < 10 AND ind_b % 2 = 0);
                                   QUERY PLAN
---------------------------------------------------------------------------------
 Finalize Aggregate (actual rows=1 loops=1)
   ->  YB Bitmap Table Scan on simple (actual rows=1 loops=1)
         Storage Table Read Requests: 1
         Storage Table Rows Scanned: 2
         Partial Aggregate: true
         ->  BitmapOr (actual rows=2 loops=1)
               ->  Bitmap Index Scan on simple_ind_a_idx (actual rows=1 loops=1)
                     Index Cond: (ind_a = 2)
                     Storage Table Rows Scanned: 1
                     Storage Index Read Requests: 1
                     Storage Index Rows Scanned: 1
               ->  Bitmap Index Scan on simple_ind_b_idx (actual rows=1 loops=1)
                     Index Cond: (ind_b < 10)
                     Storage Index Filter: ((ind_b % 2) = 0)
                     Storage Table Rows Scanned: 3
                     Storage Index Read Requests: 1
                     Storage Index Rows Scanned: 3
(17 rows)

/*+ BitmapScan(simple) */
SELECT SUM(ind_a) FROM simple WHERE ind_a = 2 OR (ind_b < 10 AND ind_b % 2 = 0);
 sum
-----
   6
(1 row)

/*+ BitmapScan(simple) */ EXPLAIN (ANALYZE, DIST, COSTS OFF, SUMMARY OFF)
SELECT MAX(ind_a) FROM simple WHERE ind_a = 2 OR (ind_b < 10 AND ind_b % 2 = 0);
                                   QUERY PLAN
---------------------------------------------------------------------------------
 Finalize Aggregate (actual rows=1 loops=1)
   ->  YB Bitmap Table Scan on simple (actual rows=1 loops=1)
         Storage Table Read Requests: 1
         Storage Table Rows Scanned: 2
         Partial Aggregate: true
         ->  BitmapOr (actual rows=2 loops=1)
               ->  Bitmap Index Scan on simple_ind_a_idx (actual rows=1 loops=1)
                     Index Cond: (ind_a = 2)
                     Storage Table Rows Scanned: 1
                     Storage Index Read Requests: 1
                     Storage Index Rows Scanned: 1
               ->  Bitmap Index Scan on simple_ind_b_idx (actual rows=1 loops=1)
                     Index Cond: (ind_b < 10)
                     Storage Index Filter: ((ind_b % 2) = 0)
                     Storage Table Rows Scanned: 3
                     Storage Index Read Requests: 1
                     Storage Index Rows Scanned: 3
(17 rows)

/*+ BitmapScan(simple) */
SELECT MAX(ind_a) FROM simple WHERE ind_a = 2 OR (ind_b < 10 AND ind_b % 2 = 0);
 max
-----
   4
(1 row)

-- when we don't need the actual value, we can avoid fetching
/*+ BitmapScan(simple) */ EXPLAIN (ANALYZE, DIST, COSTS OFF, SUMMARY OFF)
SELECT 1 FROM simple WHERE ind_a = 2 OR (ind_b < 10 AND ind_b % 2 = 0);
                                QUERY PLAN
---------------------------------------------------------------------------
 YB Bitmap Table Scan on simple (actual rows=2 loops=1)
   Storage Table Read Requests: 1
   Storage Table Rows Scanned: 2
   ->  BitmapOr (actual rows=2 loops=1)
         ->  Bitmap Index Scan on simple_ind_a_idx (actual rows=1 loops=1)
               Index Cond: (ind_a = 2)
               Storage Table Rows Scanned: 1
               Storage Index Read Requests: 1
               Storage Index Rows Scanned: 1
         ->  Bitmap Index Scan on simple_ind_b_idx (actual rows=1 loops=1)
               Index Cond: (ind_b < 10)
               Storage Index Filter: ((ind_b % 2) = 0)
               Storage Table Rows Scanned: 3
               Storage Index Read Requests: 1
               Storage Index Rows Scanned: 3
(15 rows)

/*+ BitmapScan(simple) */
SELECT 1 FROM simple WHERE ind_a = 2 OR (ind_b < 10 AND ind_b % 2 = 0);
 ?column?
----------
        1
        1
(2 rows)

/*+ BitmapScan(simple) */ EXPLAIN (ANALYZE, DIST, COSTS OFF, SUMMARY OFF)
SELECT random() FROM simple WHERE ind_a = 2 OR (ind_b < 10 AND ind_b % 2 = 0);
                                QUERY PLAN
---------------------------------------------------------------------------
 YB Bitmap Table Scan on simple (actual rows=2 loops=1)
   Storage Table Read Requests: 1
   Storage Table Rows Scanned: 2
   ->  BitmapOr (actual rows=2 loops=1)
         ->  Bitmap Index Scan on simple_ind_a_idx (actual rows=1 loops=1)
               Index Cond: (ind_a = 2)
               Storage Table Rows Scanned: 1
               Storage Index Read Requests: 1
               Storage Index Rows Scanned: 1
         ->  Bitmap Index Scan on simple_ind_b_idx (actual rows=1 loops=1)
               Index Cond: (ind_b < 10)
               Storage Index Filter: ((ind_b % 2) = 0)
               Storage Table Rows Scanned: 3
               Storage Index Read Requests: 1
               Storage Index Rows Scanned: 3
(15 rows)

--
-- test primary key queries
--
/*+ BitmapScan(simple) */ EXPLAIN (ANALYZE, DIST, COSTS OFF, SUMMARY OFF)
SELECT * FROM simple WHERE k = 1 OR ind_a = 2;
                                QUERY PLAN
---------------------------------------------------------------------------
 YB Bitmap Table Scan on simple (actual rows=1 loops=1)
   Storage Table Read Requests: 1
   Storage Table Rows Scanned: 1
   ->  BitmapOr (actual rows=1 loops=1)
         ->  Bitmap Index Scan on simple_pkey (actual rows=1 loops=1)
               Index Cond: (k = 1)
               Storage Table Read Requests: 1
               Storage Table Rows Scanned: 1
         ->  Bitmap Index Scan on simple_ind_a_idx (actual rows=1 loops=1)
               Index Cond: (ind_a = 2)
               Storage Table Rows Scanned: 1
               Storage Index Read Requests: 1
               Storage Index Rows Scanned: 1
(13 rows)

/*+ BitmapScan(simple) */
SELECT * FROM simple WHERE k = 1 OR ind_a = 2;
 k | ind_a | ind_b
---+-------+-------
 1 |     2 |     3
(1 row)

/*+ BitmapScan(simple) */ EXPLAIN (ANALYZE, DIST, COSTS OFF, SUMMARY OFF)
SELECT * FROM simple WHERE k IN (1, 2) OR ind_a IN (4, 6) ORDER BY k;
                                   QUERY PLAN
---------------------------------------------------------------------------------
 Sort (actual rows=3 loops=1)
   Sort Key: k
   Sort Method: quicksort
   ->  YB Bitmap Table Scan on simple (actual rows=3 loops=1)
         Storage Table Read Requests: 1
         Storage Table Rows Scanned: 3
         ->  BitmapOr (actual rows=3 loops=1)
               ->  Bitmap Index Scan on simple_pkey (actual rows=2 loops=1)
                     Index Cond: (k = ANY ('{1,2}'::integer[]))
                     Storage Table Read Requests: 1
                     Storage Table Rows Scanned: 2
               ->  Bitmap Index Scan on simple_ind_a_idx (actual rows=2 loops=1)
                     Index Cond: (ind_a = ANY ('{4,6}'::integer[]))
                     Storage Table Rows Scanned: 2
                     Storage Index Read Requests: 1
                     Storage Index Rows Scanned: 2
(16 rows)

/*+ BitmapScan(simple) */
SELECT * FROM simple WHERE k IN (1, 2) OR ind_a IN (4, 6) ORDER BY k;
 k | ind_a | ind_b
---+-------+-------
 1 |     2 |     3
 2 |     4 |     6
 3 |     6 |     9
(3 rows)

/*+ BitmapScan(simple) */ EXPLAIN (ANALYZE, DIST, COSTS OFF, SUMMARY OFF)
SELECT * FROM simple WHERE k = 1 OR k = 2 OR ind_a = 4 OR ind_a = 6 ORDER BY k;
                                   QUERY PLAN
---------------------------------------------------------------------------------
 Sort (actual rows=3 loops=1)
   Sort Key: k
   Sort Method: quicksort
   ->  YB Bitmap Table Scan on simple (actual rows=3 loops=1)
         Storage Table Read Requests: 1
         Storage Table Rows Scanned: 3
         ->  BitmapOr (actual rows=3 loops=1)
               ->  Bitmap Index Scan on simple_pkey (actual rows=1 loops=1)
                     Index Cond: (k = 1)
                     Storage Table Read Requests: 1
                     Storage Table Rows Scanned: 1
               ->  Bitmap Index Scan on simple_pkey (actual rows=1 loops=1)
                     Index Cond: (k = 2)
                     Storage Table Read Requests: 1
                     Storage Table Rows Scanned: 1
               ->  Bitmap Index Scan on simple_ind_a_idx (actual rows=1 loops=1)
                     Index Cond: (ind_a = 4)
                     Storage Table Rows Scanned: 1
                     Storage Index Read Requests: 1
                     Storage Index Rows Scanned: 1
               ->  Bitmap Index Scan on simple_ind_a_idx (actual rows=1 loops=1)
                     Index Cond: (ind_a = 6)
                     Storage Table Rows Scanned: 1
                     Storage Index Read Requests: 1
                     Storage Index Rows Scanned: 1
(25 rows)

/*+ BitmapScan(simple) */
SELECT * FROM simple WHERE k = 1 OR k = 2 OR ind_a = 4 OR ind_a = 6 ORDER BY k;
 k | ind_a | ind_b
---+-------+-------
 1 |     2 |     3
 2 |     4 |     6
 3 |     6 |     9
(3 rows)

-- test non-existent results
/*+ BitmapScan(simple) */ EXPLAIN (ANALYZE, DIST, COSTS OFF, SUMMARY OFF)
SELECT COUNT(*) FROM simple WHERE k = 2000 OR ind_a < 0;
                                   QUERY PLAN
---------------------------------------------------------------------------------
 Finalize Aggregate (actual rows=1 loops=1)
   ->  YB Bitmap Table Scan on simple (actual rows=0 loops=1)
         Partial Aggregate: true
         ->  BitmapOr (actual rows=0 loops=1)
               ->  Bitmap Index Scan on simple_pkey (actual rows=0 loops=1)
                     Index Cond: (k = 2000)
                     Storage Table Read Requests: 1
               ->  Bitmap Index Scan on simple_ind_a_idx (actual rows=0 loops=1)
                     Index Cond: (ind_a < 0)
                     Storage Index Read Requests: 1
(10 rows)

/*+ BitmapScan(simple) */
SELECT COUNT(*) FROM simple WHERE k = 2000 OR ind_a < 0;
 count
-------
     0
(1 row)

--
-- test unsatisfiable conditions
--
/*+ BitmapScan(simple) */ EXPLAIN (ANALYZE, DIST, COSTS OFF, SUMMARY OFF)
SELECT * FROM simple WHERE (k <= 1 AND k = 2);
                           QUERY PLAN
----------------------------------------------------------------
 YB Bitmap Table Scan on simple (actual rows=0 loops=1)
   Storage Recheck Cond: ((k <= 1) AND (k = 2))
   Storage Table Read Requests: 1
   Storage Table Rows Scanned: 1
   ->  Bitmap Index Scan on simple_pkey (actual rows=1 loops=1)
         Index Cond: ((k <= 1) AND (k = 2))
         Storage Table Read Requests: 1
         Storage Table Rows Scanned: 1
(8 rows)

/*+ BitmapScan(simple) */ EXPLAIN (ANALYZE, DIST, COSTS OFF, SUMMARY OFF)
SELECT * FROM simple WHERE (k = 1 AND k = 2) OR ind_b = 0;
                                QUERY PLAN
---------------------------------------------------------------------------
 YB Bitmap Table Scan on simple (actual rows=0 loops=1)
   Storage Recheck Cond: (((k = 1) AND (k = 2)) OR (ind_b = 0))
   Storage Table Read Requests: 1
   Storage Table Rows Scanned: 1
   ->  BitmapOr (actual rows=1 loops=1)
         ->  Bitmap Index Scan on simple_pkey (actual rows=1 loops=1)
               Index Cond: ((k = 1) AND (k = 2))
               Storage Table Read Requests: 1
               Storage Table Rows Scanned: 1
         ->  Bitmap Index Scan on simple_ind_b_idx (actual rows=0 loops=1)
               Index Cond: (ind_b = 0)
               Storage Index Read Requests: 1
(12 rows)

/*+ BitmapScan(simple) */ EXPLAIN (ANALYZE, DIST, COSTS OFF, SUMMARY OFF)
SELECT * FROM simple WHERE (ind_a <= 1 AND ind_a = 2);
                             QUERY PLAN
---------------------------------------------------------------------
 YB Bitmap Table Scan on simple (actual rows=0 loops=1)
   Storage Recheck Cond: ((ind_a <= 1) AND (ind_a = 2))
   Storage Table Read Requests: 1
   Storage Table Rows Scanned: 1
   ->  Bitmap Index Scan on simple_ind_a_idx (actual rows=1 loops=1)
         Index Cond: ((ind_a <= 1) AND (ind_a = 2))
         Storage Table Rows Scanned: 1
         Storage Index Read Requests: 1
         Storage Index Rows Scanned: 1
(9 rows)

/*+ BitmapScan(simple) */ EXPLAIN (ANALYZE, DIST, COSTS OFF, SUMMARY OFF)
SELECT * FROM simple WHERE (ind_a = 2 AND ind_a = 2) OR ind_b = 0;
                                QUERY PLAN
---------------------------------------------------------------------------
 YB Bitmap Table Scan on simple (actual rows=1 loops=1)
   Storage Recheck Cond: (((ind_a = 2) AND (ind_a = 2)) OR (ind_b = 0))
   Storage Table Read Requests: 1
   Storage Table Rows Scanned: 1
   ->  BitmapOr (actual rows=1 loops=1)
         ->  Bitmap Index Scan on simple_ind_a_idx (actual rows=1 loops=1)
               Index Cond: ((ind_a = 2) AND (ind_a = 2))
               Storage Table Rows Scanned: 1
               Storage Index Read Requests: 1
               Storage Index Rows Scanned: 1
         ->  Bitmap Index Scan on simple_ind_b_idx (actual rows=0 loops=1)
               Index Cond: (ind_b = 0)
               Storage Index Read Requests: 1
(13 rows)

--
-- #21793: test row compare expressions
--
/*+ BitmapScan(simple) */ EXPLAIN (ANALYZE, COSTS OFF, SUMMARY OFF)
SELECT * FROM simple WHERE (ind_a, ind_a) <= (4, 1) OR ind_a IS NULL;
                                 QUERY PLAN
----------------------------------------------------------------------------
 YB Bitmap Table Scan on simple (actual rows=1 loops=1)
   Recheck Cond: ((ROW(ind_a, ind_a) <= ROW(4, 1)) OR (ind_a IS NULL))
   Rows Removed by Index Recheck: 9
   ->  BitmapOr (actual rows=10 loops=1)
         ->  Bitmap Index Scan on simple_ind_a_idx (actual rows=10 loops=1)
               Index Cond: (ROW(ind_a, ind_a) <= ROW(4, 1))
         ->  Bitmap Index Scan on simple_ind_a_idx (actual rows=0 loops=1)
               Index Cond: (ind_a IS NULL)
(8 rows)

/*+ BitmapScan(simple) */
SELECT * FROM simple WHERE (ind_a, ind_a) <= (4, 1) OR ind_a IS NULL;
 k | ind_a | ind_b
---+-------+-------
 1 |     2 |     3
(1 row)

--
-- #22062: variable not found in subplan target list
--
EXPLAIN (COSTS OFF) /*+ BitmapScan(simple) */
SELECT * FROM simple AS tbl_1 JOIN simple AS tbl_2 ON tbl_1.ind_a = tbl_2.ind_a OR (tbl_1.ind_b = tbl_2.ind_a AND tbl_1.ind_a = 2);
                                        QUERY PLAN
------------------------------------------------------------------------------------------
 Nested Loop
   ->  Seq Scan on simple tbl_1
   ->  YB Bitmap Table Scan on simple tbl_2
         Filter: ((tbl_1.ind_a = ind_a) OR ((tbl_1.ind_b = ind_a) AND (tbl_1.ind_a = 2)))
         ->  BitmapOr
               ->  Bitmap Index Scan on simple_ind_a_idx
                     Index Cond: (ind_a = tbl_1.ind_a)
               ->  Bitmap Index Scan on simple_ind_a_idx
                     Index Cond: (ind_a = tbl_1.ind_b)
(9 rows)

--
-- #22065: test pushdowns on Subplans
--
EXPLAIN (ANALYZE, COSTS OFF, SUMMARY OFF) /*+ BitmapScan(simple) */
SELECT * FROM simple WHERE ind_a = 2 AND ind_a <> (SELECT ind_a FROM simple WHERE ind_b = 1);
                                 QUERY PLAN
-----------------------------------------------------------------------------
 YB Bitmap Table Scan on simple (actual rows=0 loops=1)
   InitPlan 1 (returns $0)
     ->  YB Bitmap Table Scan on simple simple_1 (actual rows=0 loops=1)
           ->  Bitmap Index Scan on simple_ind_b_idx (actual rows=0 loops=1)
                 Index Cond: (ind_b = 1)
   ->  Bitmap Index Scan on simple_ind_a_idx (actual rows=0 loops=1)
         Index Cond: (ind_a = 2)
         Storage Index Filter: (ind_a <> $0)
(8 rows)

/*+ BitmapScan(simple) */
SELECT * FROM simple WHERE ind_a = 2 AND ind_a <> (SELECT ind_a FROM simple WHERE ind_b = 1);
 k | ind_a | ind_b
---+-------+-------
(0 rows)

--
-- test UPDATE
--
/*+ BitmapScan(simple) */ EXPLAIN (ANALYZE, COSTS OFF, SUMMARY OFF)
UPDATE simple SET ind_a = NULL WHERE ind_a < 10 OR ind_b > 25;
                                   QUERY PLAN
---------------------------------------------------------------------------------
 Update on simple (actual rows=0 loops=1)
   ->  YB Bitmap Table Scan on simple (actual rows=6 loops=1)
         ->  BitmapOr (actual rows=6 loops=1)
               ->  Bitmap Index Scan on simple_ind_a_idx (actual rows=4 loops=1)
                     Index Cond: (ind_a < 10)
               ->  Bitmap Index Scan on simple_ind_b_idx (actual rows=2 loops=1)
                     Index Cond: (ind_b > 25)
(7 rows)

/*+ BitmapScan(simple) */ EXPLAIN (ANALYZE, COSTS OFF, SUMMARY OFF)
SELECT ind_a, ind_b FROM simple WHERE ind_a < 10 OR ind_a IS NULL OR ind_b < 15 ORDER BY k;
                                   QUERY PLAN
---------------------------------------------------------------------------------
 Sort (actual rows=6 loops=1)
   Sort Key: k
   Sort Method: quicksort
   ->  YB Bitmap Table Scan on simple (actual rows=6 loops=1)
         ->  BitmapOr (actual rows=6 loops=1)
               ->  Bitmap Index Scan on simple_ind_a_idx (actual rows=0 loops=1)
                     Index Cond: (ind_a < 10)
               ->  Bitmap Index Scan on simple_ind_a_idx (actual rows=6 loops=1)
                     Index Cond: (ind_a IS NULL)
               ->  Bitmap Index Scan on simple_ind_b_idx (actual rows=4 loops=1)
                     Index Cond: (ind_b < 15)
(11 rows)

/*+ BitmapScan(simple) */
SELECT ind_a, ind_b FROM simple WHERE ind_a < 10 OR ind_a IS NULL OR ind_b < 15 ORDER BY k;
 ind_a | ind_b
-------+-------
       |     3
       |     6
       |     9
       |    12
       |    27
       |    30
(6 rows)

SET yb_pushdown_is_not_null = false;
/*+ BitmapScan(simple) */ EXPLAIN (ANALYZE, COSTS OFF, SUMMARY OFF)
SELECT ind_a, ind_b FROM simple WHERE ind_a < 10 OR ind_a IS NULL OR ind_b < 15 ORDER BY k;
                                   QUERY PLAN
---------------------------------------------------------------------------------
 Sort (actual rows=6 loops=1)
   Sort Key: k
   Sort Method: quicksort
   ->  YB Bitmap Table Scan on simple (actual rows=6 loops=1)
         Storage Recheck Cond: ((ind_a < 10) OR (ind_a IS NULL) OR (ind_b < 15))
         ->  BitmapOr (actual rows=6 loops=1)
               ->  Bitmap Index Scan on simple_ind_a_idx (actual rows=0 loops=1)
                     Index Cond: (ind_a < 10)
               ->  Bitmap Index Scan on simple_ind_a_idx (actual rows=6 loops=1)
                     Index Cond: (ind_a IS NULL)
               ->  Bitmap Index Scan on simple_ind_b_idx (actual rows=4 loops=1)
                     Index Cond: (ind_b < 15)
(12 rows)

/*+ BitmapScan(simple) */
SELECT ind_a, ind_b FROM simple WHERE ind_a < 10 OR ind_a IS NULL OR ind_b < 15 ORDER BY k;
 ind_a | ind_b
-------+-------
       |     3
       |     6
       |     9
       |    12
       |    27
       |    30
(6 rows)

RESET yb_pushdown_is_not_null;
-- use Bitmap Scan to delete rows and validate their deletion
/*+ BitmapScan(simple) */ EXPLAIN (ANALYZE, COSTS OFF, SUMMARY OFF)
DELETE FROM simple WHERE ind_a IS NULL OR ind_b < 15;
                                   QUERY PLAN
---------------------------------------------------------------------------------
 Delete on simple (actual rows=0 loops=1)
   ->  YB Bitmap Table Scan on simple (actual rows=6 loops=1)
         ->  BitmapOr (actual rows=6 loops=1)
               ->  Bitmap Index Scan on simple_ind_a_idx (actual rows=6 loops=1)
                     Index Cond: (ind_a IS NULL)
               ->  Bitmap Index Scan on simple_ind_b_idx (actual rows=4 loops=1)
                     Index Cond: (ind_b < 15)
(7 rows)

/*+ BitmapScan(simple) */ EXPLAIN (ANALYZE, COSTS OFF, SUMMARY OFF)
SELECT ind_a, ind_b FROM simple WHERE ind_a IS NULL OR ind_b < 15 ORDER BY k;
                                   QUERY PLAN
---------------------------------------------------------------------------------
 Sort (actual rows=0 loops=1)
   Sort Key: k
   Sort Method: quicksort
   ->  YB Bitmap Table Scan on simple (actual rows=0 loops=1)
         ->  BitmapOr (actual rows=0 loops=1)
               ->  Bitmap Index Scan on simple_ind_a_idx (actual rows=0 loops=1)
                     Index Cond: (ind_a IS NULL)
               ->  Bitmap Index Scan on simple_ind_b_idx (actual rows=0 loops=1)
                     Index Cond: (ind_b < 15)
(9 rows)

/*+ BitmapScan(simple) */
SELECT ind_a, ind_b FROM simple WHERE ind_a IS NULL OR ind_b < 15 ORDER BY k;
 ind_a | ind_b
-------+-------
(0 rows)

--
-- test indexes on multiple columns / indexes with additional columns
--
CREATE TABLE multi (a INT, b INT, c INT, h INT, PRIMARY KEY (a ASC, b ASC));
CREATE INDEX ON multi (c ASC) INCLUDE (a);
CREATE INDEX ON multi (h ASC) INCLUDE (a);
CREATE INDEX ON multi (b ASC, c ASC);
INSERT INTO multi SELECT i, i * 2, i * 3, i * 4 FROM generate_series(1, 1000) i;
/*+ BitmapScan(multi) */ EXPLAIN (ANALYZE, DIST, COSTS OFF, SUMMARY OFF)
SELECT * FROM multi WHERE a < 2 OR b > 1997 ORDER BY a;
                                QUERY PLAN
---------------------------------------------------------------------------
 Sort (actual rows=3 loops=1)
   Sort Key: a
   Sort Method: quicksort
   ->  YB Bitmap Table Scan on multi (actual rows=3 loops=1)
         Storage Table Read Requests: 1
         Storage Table Rows Scanned: 3
         ->  BitmapOr (actual rows=3 loops=1)
               ->  Bitmap Index Scan on multi_pkey (actual rows=1 loops=1)
                     Index Cond: (a < 2)
                     Storage Table Read Requests: 1
                     Storage Table Rows Scanned: 1
               ->  Bitmap Index Scan on multi_pkey (actual rows=2 loops=1)
                     Index Cond: (b > 1997)
                     Storage Table Read Requests: 1
                     Storage Table Rows Scanned: 2
(15 rows)

/*+ BitmapScan(multi) */
SELECT * FROM multi WHERE a < 2 OR b > 1997 ORDER BY a;
  a   |  b   |  c   |  h
------+------+------+------
    1 |    2 |    3 |    4
  999 | 1998 | 2997 | 3996
 1000 | 2000 | 3000 | 4000
(3 rows)

/*+ BitmapScan(multi) */ EXPLAIN (ANALYZE, DIST, COSTS OFF, SUMMARY OFF)
SELECT * FROM multi WHERE c BETWEEN 10 AND 15 AND a < 30 ORDER BY a;
                               QUERY PLAN
------------------------------------------------------------------------
 Sort (actual rows=2 loops=1)
   Sort Key: a
   Sort Method: quicksort
   ->  YB Bitmap Table Scan on multi (actual rows=2 loops=1)
         Storage Table Read Requests: 1
         Storage Table Rows Scanned: 2
         ->  Bitmap Index Scan on multi_c_a_idx (actual rows=2 loops=1)
               Index Cond: ((c >= 10) AND (c <= 15))
               Storage Index Filter: (a < 30)
               Storage Table Rows Scanned: 2
               Storage Index Read Requests: 1
               Storage Index Rows Scanned: 2
(12 rows)

/*+ BitmapScan(multi) */
SELECT * FROM multi WHERE c BETWEEN 10 AND 15 AND a < 30 ORDER BY a;
 a | b  | c  | h
---+----+----+----
 4 |  8 | 12 | 16
 5 | 10 | 15 | 20
(2 rows)

/*+ BitmapScan(multi) */ EXPLAIN (ANALYZE, DIST, COSTS OFF, SUMMARY OFF)
SELECT * FROM multi WHERE a < 2 OR b > 1997 OR c BETWEEN 10 AND 15 OR h = 8 ORDER BY a;
                                  QUERY PLAN
------------------------------------------------------------------------------
 Sort (actual rows=6 loops=1)
   Sort Key: a
   Sort Method: quicksort
   ->  YB Bitmap Table Scan on multi (actual rows=6 loops=1)
         Storage Table Read Requests: 1
         Storage Table Rows Scanned: 6
         ->  BitmapOr (actual rows=6 loops=1)
               ->  Bitmap Index Scan on multi_pkey (actual rows=1 loops=1)
                     Index Cond: (a < 2)
                     Storage Table Read Requests: 1
                     Storage Table Rows Scanned: 1
               ->  Bitmap Index Scan on multi_pkey (actual rows=2 loops=1)
                     Index Cond: (b > 1997)
                     Storage Table Read Requests: 1
                     Storage Table Rows Scanned: 2
               ->  Bitmap Index Scan on multi_c_a_idx (actual rows=2 loops=1)
                     Index Cond: ((c >= 10) AND (c <= 15))
                     Storage Table Rows Scanned: 2
                     Storage Index Read Requests: 1
                     Storage Index Rows Scanned: 2
               ->  Bitmap Index Scan on multi_h_a_idx (actual rows=1 loops=1)
                     Index Cond: (h = 8)
                     Storage Table Rows Scanned: 1
                     Storage Index Read Requests: 1
                     Storage Index Rows Scanned: 1
(25 rows)

/*+ BitmapScan(multi) */
SELECT * FROM multi WHERE a < 2 OR b > 1997 OR c BETWEEN 10 AND 15 OR h = 8  ORDER BY a;
  a   |  b   |  c   |  h
------+------+------+------
    1 |    2 |    3 |    4
    2 |    4 |    6 |    8
    4 |    8 |   12 |   16
    5 |   10 |   15 |   20
  999 | 1998 | 2997 | 3996
 1000 | 2000 | 3000 | 4000
(6 rows)

-- try some slightly complex nested logical operands queries
/*+ BitmapScan(multi) */ EXPLAIN (ANALYZE, COSTS OFF, SUMMARY OFF)
SELECT * FROM multi WHERE a < 2 OR (b > 1797 AND (c BETWEEN 2709 AND 2712 OR c = 2997)) ORDER BY a;
                                     QUERY PLAN
------------------------------------------------------------------------------------
 Sort (actual rows=4 loops=1)
   Sort Key: a
   Sort Method: quicksort
   ->  YB Bitmap Table Scan on multi (actual rows=4 loops=1)
         ->  BitmapOr (actual rows=4 loops=1)
               ->  Bitmap Index Scan on multi_pkey (actual rows=1 loops=1)
                     Index Cond: (a < 2)
               ->  BitmapOr (actual rows=3 loops=1)
                     ->  Bitmap Index Scan on multi_b_c_idx (actual rows=2 loops=1)
                           Index Cond: ((b > 1797) AND (c >= 2709) AND (c <= 2712))
                     ->  Bitmap Index Scan on multi_b_c_idx (actual rows=1 loops=1)
                           Index Cond: ((b > 1797) AND (c = 2997))
(12 rows)

/*+ BitmapScan(multi) */
SELECT * FROM multi WHERE a < 2 OR (b > 1797 AND (c BETWEEN 2709 AND 2712 OR c = 2997)) ORDER BY a;
  a  |  b   |  c   |  h
-----+------+------+------
   1 |    2 |    3 |    4
 903 | 1806 | 2709 | 3612
 904 | 1808 | 2712 | 3616
 999 | 1998 | 2997 | 3996
(4 rows)

/*+ BitmapScan(multi) */ EXPLAIN (ANALYZE, COSTS OFF, SUMMARY OFF)
SELECT * FROM multi WHERE (a < 3 AND a % 2 = 0) OR (b IN (10, 270, 1800) AND (c < 20 OR c > 2500)) ORDER BY a;
                                          QUERY PLAN
-----------------------------------------------------------------------------------------------
 Sort (actual rows=3 loops=1)
   Sort Key: a
   Sort Method: quicksort
   ->  YB Bitmap Table Scan on multi (actual rows=3 loops=1)
         ->  BitmapOr (actual rows=3 loops=1)
               ->  Bitmap Index Scan on multi_pkey (actual rows=1 loops=1)
                     Index Cond: (a < 3)
                     Storage Index Filter: ((a % 2) = 0)
               ->  BitmapOr (actual rows=2 loops=1)
                     ->  Bitmap Index Scan on multi_b_c_idx (actual rows=1 loops=1)
                           Index Cond: ((b = ANY ('{10,270,1800}'::integer[])) AND (c < 20))
                     ->  Bitmap Index Scan on multi_b_c_idx (actual rows=1 loops=1)
                           Index Cond: ((b = ANY ('{10,270,1800}'::integer[])) AND (c > 2500))
(13 rows)

/*+ BitmapScan(multi) */
SELECT * FROM multi WHERE (a < 3 AND a % 2 = 0) OR (b IN (10, 270, 1800) AND (c < 20 OR c > 2500)) ORDER BY a;
  a  |  b   |  c   |  h
-----+------+------+------
   2 |    4 |    6 |    8
   5 |   10 |   15 |   20
 900 | 1800 | 2700 | 3600
(3 rows)

--
-- test limits
--
SET yb_fetch_row_limit = 100;
SET yb_fetch_size_limit = 0;
/*+ BitmapScan(multi) */ EXPLAIN (ANALYZE, DIST, COSTS OFF, SUMMARY OFF)
SELECT * FROM multi WHERE a < 200 LIMIT 10;
                              QUERY PLAN
-----------------------------------------------------------------------
 Limit (actual rows=10 loops=1)
   ->  YB Bitmap Table Scan on multi (actual rows=10 loops=1)
         Storage Table Read Requests: 1
         Storage Table Rows Scanned: 100
         ->  Bitmap Index Scan on multi_pkey (actual rows=199 loops=1)
               Index Cond: (a < 200)
               Storage Table Read Requests: 3
               Storage Table Rows Scanned: 199
(8 rows)

SET yb_fetch_row_limit = 0;
SET yb_fetch_size_limit = '1kB';
/*+ BitmapScan(multi) */ EXPLAIN (ANALYZE, COSTS OFF, SUMMARY OFF)
SELECT * FROM multi WHERE a < 200 LIMIT 10;
                              QUERY PLAN
-----------------------------------------------------------------------
 Limit (actual rows=10 loops=1)
   ->  YB Bitmap Table Scan on multi (actual rows=10 loops=1)
         ->  Bitmap Index Scan on multi_pkey (actual rows=199 loops=1)
               Index Cond: (a < 200)
(4 rows)

RESET yb_fetch_row_limit;
RESET yb_fetch_size_limit;
--
-- test exceeding work_mem
--
INSERT INTO multi SELECT i, i * 2, i * 3, i * 4 FROM generate_series(1001, 10000) i;
SET work_mem TO '4MB'; -- does not exceed work_mem
/*+ BitmapScan(multi) */ EXPLAIN (ANALYZE, COSTS OFF, SUMMARY OFF)
SELECT * FROM multi WHERE a < 5000 OR (b > 0 AND (c < 3000 OR c > 27000)) ORDER BY a;
                                      QUERY PLAN
---------------------------------------------------------------------------------------
 Sort (actual rows=5999 loops=1)
   Sort Key: a
   Sort Method: quicksort
   ->  YB Bitmap Table Scan on multi (actual rows=5999 loops=1)
         ->  BitmapOr (actual rows=5999 loops=1)
               ->  Bitmap Index Scan on multi_pkey (actual rows=4999 loops=1)
                     Index Cond: (a < 5000)
               ->  BitmapOr (actual rows=1999 loops=1)
                     ->  Bitmap Index Scan on multi_b_c_idx (actual rows=999 loops=1)
                           Index Cond: ((b > 0) AND (c < 3000))
                     ->  Bitmap Index Scan on multi_b_c_idx (actual rows=1000 loops=1)
                           Index Cond: ((b > 0) AND (c > 27000))
(12 rows)

SET work_mem TO '4GB'; -- does not exceed very large work_mem
/*+ BitmapScan(multi) */ EXPLAIN (ANALYZE, COSTS OFF, SUMMARY OFF)
SELECT * FROM multi WHERE a < 5000 OR (b > 0 AND (c < 3000 OR c > 27000)) ORDER BY a;
                                      QUERY PLAN
---------------------------------------------------------------------------------------
 Sort (actual rows=5999 loops=1)
   Sort Key: a
   Sort Method: quicksort
   ->  YB Bitmap Table Scan on multi (actual rows=5999 loops=1)
         ->  BitmapOr (actual rows=5999 loops=1)
               ->  Bitmap Index Scan on multi_pkey (actual rows=4999 loops=1)
                     Index Cond: (a < 5000)
               ->  BitmapOr (actual rows=1999 loops=1)
                     ->  Bitmap Index Scan on multi_b_c_idx (actual rows=999 loops=1)
                           Index Cond: ((b > 0) AND (c < 3000))
                     ->  Bitmap Index Scan on multi_b_c_idx (actual rows=1000 loops=1)
                           Index Cond: ((b > 0) AND (c > 27000))
(12 rows)

SET work_mem TO '100kB';
-- normal case
/*+ BitmapScan(multi) */ EXPLAIN (ANALYZE, COSTS OFF, SUMMARY OFF)
SELECT * FROM multi WHERE a < 5000 OR (b > 0 AND (c < 3000 OR c > 27000)) ORDER BY a;
NOTICE:  exceeded work_mem, switching to full table scan
                                      QUERY PLAN
---------------------------------------------------------------------------------------
 Sort (actual rows=5999 loops=1)
   Sort Key: a
   Sort Method: external merge
   ->  YB Bitmap Table Scan on multi (actual rows=5999 loops=1)
         Storage Filter: ((a < 5000) OR ((b > 0) AND ((c < 3000) OR (c > 27000))))
         Exceeded work_mem: true
         ->  BitmapOr (actual rows=0 loops=1)
               ->  Bitmap Index Scan on multi_pkey (actual rows=0 loops=1)
                     Index Cond: (a < 5000)
               ->  BitmapOr (actual rows=1999 loops=1)
                     ->  Bitmap Index Scan on multi_b_c_idx (actual rows=999 loops=1)
                           Index Cond: ((b > 0) AND (c < 3000))
                     ->  Bitmap Index Scan on multi_b_c_idx (actual rows=1000 loops=1)
                           Index Cond: ((b > 0) AND (c > 27000))
(14 rows)

-- verify remote filters apply to the table scan when we've exceeded work_mem
/*+ BitmapScan(multi) */ EXPLAIN (ANALYZE, COSTS OFF, SUMMARY OFF)
SELECT * FROM multi WHERE a < 5000 OR (b > 0 AND (c < 3000 OR c > 27000) AND b % 2 = 0) ORDER BY a;
NOTICE:  exceeded work_mem, switching to full table scan
                                             QUERY PLAN
-----------------------------------------------------------------------------------------------------
 Sort (actual rows=5999 loops=1)
   Sort Key: a
   Sort Method: external merge
   ->  YB Bitmap Table Scan on multi (actual rows=5999 loops=1)
         Storage Filter: ((a < 5000) OR ((b > 0) AND ((c < 3000) OR (c > 27000)) AND ((b % 2) = 0)))
         Exceeded work_mem: true
         ->  BitmapOr (actual rows=0 loops=1)
               ->  Bitmap Index Scan on multi_pkey (actual rows=0 loops=1)
                     Index Cond: (a < 5000)
               ->  BitmapOr (actual rows=1999 loops=1)
                     ->  Bitmap Index Scan on multi_b_c_idx (actual rows=999 loops=1)
                           Index Cond: ((b > 0) AND (c < 3000))
                     ->  Bitmap Index Scan on multi_b_c_idx (actual rows=1000 loops=1)
                           Index Cond: ((b > 0) AND (c > 27000))
(14 rows)

-- verify local filters still apply when pushdown is disabled
/*+ BitmapScan(multi) Set(yb_enable_expression_pushdown false) */ EXPLAIN (ANALYZE, COSTS OFF, SUMMARY OFF)
SELECT * FROM multi WHERE a < 5000 OR (b > 0 AND (c < 3000 OR c > 27000) AND b % 2 = 0) ORDER BY a;
NOTICE:  exceeded work_mem, switching to full table scan
                                         QUERY PLAN
---------------------------------------------------------------------------------------------
 Sort (actual rows=5999 loops=1)
   Sort Key: a
   Sort Method: external merge
   ->  YB Bitmap Table Scan on multi (actual rows=5999 loops=1)
         Filter: ((a < 5000) OR ((b > 0) AND ((c < 3000) OR (c > 27000)) AND ((b % 2) = 0)))
         Rows Removed by Filter: 4001
         Exceeded work_mem: true
         ->  BitmapOr (actual rows=0 loops=1)
               ->  Bitmap Index Scan on multi_pkey (actual rows=0 loops=1)
                     Index Cond: (a < 5000)
               ->  BitmapOr (actual rows=1999 loops=1)
                     ->  Bitmap Index Scan on multi_b_c_idx (actual rows=999 loops=1)
                           Index Cond: ((b > 0) AND (c < 3000))
                     ->  Bitmap Index Scan on multi_b_c_idx (actual rows=1000 loops=1)
                           Index Cond: ((b > 0) AND (c > 27000))
(15 rows)

-- where the first bitmap index scan exceeds work_mem
/*+ BitmapScan(multi) */ EXPLAIN (ANALYZE, COSTS OFF, SUMMARY OFF)
SELECT * FROM multi WHERE a < 5000 OR (b > 0 AND (c < 3000 OR c > 27000)) ORDER BY a;
NOTICE:  exceeded work_mem, switching to full table scan
                                      QUERY PLAN
---------------------------------------------------------------------------------------
 Sort (actual rows=5999 loops=1)
   Sort Key: a
   Sort Method: external merge
   ->  YB Bitmap Table Scan on multi (actual rows=5999 loops=1)
         Storage Filter: ((a < 5000) OR ((b > 0) AND ((c < 3000) OR (c > 27000))))
         Exceeded work_mem: true
         ->  BitmapOr (actual rows=0 loops=1)
               ->  Bitmap Index Scan on multi_pkey (actual rows=0 loops=1)
                     Index Cond: (a < 5000)
               ->  BitmapOr (actual rows=1999 loops=1)
                     ->  Bitmap Index Scan on multi_b_c_idx (actual rows=999 loops=1)
                           Index Cond: ((b > 0) AND (c < 3000))
                     ->  Bitmap Index Scan on multi_b_c_idx (actual rows=1000 loops=1)
                           Index Cond: ((b > 0) AND (c > 27000))
(14 rows)

-- where the second bitmap index scan exceeds work_mem
/*+ BitmapScan(multi) */ EXPLAIN (ANALYZE, COSTS OFF, SUMMARY OFF)
SELECT * FROM multi WHERE a < 1000 OR (b > 0 AND (c < 15000 OR c > 27000)) ORDER BY a;
NOTICE:  exceeded work_mem, switching to full table scan
                                     QUERY PLAN
------------------------------------------------------------------------------------
 Sort (actual rows=5999 loops=1)
   Sort Key: a
   Sort Method: external merge
   ->  YB Bitmap Table Scan on multi (actual rows=5999 loops=1)
         Storage Filter: ((a < 1000) OR ((b > 0) AND ((c < 15000) OR (c > 27000))))
         Exceeded work_mem: true
         ->  BitmapOr (actual rows=0 loops=1)
               ->  Bitmap Index Scan on multi_pkey (actual rows=999 loops=1)
                     Index Cond: (a < 1000)
               ->  BitmapOr (actual rows=0 loops=1)
                     ->  Bitmap Index Scan on multi_b_c_idx (actual rows=0 loops=1)
                           Index Cond: ((b > 0) AND (c < 15000))
                     ->  Bitmap Index Scan on multi_b_c_idx (actual rows=0 loops=1)
                           Index Cond: ((b > 0) AND (c > 27000))
(14 rows)

-- where the third bitmap index scan exceeds work_mem
/*+ BitmapScan(multi) */ EXPLAIN (ANALYZE, COSTS OFF, SUMMARY OFF)
SELECT * FROM multi WHERE a < 1000 OR (b > 0 AND (c < 3000 OR c > 15000)) ORDER BY a;
NOTICE:  exceeded work_mem, switching to full table scan
                                      QUERY PLAN
--------------------------------------------------------------------------------------
 Sort (actual rows=5999 loops=1)
   Sort Key: a
   Sort Method: external merge
   ->  YB Bitmap Table Scan on multi (actual rows=5999 loops=1)
         Storage Filter: ((a < 1000) OR ((b > 0) AND ((c < 3000) OR (c > 15000))))
         Exceeded work_mem: true
         ->  BitmapOr (actual rows=0 loops=1)
               ->  Bitmap Index Scan on multi_pkey (actual rows=999 loops=1)
                     Index Cond: (a < 1000)
               ->  BitmapOr (actual rows=0 loops=1)
                     ->  Bitmap Index Scan on multi_b_c_idx (actual rows=999 loops=1)
                           Index Cond: ((b > 0) AND (c < 3000))
                     ->  Bitmap Index Scan on multi_b_c_idx (actual rows=0 loops=1)
                           Index Cond: ((b > 0) AND (c > 15000))
(14 rows)

-- check aggregate pushdown
SET yb_enable_expression_pushdown = true;
SET yb_enable_index_aggregate_pushdown = true;
/*+ BitmapScan(multi) */ EXPLAIN (ANALYZE, COSTS OFF, SUMMARY OFF)
SELECT COUNT(*) FROM multi WHERE a > 10;
NOTICE:  exceeded work_mem, switching to full table scan
                             QUERY PLAN
---------------------------------------------------------------------
 Finalize Aggregate (actual rows=1 loops=1)
   ->  YB Bitmap Table Scan on multi (actual rows=1 loops=1)
         Storage Filter: (a > 10)
         Exceeded work_mem: true
         Partial Aggregate: true
         ->  Bitmap Index Scan on multi_pkey (actual rows=0 loops=1)
               Index Cond: (a > 10)
(7 rows)

/*+ BitmapScan(multi) */
SELECT COUNT(*) FROM multi WHERE a > 10;
NOTICE:  exceeded work_mem, switching to full table scan
 count
-------
  9990
(1 row)

SET yb_enable_expression_pushdown = false;
SET yb_enable_index_aggregate_pushdown = true;
/*+ BitmapScan(multi) */ EXPLAIN (ANALYZE, COSTS OFF, SUMMARY OFF)
SELECT COUNT(*) FROM multi WHERE a > 10;
NOTICE:  exceeded work_mem, switching to full table scan
                             QUERY PLAN
---------------------------------------------------------------------
 Aggregate (actual rows=1 loops=1)
   ->  YB Bitmap Table Scan on multi (actual rows=9990 loops=1)
         Filter: (a > 10)
         Rows Removed by Filter: 10
         Exceeded work_mem: true
         ->  Bitmap Index Scan on multi_pkey (actual rows=0 loops=1)
               Index Cond: (a > 10)
(7 rows)

/*+ BitmapScan(multi) */
SELECT COUNT(*) FROM multi WHERE a > 10;
NOTICE:  exceeded work_mem, switching to full table scan
 count
-------
  9990
(1 row)

SET yb_enable_expression_pushdown = false;
SET yb_enable_index_aggregate_pushdown = false;
/*+ BitmapScan(multi) */ EXPLAIN (ANALYZE, COSTS OFF, SUMMARY OFF)
SELECT COUNT(*) FROM multi WHERE a > 10;
NOTICE:  exceeded work_mem, switching to full table scan
                             QUERY PLAN
---------------------------------------------------------------------
 Aggregate (actual rows=1 loops=1)
   ->  YB Bitmap Table Scan on multi (actual rows=9990 loops=1)
         Filter: (a > 10)
         Rows Removed by Filter: 10
         Exceeded work_mem: true
         ->  Bitmap Index Scan on multi_pkey (actual rows=0 loops=1)
               Index Cond: (a > 10)
(7 rows)

/*+ BitmapScan(multi) */
SELECT COUNT(*) FROM multi WHERE a > 10;
NOTICE:  exceeded work_mem, switching to full table scan
 count
-------
  9990
(1 row)

SET yb_enable_expression_pushdown = true;
SET yb_enable_index_aggregate_pushdown = false;
/*+ BitmapScan(multi) */ EXPLAIN (ANALYZE, COSTS OFF, SUMMARY OFF)
SELECT COUNT(*) FROM multi WHERE a > 10;
NOTICE:  exceeded work_mem, switching to full table scan
                             QUERY PLAN
---------------------------------------------------------------------
 Finalize Aggregate (actual rows=1 loops=1)
   ->  YB Bitmap Table Scan on multi (actual rows=1 loops=1)
         Storage Filter: (a > 10)
         Exceeded work_mem: true
         Partial Aggregate: true
         ->  Bitmap Index Scan on multi_pkey (actual rows=0 loops=1)
               Index Cond: (a > 10)
(7 rows)

/*+ BitmapScan(multi) */
SELECT COUNT(*) FROM multi WHERE a > 10;
NOTICE:  exceeded work_mem, switching to full table scan
 count
-------
  9990
(1 row)

RESET yb_enable_index_aggregate_pushdown;
RESET yb_enable_expression_pushdown;
RESET work_mem;
--
-- test remote pushdown
--
/*+ BitmapScan(multi multi_b_c_idx) */ EXPLAIN (ANALYZE, DIST, COSTS OFF, SUMMARY OFF)
SELECT * FROM multi WHERE (b < 10 AND b % 4 = 0) ORDER BY b;
                               QUERY PLAN
------------------------------------------------------------------------
 Sort (actual rows=2 loops=1)
   Sort Key: b
   Sort Method: quicksort
   ->  YB Bitmap Table Scan on multi (actual rows=2 loops=1)
         Storage Table Read Requests: 1
         Storage Table Rows Scanned: 2
         ->  Bitmap Index Scan on multi_b_c_idx (actual rows=2 loops=1)
               Index Cond: (b < 10)
               Storage Index Filter: ((b % 4) = 0)
               Storage Table Rows Scanned: 4
               Storage Index Read Requests: 1
               Storage Index Rows Scanned: 4
(12 rows)

/*+ BitmapScan(multi multi_b_c_idx) */
SELECT * FROM multi WHERE (b < 10 AND b % 4 = 0) ORDER BY b;
 a | b | c  | h
---+---+----+----
 2 | 4 |  6 |  8
 4 | 8 | 12 | 16
(2 rows)

/*+ BitmapScan(multi multi_b_c_idx) Set(yb_enable_expression_pushdown false) */ EXPLAIN (ANALYZE, DIST, COSTS OFF, SUMMARY OFF)
SELECT * FROM multi WHERE (b < 10 AND b % 4 = 0) ORDER BY b;
                               QUERY PLAN
------------------------------------------------------------------------
 Sort (actual rows=2 loops=1)
   Sort Key: b
   Sort Method: quicksort
   ->  YB Bitmap Table Scan on multi (actual rows=2 loops=1)
         Filter: ((b % 4) = 0)
         Rows Removed by Filter: 2
         Storage Table Read Requests: 1
         Storage Table Rows Scanned: 4
         ->  Bitmap Index Scan on multi_b_c_idx (actual rows=4 loops=1)
               Index Cond: (b < 10)
               Storage Table Rows Scanned: 4
               Storage Index Read Requests: 1
               Storage Index Rows Scanned: 4
(13 rows)

/*+ BitmapScan(multi multi_b_c_idx) Set(yb_enable_expression_pushdown false) */
SELECT * FROM multi WHERE (b < 10 AND b % 4 = 0) ORDER BY b;
 a | b | c  | h
---+---+----+----
 2 | 4 |  6 |  8
 4 | 8 | 12 | 16
(2 rows)

/*+ BitmapScan(multi) */ EXPLAIN (ANALYZE, DIST, COSTS OFF, SUMMARY OFF)
SELECT * FROM multi WHERE (a < 5 AND a % 2 = 0) OR (c <= 10 AND a % 3 = 0) ORDER BY a;
                                                          QUERY PLAN
------------------------------------------------------------------------------------------------------------------------------
 Sort (actual rows=3 loops=1)
   Sort Key: a
   Sort Method: quicksort
   ->  YB Bitmap Table Scan on multi (actual rows=3 loops=1)
         Storage Table Read Requests: 1
         Storage Table Rows Scanned: 3
         ->  BitmapOr (actual rows=3 loops=1)
               ->  Bitmap Index Scan on multi_pkey (actual rows=2 loops=1)
                     Index Cond: (a < 5)
                     Storage Index Filter: ((a % 2) = 0)
                     Storage Table Read Requests: 1
                     Storage Table Rows Scanned: 4
               ->  Bitmap Index Scan on multi_c_a_idx (actual rows=1 loops=1)
                     Index Cond: (c <= 10)
                     Storage Index Filter: (((a % 3) = 0) AND (((a < 5) AND ((a % 2) = 0)) OR ((c <= 10) AND ((a % 3) = 0))))
                     Storage Table Rows Scanned: 3
                     Storage Index Read Requests: 1
                     Storage Index Rows Scanned: 3
(18 rows)

/*+ BitmapScan(multi) */
SELECT * FROM multi WHERE (a < 5 AND a % 2 = 0) OR (c <= 10 AND a % 3 = 0) ORDER BY a;
 a | b | c  | h
---+---+----+----
 2 | 4 |  6 |  8
 3 | 6 |  9 | 12
 4 | 8 | 12 | 16
(3 rows)

/*+ BitmapScan(multi) Set(yb_enable_expression_pushdown false) */ EXPLAIN (ANALYZE, DIST, COSTS OFF, SUMMARY OFF)
SELECT * FROM multi WHERE (a < 5 AND a % 2 = 0) OR (c <= 10 AND a % 3 = 0) ORDER BY a;
                                   QUERY PLAN
--------------------------------------------------------------------------------
 Sort (actual rows=3 loops=1)
   Sort Key: a
   Sort Method: quicksort
   ->  YB Bitmap Table Scan on multi (actual rows=3 loops=1)
         Filter: (((a < 5) AND ((a % 2) = 0)) OR ((c <= 10) AND ((a % 3) = 0)))
         Rows Removed by Filter: 1
         Storage Table Read Requests: 1
         Storage Table Rows Scanned: 4
         ->  BitmapOr (actual rows=4 loops=1)
               ->  Bitmap Index Scan on multi_pkey (actual rows=4 loops=1)
                     Index Cond: (a < 5)
                     Storage Table Read Requests: 1
                     Storage Table Rows Scanned: 4
               ->  Bitmap Index Scan on multi_c_a_idx (actual rows=3 loops=1)
                     Index Cond: (c <= 10)
                     Storage Table Rows Scanned: 3
                     Storage Index Read Requests: 1
                     Storage Index Rows Scanned: 3
(18 rows)

/*+ BitmapScan(multi) Set(yb_enable_expression_pushdown false) */
SELECT * FROM multi WHERE (a < 5 AND a % 2 = 0) OR (c <= 10 AND a % 3 = 0) ORDER BY a;
 a | b | c  | h
---+---+----+----
 2 | 4 |  6 |  8
 3 | 6 |  9 | 12
 4 | 8 | 12 | 16
(3 rows)

--
-- test recheck index conditions
--
create table recheck_test (int4_col int4, text_col TEXT, bigint_col bigint);
create index on recheck_test (int4_col ASC);
create index on recheck_test (text_col ASC);
create index on recheck_test (bigint_col ASC);
insert into recheck_test VALUES
    (1, 'a', 1),
    (2, 'b', 2),
    (3, 'c', 3),
    (4, 'd', 4),
    (5, 'e', 5),
    (6, 'f', 6),
    (7, 'g', 7),
    (8, 'h', 2147483647),
    (9, 'i', 2147483648);
-- #21930: test recheck conditions on text columns
/*+ BitmapScan(t) */ EXPLAIN (ANALYZE, DIST, COSTS OFF, SUMMARY OFF)
SELECT text_col FROM recheck_test AS t WHERE text_col = 'i' AND text_col < 'j';
                                  QUERY PLAN
------------------------------------------------------------------------------
 YB Bitmap Table Scan on recheck_test t (actual rows=1 loops=1)
   Storage Recheck Cond: ((text_col < 'j'::text) AND (text_col = 'i'::text))
   Storage Table Read Requests: 1
   Storage Table Rows Scanned: 1
   ->  Bitmap Index Scan on recheck_test_text_col_idx (actual rows=1 loops=1)
         Index Cond: ((text_col < 'j'::text) AND (text_col = 'i'::text))
         Storage Table Rows Scanned: 1
         Storage Index Read Requests: 1
         Storage Index Rows Scanned: 1
(9 rows)

/*+ BitmapScan(t) */
SELECT text_col FROM recheck_test AS t WHERE text_col = 'i' AND text_col < 'j';
 text_col
----------
 i
(1 row)

EXPLAIN (ANALYZE, COSTS OFF, SUMMARY OFF) /*+ BitmapScan(t) */
SELECT int4_col FROM recheck_test t WHERE int4_col < 3 AND int4_col IN (5, 6);
                                     QUERY PLAN
------------------------------------------------------------------------------------
 YB Bitmap Table Scan on recheck_test t (actual rows=0 loops=1)
   Storage Recheck Cond: ((int4_col < 3) AND (int4_col = ANY ('{5,6}'::integer[])))
   ->  Bitmap Index Scan on recheck_test_int4_col_idx (actual rows=2 loops=1)
         Index Cond: ((int4_col < 3) AND (int4_col = ANY ('{5,6}'::integer[])))
(4 rows)

EXPLAIN (ANALYZE, COSTS OFF, SUMMARY OFF) /*+ BitmapScan(t) */
SELECT int4_col FROM recheck_test t WHERE int4_col IN (5, 6) AND int4_col < 3;
                                     QUERY PLAN
------------------------------------------------------------------------------------
 YB Bitmap Table Scan on recheck_test t (actual rows=0 loops=1)
   Storage Recheck Cond: ((int4_col = ANY ('{5,6}'::integer[])) AND (int4_col < 3))
   ->  Bitmap Index Scan on recheck_test_int4_col_idx (actual rows=2 loops=1)
         Index Cond: ((int4_col = ANY ('{5,6}'::integer[])) AND (int4_col < 3))
(4 rows)

EXPLAIN (ANALYZE, COSTS OFF, SUMMARY OFF) /*+ BitmapScan(t) */
SELECT int4_col FROM recheck_test t WHERE int4_col < 3 AND int4_col = 5;
                                  QUERY PLAN
------------------------------------------------------------------------------
 YB Bitmap Table Scan on recheck_test t (actual rows=0 loops=1)
   Storage Recheck Cond: ((int4_col < 3) AND (int4_col = 5))
   ->  Bitmap Index Scan on recheck_test_int4_col_idx (actual rows=1 loops=1)
         Index Cond: ((int4_col < 3) AND (int4_col = 5))
(4 rows)

EXPLAIN (ANALYZE, COSTS OFF, SUMMARY OFF) /*+ BitmapScan(t) */
SELECT int4_col FROM recheck_test t WHERE int4_col = 5 AND int4_col < 3;
                                  QUERY PLAN
------------------------------------------------------------------------------
 YB Bitmap Table Scan on recheck_test t (actual rows=0 loops=1)
   Storage Recheck Cond: ((int4_col < 3) AND (int4_col = 5))
   ->  Bitmap Index Scan on recheck_test_int4_col_idx (actual rows=1 loops=1)
         Index Cond: ((int4_col < 3) AND (int4_col = 5))
(4 rows)

-- also test aggregates
EXPLAIN (ANALYZE, COSTS OFF, SUMMARY OFF) /*+ BitmapScan(t) */
SELECT COUNT(*) FROM recheck_test t WHERE int4_col < 3 AND int4_col IN (2, 5, 6);
                                         QUERY PLAN
--------------------------------------------------------------------------------------------
 Finalize Aggregate (actual rows=1 loops=1)
   ->  YB Bitmap Table Scan on recheck_test t (actual rows=1 loops=1)
         Storage Recheck Cond: ((int4_col < 3) AND (int4_col = ANY ('{2,5,6}'::integer[])))
         Partial Aggregate: true
         ->  Bitmap Index Scan on recheck_test_int4_col_idx (actual rows=3 loops=1)
               Index Cond: ((int4_col < 3) AND (int4_col = ANY ('{2,5,6}'::integer[])))
(6 rows)

 /*+ BitmapScan(t) */
SELECT COUNT(*) FROM recheck_test t WHERE int4_col < 3 AND int4_col IN (2, 5, 6);
 count
-------
     1
(1 row)

EXPLAIN (ANALYZE, COSTS OFF, SUMMARY OFF) /*+ BitmapScan(t) */
SELECT COUNT(*) FROM recheck_test t WHERE int4_col IN (2, 5, 6) AND int4_col < 3;
                                         QUERY PLAN
--------------------------------------------------------------------------------------------
 Finalize Aggregate (actual rows=1 loops=1)
   ->  YB Bitmap Table Scan on recheck_test t (actual rows=1 loops=1)
         Storage Recheck Cond: ((int4_col = ANY ('{2,5,6}'::integer[])) AND (int4_col < 3))
         Partial Aggregate: true
         ->  Bitmap Index Scan on recheck_test_int4_col_idx (actual rows=3 loops=1)
               Index Cond: ((int4_col = ANY ('{2,5,6}'::integer[])) AND (int4_col < 3))
(6 rows)

/*+ BitmapScan(t) */
SELECT COUNT(*) FROM recheck_test t WHERE int4_col IN (2, 5, 6) AND int4_col < 3;
 count
-------
     1
(1 row)

EXPLAIN (ANALYZE, COSTS OFF, SUMMARY OFF) /*+ BitmapScan(t) */
SELECT COUNT(*) FROM recheck_test t WHERE int4_col < 3 AND int4_col = 5;
                                     QUERY PLAN
------------------------------------------------------------------------------------
 Finalize Aggregate (actual rows=1 loops=1)
   ->  YB Bitmap Table Scan on recheck_test t (actual rows=0 loops=1)
         Storage Recheck Cond: ((int4_col < 3) AND (int4_col = 5))
         Partial Aggregate: true
         ->  Bitmap Index Scan on recheck_test_int4_col_idx (actual rows=1 loops=1)
               Index Cond: ((int4_col < 3) AND (int4_col = 5))
(6 rows)

/*+ BitmapScan(t) */
SELECT COUNT(*) FROM recheck_test t WHERE int4_col < 3 AND int4_col = 5;
 count
-------
     0
(1 row)

EXPLAIN (ANALYZE, COSTS OFF, SUMMARY OFF) /*+ BitmapScan(t) */
SELECT COUNT(*) FROM recheck_test t WHERE int4_col = 5 AND int4_col < 3;
                                     QUERY PLAN
------------------------------------------------------------------------------------
 Finalize Aggregate (actual rows=1 loops=1)
   ->  YB Bitmap Table Scan on recheck_test t (actual rows=0 loops=1)
         Storage Recheck Cond: ((int4_col < 3) AND (int4_col = 5))
         Partial Aggregate: true
         ->  Bitmap Index Scan on recheck_test_int4_col_idx (actual rows=1 loops=1)
               Index Cond: ((int4_col < 3) AND (int4_col = 5))
(6 rows)

/*+ BitmapScan(t) */
SELECT COUNT(*) FROM recheck_test t WHERE int4_col = 5 AND int4_col < 3;
 count
-------
     0
(1 row)

--
-- test where casting may cause us to require recheck
--
EXPLAIN (ANALYZE, TIMING OFF, COSTS OFF) /*+ BitmapScan(t) */
SELECT int4_col FROM recheck_test t WHERE int4_col = 2147483647;
                                  QUERY PLAN
------------------------------------------------------------------------------
 YB Bitmap Table Scan on recheck_test t (actual rows=0 loops=1)
   ->  Bitmap Index Scan on recheck_test_int4_col_idx (actual rows=0 loops=1)
         Index Cond: (int4_col = 2147483647)
(3 rows)

EXPLAIN (ANALYZE, TIMING OFF, COSTS OFF) /*+ BitmapScan(t) */
SELECT int4_col FROM recheck_test t WHERE int4_col = 2147483648;
                                  QUERY PLAN
------------------------------------------------------------------------------
 YB Bitmap Table Scan on recheck_test t (actual rows=0 loops=1)
   Storage Recheck Cond: (int4_col = '2147483648'::bigint)
   ->  Bitmap Index Scan on recheck_test_int4_col_idx (actual rows=9 loops=1)
         Index Cond: (int4_col = '2147483648'::bigint)
(4 rows)

EXPLAIN (ANALYZE, TIMING OFF, COSTS OFF) /*+ BitmapScan(t) */
SELECT COUNT(*) FROM recheck_test t WHERE int4_col = 2147483647;
                                     QUERY PLAN
------------------------------------------------------------------------------------
 Finalize Aggregate (actual rows=1 loops=1)
   ->  YB Bitmap Table Scan on recheck_test t (actual rows=0 loops=1)
         Partial Aggregate: true
         ->  Bitmap Index Scan on recheck_test_int4_col_idx (actual rows=0 loops=1)
               Index Cond: (int4_col = 2147483647)
(5 rows)

/*+ BitmapScan(t) */
SELECT COUNT(*) FROM recheck_test t WHERE int4_col = 2147483647;
 count
-------
     0
(1 row)

EXPLAIN (ANALYZE, TIMING OFF, COSTS OFF) /*+ BitmapScan(t) */
SELECT COUNT(*) FROM recheck_test t WHERE int4_col = 2147483648;
                                     QUERY PLAN
------------------------------------------------------------------------------------
 Finalize Aggregate (actual rows=1 loops=1)
   ->  YB Bitmap Table Scan on recheck_test t (actual rows=0 loops=1)
         Storage Recheck Cond: (int4_col = '2147483648'::bigint)
         Partial Aggregate: true
         ->  Bitmap Index Scan on recheck_test_int4_col_idx (actual rows=9 loops=1)
               Index Cond: (int4_col = '2147483648'::bigint)
(6 rows)

/*+ BitmapScan(t) */
SELECT COUNT(*) FROM recheck_test t WHERE int4_col = 2147483648;
 count
-------
     0
(1 row)

EXPLAIN (ANALYZE, COSTS OFF, TIMING OFF)  /*+ NestLoop(s t) BitmapScan(t) Set(yb_bnl_batch_size 1) */
SELECT s.bigint_col, t.int4_col FROM recheck_test s JOIN recheck_test t ON s.bigint_col = t.int4_col;
                                     QUERY PLAN
------------------------------------------------------------------------------------
 Nested Loop (actual rows=7 loops=1)
   ->  Seq Scan on recheck_test s (actual rows=9 loops=1)
   ->  YB Bitmap Table Scan on recheck_test t (actual rows=1 loops=9)
         Storage Recheck Cond: (int4_col = s.bigint_col)
         ->  Bitmap Index Scan on recheck_test_int4_col_idx (actual rows=2 loops=9)
               Index Cond: (int4_col = s.bigint_col)
(6 rows)

--
-- test where casting may cause us to require recheck (with expression pushdown disabled)
--
SET yb_enable_expression_pushdown = false;
EXPLAIN (ANALYZE, TIMING OFF, COSTS OFF) /*+ BitmapScan(t) */
SELECT int4_col FROM recheck_test t WHERE int4_col = 2147483647;
                                  QUERY PLAN
------------------------------------------------------------------------------
 YB Bitmap Table Scan on recheck_test t (actual rows=0 loops=1)
   ->  Bitmap Index Scan on recheck_test_int4_col_idx (actual rows=0 loops=1)
         Index Cond: (int4_col = 2147483647)
(3 rows)

EXPLAIN (ANALYZE, TIMING OFF, COSTS OFF) /*+ BitmapScan(t) */
SELECT int4_col FROM recheck_test t WHERE int4_col = 2147483648;
                                  QUERY PLAN
------------------------------------------------------------------------------
 YB Bitmap Table Scan on recheck_test t (actual rows=0 loops=1)
   Recheck Cond: (int4_col = '2147483648'::bigint)
   Rows Removed by Index Recheck: 9
   ->  Bitmap Index Scan on recheck_test_int4_col_idx (actual rows=9 loops=1)
         Index Cond: (int4_col = '2147483648'::bigint)
(5 rows)

EXPLAIN (ANALYZE, TIMING OFF, COSTS OFF) /*+ BitmapScan(t) */
SELECT COUNT(*) FROM recheck_test t WHERE int4_col = 2147483647;
                                     QUERY PLAN
------------------------------------------------------------------------------------
 Aggregate (actual rows=1 loops=1)
   ->  YB Bitmap Table Scan on recheck_test t (actual rows=0 loops=1)
         ->  Bitmap Index Scan on recheck_test_int4_col_idx (actual rows=0 loops=1)
               Index Cond: (int4_col = 2147483647)
(4 rows)

/*+ BitmapScan(t) */
SELECT COUNT(*) FROM recheck_test t WHERE int4_col = 2147483647;
 count
-------
     0
(1 row)

EXPLAIN (ANALYZE, TIMING OFF, COSTS OFF) /*+ BitmapScan(t) */
SELECT COUNT(*) FROM recheck_test t WHERE int4_col = 2147483648;
                                     QUERY PLAN
------------------------------------------------------------------------------------
 Aggregate (actual rows=1 loops=1)
   ->  YB Bitmap Table Scan on recheck_test t (actual rows=0 loops=1)
         Recheck Cond: (int4_col = '2147483648'::bigint)
         Rows Removed by Index Recheck: 9
         ->  Bitmap Index Scan on recheck_test_int4_col_idx (actual rows=9 loops=1)
               Index Cond: (int4_col = '2147483648'::bigint)
(6 rows)

/*+ BitmapScan(t) */
SELECT COUNT(*) FROM recheck_test t WHERE int4_col = 2147483648;
 count
-------
     0
(1 row)

EXPLAIN (ANALYZE, COSTS OFF, TIMING OFF)  /*+ NestLoop(s t) BitmapScan(t) Set(yb_bnl_batch_size 1) */
SELECT s.bigint_col, t.int4_col FROM recheck_test s JOIN recheck_test t ON s.bigint_col = t.int4_col;
                                     QUERY PLAN
------------------------------------------------------------------------------------
 Nested Loop (actual rows=7 loops=1)
   ->  Seq Scan on recheck_test s (actual rows=9 loops=1)
   ->  YB Bitmap Table Scan on recheck_test t (actual rows=1 loops=9)
         Recheck Cond: (int4_col = s.bigint_col)
         Rows Removed by Index Recheck: 1
         ->  Bitmap Index Scan on recheck_test_int4_col_idx (actual rows=2 loops=9)
               Index Cond: (int4_col = s.bigint_col)
(7 rows)

RESET yb_enable_expression_pushdown;
--
-- #22622: test local recheck of condition for a column that is not a target
--
/*+ IndexScan(t) */ EXPLAIN (ANALYZE, COSTS OFF, SUMMARY OFF)
select int4_col from recheck_test t where text_col like 'a%' AND text_col IN ('a', 'b', 'c');
                                                 QUERY PLAN
-------------------------------------------------------------------------------------------------------------
 Index Scan using recheck_test_text_col_idx on recheck_test t (actual rows=1 loops=1)
   Index Cond: ((text_col >= 'a'::text) AND (text_col < 'b'::text) AND (text_col = ANY ('{a,b,c}'::text[])))
   Storage Index Filter: (text_col ~~ 'a%'::text)
(3 rows)

-- the second condition is necessary to force a recheck
-- the first condition is rechecked locally, so k2 must be fetched.
/*+ BitmapScan(t) */ EXPLAIN (ANALYZE, COSTS OFF, SUMMARY OFF)
select int4_col from recheck_test t where text_col like 'a%' AND text_col IN ('a', 'b', 'c');
                                                    QUERY PLAN
-------------------------------------------------------------------------------------------------------------------
 YB Bitmap Table Scan on recheck_test t (actual rows=1 loops=1)
   Storage Recheck Cond: (text_col = ANY ('{a,b,c}'::text[]))
   Recheck Cond: ((text_col >= 'a'::text) AND (text_col < 'b'::text))
   ->  Bitmap Index Scan on recheck_test_text_col_idx (actual rows=1 loops=1)
         Index Cond: ((text_col >= 'a'::text) AND (text_col < 'b'::text) AND (text_col = ANY ('{a,b,c}'::text[])))
         Storage Index Filter: (text_col ~~ 'a%'::text)
(6 rows)

-- also check for aggregate pushdowns
/*+ IndexScan(t) */ EXPLAIN (ANALYZE, COSTS OFF, SUMMARY OFF)
select count(*) from recheck_test t where text_col like 'a%' AND text_col IN ('a', 'b', 'c');
                                                    QUERY PLAN
-------------------------------------------------------------------------------------------------------------------
 Aggregate (actual rows=1 loops=1)
   ->  Index Scan using recheck_test_text_col_idx on recheck_test t (actual rows=1 loops=1)
         Index Cond: ((text_col >= 'a'::text) AND (text_col < 'b'::text) AND (text_col = ANY ('{a,b,c}'::text[])))
         Storage Index Filter: (text_col ~~ 'a%'::text)
(4 rows)

/*+ IndexScan(t) */
select count(*) from recheck_test t where text_col like 'a%' AND text_col IN ('a', 'b', 'c');
 count
-------
     1
(1 row)

/*+ BitmapScan(t) */ EXPLAIN (ANALYZE, COSTS OFF, SUMMARY OFF)
select count(*) from recheck_test t where text_col like 'a%' AND text_col IN ('a', 'b', 'c');
                                                       QUERY PLAN
-------------------------------------------------------------------------------------------------------------------------
 Aggregate (actual rows=1 loops=1)
   ->  YB Bitmap Table Scan on recheck_test t (actual rows=1 loops=1)
         Storage Recheck Cond: (text_col = ANY ('{a,b,c}'::text[]))
         Recheck Cond: ((text_col >= 'a'::text) AND (text_col < 'b'::text))
         ->  Bitmap Index Scan on recheck_test_text_col_idx (actual rows=1 loops=1)
               Index Cond: ((text_col >= 'a'::text) AND (text_col < 'b'::text) AND (text_col = ANY ('{a,b,c}'::text[])))
               Storage Index Filter: (text_col ~~ 'a%'::text)
(7 rows)

/*+ BitmapScan(t) */
select count(*) from recheck_test t where text_col like 'a%' AND text_col IN ('a', 'b', 'c');
 count
-------
     1
(1 row)

--
-- test pk of different types
--
CREATE TABLE pk_text (k_text varchar PRIMARY KEY, v_int INT);
CREATE INDEX ON pk_text(v_int ASC);
INSERT INTO pk_text SELECT i::text, i FROM generate_series(1, 100) i;
/*+ BitmapScan(pk_text) */ EXPLAIN (ANALYZE, DIST, COSTS OFF, SUMMARY OFF)
SELECT * FROM pk_text WHERE v_int = 12 OR k_text = '12';
                                 QUERY PLAN
----------------------------------------------------------------------------
 YB Bitmap Table Scan on pk_text (actual rows=1 loops=1)
   Storage Table Read Requests: 1
   Storage Table Rows Scanned: 1
   ->  BitmapOr (actual rows=1 loops=1)
         ->  Bitmap Index Scan on pk_text_v_int_idx (actual rows=1 loops=1)
               Index Cond: (v_int = 12)
               Storage Table Rows Scanned: 1
               Storage Index Read Requests: 1
               Storage Index Rows Scanned: 1
         ->  Bitmap Index Scan on pk_text_pkey (actual rows=1 loops=1)
               Index Cond: ((k_text)::text = '12'::text)
               Storage Table Read Requests: 1
               Storage Table Rows Scanned: 1
(13 rows)

/*+ BitmapScan(pk_text) */
SELECT * FROM pk_text WHERE v_int = 12 OR k_text = '12';
 k_text | v_int
--------+-------
 12     |    12
(1 row)

/*+ BitmapScan(pk_text) */ EXPLAIN (ANALYZE, DIST, COSTS OFF, SUMMARY OFF)
SELECT * FROM pk_text WHERE (v_int < 10 AND v_int % 2 = 1) OR (k_text LIKE '999%' AND k_text LIKE '%5') ORDER BY v_int;
                                                               QUERY PLAN
-----------------------------------------------------------------------------------------------------------------------------------------
 Sort (actual rows=5 loops=1)
   Sort Key: v_int
   Sort Method: quicksort
   ->  YB Bitmap Table Scan on pk_text (actual rows=5 loops=1)
         Storage Filter: (((v_int < 10) AND ((v_int % 2) = 1)) OR (((k_text)::text ~~ '999%'::text) AND ((k_text)::text ~~ '%5'::text)))
         Storage Table Read Requests: 1
         Storage Table Rows Scanned: 5
         ->  BitmapOr (actual rows=5 loops=1)
               ->  Bitmap Index Scan on pk_text_v_int_idx (actual rows=5 loops=1)
                     Index Cond: (v_int < 10)
                     Storage Index Filter: ((v_int % 2) = 1)
                     Storage Table Rows Scanned: 9
                     Storage Index Read Requests: 1
                     Storage Index Rows Scanned: 9
               ->  Bitmap Index Scan on pk_text_pkey (actual rows=0 loops=1)
                     Index Cond: (((k_text)::text >= '999'::text) AND ((k_text)::text < '99:'::text))
                     Storage Index Filter: ((k_text)::text ~~ '%5'::text)
                     Storage Table Read Requests: 1
(18 rows)

/*+ BitmapScan(pk_text) */
SELECT * FROM pk_text WHERE (v_int < 10 AND v_int % 2 = 1) OR (k_text LIKE '999%' AND k_text LIKE '%5') ORDER BY v_int;
 k_text | v_int
--------+-------
 1      |     1
 3      |     3
 5      |     5
 7      |     7
 9      |     9
(5 rows)

/*+ BitmapScan(pk_text) */ EXPLAIN (ANALYZE, DIST, COSTS OFF, SUMMARY OFF)
SELECT * FROM pk_text WHERE v_int < 5 OR k_text < '11' ORDER BY v_int;
                                    QUERY PLAN
----------------------------------------------------------------------------------
 Sort (actual rows=6 loops=1)
   Sort Key: v_int
   Sort Method: quicksort
   ->  YB Bitmap Table Scan on pk_text (actual rows=6 loops=1)
         Storage Table Read Requests: 1
         Storage Table Rows Scanned: 6
         ->  BitmapOr (actual rows=6 loops=1)
               ->  Bitmap Index Scan on pk_text_v_int_idx (actual rows=4 loops=1)
                     Index Cond: (v_int < 5)
                     Storage Table Rows Scanned: 4
                     Storage Index Read Requests: 1
                     Storage Index Rows Scanned: 4
               ->  Bitmap Index Scan on pk_text_pkey (actual rows=3 loops=1)
                     Index Cond: ((k_text)::text < '11'::text)
                     Storage Table Read Requests: 1
                     Storage Table Rows Scanned: 3
(16 rows)

/*+ BitmapScan(pk_text) */
SELECT * FROM pk_text WHERE v_int < 5 OR k_text < '11' ORDER BY v_int;
 k_text | v_int
--------+-------
 1      |     1
 2      |     2
 3      |     3
 4      |     4
 10     |    10
 100    |   100
(6 rows)

/*+ BitmapScan(pk_text) */ EXPLAIN (ANALYZE, DIST, COSTS OFF, SUMMARY OFF)
SELECT * FROM pk_text WHERE v_int IN (12, 13) OR k_text IN ('11', '12') ORDER BY v_int;
                                    QUERY PLAN
----------------------------------------------------------------------------------
 Sort (actual rows=3 loops=1)
   Sort Key: v_int
   Sort Method: quicksort
   ->  YB Bitmap Table Scan on pk_text (actual rows=3 loops=1)
         Storage Table Read Requests: 1
         Storage Table Rows Scanned: 3
         ->  BitmapOr (actual rows=3 loops=1)
               ->  Bitmap Index Scan on pk_text_v_int_idx (actual rows=2 loops=1)
                     Index Cond: (v_int = ANY ('{12,13}'::integer[]))
                     Storage Table Rows Scanned: 2
                     Storage Index Read Requests: 1
                     Storage Index Rows Scanned: 2
               ->  Bitmap Index Scan on pk_text_pkey (actual rows=2 loops=1)
                     Index Cond: ((k_text)::text = ANY ('{11,12}'::text[]))
                     Storage Table Read Requests: 1
                     Storage Table Rows Scanned: 2
(16 rows)

/*+ BitmapScan(pk_text) */
SELECT * FROM pk_text WHERE v_int IN (12, 13) OR k_text IN ('11', '12') ORDER BY v_int;
 k_text | v_int
--------+-------
 11     |    11
 12     |    12
 13     |    13
(3 rows)

-- test count
/*+ BitmapScan(pk_text) */ EXPLAIN (ANALYZE, COSTS OFF, SUMMARY OFF)
SELECT COUNT(*) FROM pk_text WHERE v_int IN (12, 13) OR k_text IN ('11', '12');
                                    QUERY PLAN
----------------------------------------------------------------------------------
 Finalize Aggregate (actual rows=1 loops=1)
   ->  YB Bitmap Table Scan on pk_text (actual rows=1 loops=1)
         Partial Aggregate: true
         ->  BitmapOr (actual rows=3 loops=1)
               ->  Bitmap Index Scan on pk_text_v_int_idx (actual rows=2 loops=1)
                     Index Cond: (v_int = ANY ('{12,13}'::integer[]))
               ->  Bitmap Index Scan on pk_text_pkey (actual rows=2 loops=1)
                     Index Cond: ((k_text)::text = ANY ('{11,12}'::text[]))
(8 rows)

/*+ BitmapScan(pk_text) */
SELECT COUNT(*) FROM pk_text WHERE v_int IN (12, 13) OR k_text IN ('11', '12');
 count
-------
     3
(1 row)

-- test non-existent results
/*+ BitmapScan(pk_text) */ EXPLAIN (ANALYZE, COSTS OFF, SUMMARY OFF)
SELECT COUNT(*) FROM pk_text WHERE v_int = 2000 OR k_text = 'nonexistent';
                                    QUERY PLAN
----------------------------------------------------------------------------------
 Finalize Aggregate (actual rows=1 loops=1)
   ->  YB Bitmap Table Scan on pk_text (actual rows=0 loops=1)
         Partial Aggregate: true
         ->  BitmapOr (actual rows=0 loops=1)
               ->  Bitmap Index Scan on pk_text_v_int_idx (actual rows=0 loops=1)
                     Index Cond: (v_int = 2000)
               ->  Bitmap Index Scan on pk_text_pkey (actual rows=0 loops=1)
                     Index Cond: ((k_text)::text = 'nonexistent'::text)
(8 rows)

/*+ BitmapScan(pk_text) */
SELECT COUNT(*) FROM pk_text WHERE v_int = 2000 OR k_text = 'nonexistent';
 count
-------
     0
(1 row)

--
-- BitmapAnd
-- These tests require CBO because the basic cost model does not properly cost
-- remote filters, so BitmapAnds were comparatively more expensive.
--
-- Hints can tell the planner to use a Bitmap Scan, but they cannot tell the
-- planner how to design the plan. The planner chooses for itself how it should
-- apply remote filters, Bitmap Ands, Bitmap Ors. For these queries, we are
-- interested in testing the behaviour of a BitmapAnd, not testing the planner's
-- ability to choose between a bitmap scan and a sequential scan. IF the planner
-- must choose a bitmap scan, what plan does it choose? Does that plan work?
--
SET yb_enable_base_scans_cost_model = true;
CREATE TABLE test_and (a INT, b INT, c INT);
CREATE INDEX ON test_and (a ASC);
CREATE INDEX ON test_and (b ASC);
CREATE INDEX ON test_and (c ASC);
INSERT INTO test_and SELECT i, j, k FROM generate_series(1, 20) i, generate_series(1, 20) j, generate_series(1, 20) k;
ANALYZE test_and;
/*+ BitmapScan(t) */ EXPLAIN (ANALYZE, SUMMARY OFF, COSTS OFF) SELECT * FROM test_and t WHERE a < 6 AND b < 6;
                                 QUERY PLAN
----------------------------------------------------------------------------
 YB Bitmap Table Scan on test_and t (actual rows=500 loops=1)
   ->  BitmapAnd (actual rows=500 loops=1)
         ->  Bitmap Index Scan on test_and_b_idx (actual rows=2000 loops=1)
               Index Cond: (b < 6)
         ->  Bitmap Index Scan on test_and_a_idx (actual rows=2000 loops=1)
               Index Cond: (a < 6)
(6 rows)

/*+ BitmapScan(t) */ EXPLAIN (ANALYZE, SUMMARY OFF, COSTS OFF) SELECT * FROM test_and t WHERE a < 6 AND c < 6;
                                 QUERY PLAN
----------------------------------------------------------------------------
 YB Bitmap Table Scan on test_and t (actual rows=500 loops=1)
   ->  BitmapAnd (actual rows=500 loops=1)
         ->  Bitmap Index Scan on test_and_c_idx (actual rows=2000 loops=1)
               Index Cond: (c < 6)
         ->  Bitmap Index Scan on test_and_a_idx (actual rows=2000 loops=1)
               Index Cond: (a < 6)
(6 rows)

/*+ BitmapScan(t) */ EXPLAIN (ANALYZE, SUMMARY OFF, COSTS OFF) SELECT * FROM test_and t WHERE b < 6 AND c < 6;
                                 QUERY PLAN
----------------------------------------------------------------------------
 YB Bitmap Table Scan on test_and t (actual rows=500 loops=1)
   ->  BitmapAnd (actual rows=500 loops=1)
         ->  Bitmap Index Scan on test_and_c_idx (actual rows=2000 loops=1)
               Index Cond: (c < 6)
         ->  Bitmap Index Scan on test_and_b_idx (actual rows=2000 loops=1)
               Index Cond: (b < 6)
(6 rows)

/*+ BitmapScan(t) */ EXPLAIN (ANALYZE, SUMMARY OFF, COSTS OFF) SELECT * FROM test_and t WHERE a < 6 AND b < 6 AND c < 7;
                                 QUERY PLAN
----------------------------------------------------------------------------
 YB Bitmap Table Scan on test_and t (actual rows=150 loops=1)
   Storage Filter: (c < 7)
   ->  BitmapAnd (actual rows=500 loops=1)
         ->  Bitmap Index Scan on test_and_b_idx (actual rows=2000 loops=1)
               Index Cond: (b < 6)
         ->  Bitmap Index Scan on test_and_a_idx (actual rows=2000 loops=1)
               Index Cond: (a < 6)
(7 rows)

/*+ BitmapScan(t) */ EXPLAIN (ANALYZE, SUMMARY OFF, COSTS OFF) SELECT * FROM test_and t WHERE a < 10 AND b < 10;
                              QUERY PLAN
----------------------------------------------------------------------
 YB Bitmap Table Scan on test_and t (actual rows=1620 loops=1)
   Storage Filter: (a < 10)
   ->  Bitmap Index Scan on test_and_b_idx (actual rows=3600 loops=1)
         Index Cond: (b < 10)
(4 rows)

/*+ BitmapScan(t) */ EXPLAIN (ANALYZE, SUMMARY OFF, COSTS OFF) SELECT * FROM test_and t WHERE a < 10 AND c < 10;
                              QUERY PLAN
----------------------------------------------------------------------
 YB Bitmap Table Scan on test_and t (actual rows=1620 loops=1)
   Storage Filter: (a < 10)
   ->  Bitmap Index Scan on test_and_c_idx (actual rows=3600 loops=1)
         Index Cond: (c < 10)
(4 rows)

/*+ BitmapScan(t) */ EXPLAIN (ANALYZE, SUMMARY OFF, COSTS OFF) SELECT * FROM test_and t WHERE b < 10 AND c < 10;
                              QUERY PLAN
----------------------------------------------------------------------
 YB Bitmap Table Scan on test_and t (actual rows=1620 loops=1)
   Storage Filter: (b < 10)
   ->  Bitmap Index Scan on test_and_c_idx (actual rows=3600 loops=1)
         Index Cond: (c < 10)
(4 rows)

/*+ BitmapScan(t) */ EXPLAIN (ANALYZE, SUMMARY OFF, COSTS OFF) SELECT * FROM test_and t WHERE a < 10 AND b < 10 AND c < 10;
                              QUERY PLAN
----------------------------------------------------------------------
 YB Bitmap Table Scan on test_and t (actual rows=729 loops=1)
   Storage Filter: ((a < 10) AND (b < 10))
   ->  Bitmap Index Scan on test_and_c_idx (actual rows=3600 loops=1)
         Index Cond: (c < 10)
(4 rows)

-- complex nested queries
/*+ BitmapScan(t) */ EXPLAIN (ANALYZE, SUMMARY OFF, COSTS OFF) SELECT * FROM test_and t WHERE a < 5 AND (b < 3 OR b > 16);
                                    QUERY PLAN
----------------------------------------------------------------------------------
 YB Bitmap Table Scan on test_and t (actual rows=480 loops=1)
   ->  BitmapAnd (actual rows=480 loops=1)
         ->  BitmapOr (actual rows=2400 loops=1)
               ->  Bitmap Index Scan on test_and_b_idx (actual rows=800 loops=1)
                     Index Cond: (b < 3)
               ->  Bitmap Index Scan on test_and_b_idx (actual rows=1600 loops=1)
                     Index Cond: (b > 16)
         ->  Bitmap Index Scan on test_and_a_idx (actual rows=1600 loops=1)
               Index Cond: (a < 5)
(9 rows)

/*+ BitmapScan(t) */ EXPLAIN (ANALYZE, SUMMARY OFF, COSTS OFF) SELECT * FROM test_and t WHERE (b < 3 AND a < 5) OR (b > 16 AND a < 5);
                                    QUERY PLAN
----------------------------------------------------------------------------------
 YB Bitmap Table Scan on test_and t (actual rows=480 loops=1)
   ->  BitmapAnd (actual rows=480 loops=1)
         ->  BitmapOr (actual rows=2400 loops=1)
               ->  Bitmap Index Scan on test_and_b_idx (actual rows=800 loops=1)
                     Index Cond: (b < 3)
               ->  Bitmap Index Scan on test_and_b_idx (actual rows=1600 loops=1)
                     Index Cond: (b > 16)
         ->  Bitmap Index Scan on test_and_a_idx (actual rows=1600 loops=1)
               Index Cond: (a < 5)
(9 rows)

/*+ BitmapScan(t) */ EXPLAIN (ANALYZE, SUMMARY OFF, COSTS OFF) SELECT * FROM test_and t WHERE (b < 3 AND a < 5) OR (b > 16 AND a < 6);
                                 QUERY PLAN
----------------------------------------------------------------------------
 YB Bitmap Table Scan on test_and t (actual rows=560 loops=1)
   Storage Filter: (((b < 3) AND (a < 5)) OR ((b > 16) AND (a < 6)))
   ->  BitmapOr (actual rows=2400 loops=1)
         ->  Bitmap Index Scan on test_and_b_idx (actual rows=800 loops=1)
               Index Cond: (b < 3)
         ->  Bitmap Index Scan on test_and_b_idx (actual rows=1600 loops=1)
               Index Cond: (b > 16)
(7 rows)

RESET yb_enable_base_scans_cost_model;
RESET yb_explain_hide_non_deterministic_fields;
RESET enable_bitmapscan;
