--
-- Table definition
--
CREATE TABLE airports(ident TEXT,
                      type TEXT,
                      name TEXT,
                      elevation_ft INT,
                      continent TEXT,
                      iso_country CHAR(2),
                      iso_region CHAR(7),
                      municipality TEXT,
                      gps_code TEXT,
                      iata_code TEXT,
                      local_code TEXT,
                      coordinates TEXT,
                      PRIMARY KEY (ident));
-- Index for SELECTing ybctid of the same airport country using HASH key.
CREATE INDEX airport_type_hash_idx ON airports(type HASH, iso_country ASC, ident ASC);
-- Index for SELECTing ybctid of the same airport type using RANGE key.
CREATE INDEX airport_type_range_idx ON airports(name ASC, type ASC, ident ASC);
-- Index for checking correctness when using secondary index.
CREATE INDEX airport_type_region_idx ON airports((type, iso_region) HASH, ident ASC);
--
-- SELECT using a hash index, "airport_type_hash_idx", to collect ybctids.
--
-- The following select use batches of ybctid that are selected from "airport_type_hash_idx"
EXPLAIN SELECT * FROM airports WHERE type = 'large_airport' AND iso_country > '0';
                                       QUERY PLAN
-----------------------------------------------------------------------------------------
 Index Scan using airport_type_hash_idx on airports  (cost=0.00..5.06 rows=10 width=336)
   Index Cond: ((type = 'large_airport'::text) AND (iso_country > '0'::bpchar))
(2 rows)

-- The following select use one ybctid at a time to query data.
EXPLAIN SELECT * FROM airports WHERE ident IN
  (SELECT ident FROM airports WHERE type = 'large_airport' AND iso_country > '0');
                                                  QUERY PLAN
--------------------------------------------------------------------------------------------------------------
 Nested Loop  (cost=0.00..6.20 rows=5000 width=336)
   ->  Index Only Scan using airport_type_hash_idx on airports airports_1  (cost=0.00..5.06 rows=10 width=32)
         Index Cond: ((type = 'large_airport'::text) AND (iso_country > '0'::bpchar))
   ->  Index Scan using airports_pkey on airports  (cost=0.00..0.11 rows=1 width=336)
         Index Cond: (ident = airports_1.ident)
(5 rows)

--
-- SELECT using a range index, "airport_type_range_idx", to collet ybctids.
--
-- The following select use batches of ybctid that are selected from "airport_type_range_idx"
EXPLAIN SELECT elevation_ft FROM airports WHERE type = 'large_airport' AND name > '0';
                                       QUERY PLAN
----------------------------------------------------------------------------------------
 Index Scan using airport_type_range_idx on airports  (cost=0.00..5.06 rows=10 width=4)
   Index Cond: ((name > '0'::text) AND (type = 'large_airport'::text))
(2 rows)

-- The following select use one ybctid at a time to query data.
EXPLAIN SELECT elevation_ft FROM airports WHERE ident IN
  (SELECT ident FROM airports WHERE type = 'large_airport' AND name > '0');
                                                  QUERY PLAN
---------------------------------------------------------------------------------------------------------------
 Nested Loop  (cost=0.00..6.20 rows=5000 width=4)
   ->  Index Only Scan using airport_type_range_idx on airports airports_1  (cost=0.00..5.06 rows=10 width=32)
         Index Cond: ((name > '0'::text) AND (type = 'large_airport'::text))
   ->  Index Scan using airports_pkey on airports  (cost=0.00..0.11 rows=1 width=36)
         Index Cond: (ident = airports_1.ident)
(5 rows)
