-- This file tests the YB CBO base scans cost model in non-colocated tables.
SET yb_enable_base_scans_cost_model = ON;
SET yb_enable_optimizer_statistics = ON;
CREATE TABLE test (v1 INT, v2 INT, v3 INT);
CREATE INDEX test_index ON test ((v1) HASH, v2 ASC) INCLUDE (v3);
EXPLAIN (COSTS OFF) SELECT * FROM test WHERE v2 > 100;
                QUERY PLAN
------------------------------------------
 Index Only Scan using test_index on test
   Index Cond: (v2 > 100)
(2 rows)

SELECT * FROM test WHERE v2 > 100;
 v1 | v2 | v3
----+----+----
(0 rows)

DROP TABLE test;
-- #24496 : Bad costs for index scan when ANALYZE is not run
CREATE TABLE t1 (k1 INT, v1 INT, PRIMARY KEY (k1 ASC));
INSERT INTO t1 (SELECT s, s FROM generate_series(1, 100000) s);
CREATE INDEX t1_v1 ON t1 (v1 ASC);
SET yb_enable_base_scans_cost_model = ON;
/*+ IndexScan(t1) */ EXPLAIN SELECT * FROM t1 WHERE k1 > 80000;
                               QUERY PLAN
------------------------------------------------------------------------
 Index Scan using t1_pkey on t1  (cost=180.00..622.71 rows=333 width=8)
   Index Cond: (k1 > 80000)
(2 rows)

/*+ IndexOnlyScan(t1 t1_v1) */ EXPLAIN SELECT v1 FROM t1;
                                 QUERY PLAN
----------------------------------------------------------------------------
 Index Only Scan using t1_v1 on t1  (cost=180.00..680.71 rows=1000 width=4)
(1 row)

/*+ IndexOnlyScan(t1 t1_v1) */ EXPLAIN SELECT v1 FROM t1 WHERE v1 < 50000;
                                QUERY PLAN
---------------------------------------------------------------------------
 Index Only Scan using t1_v1 on t1  (cost=180.00..597.30 rows=333 width=4)
   Index Cond: (v1 < 50000)
(2 rows)

-- ANALYZE produces a rough estimate of the number of rows. This can make
-- the test flaky. To stabilize the test we write to pg_class.reltuples manually.
SET yb_non_ddl_txn_for_sys_tables_allowed = on;
UPDATE pg_class SET reltuples=100000 WHERE relname LIKE 't1%';
UPDATE pg_yb_catalog_version SET current_version=current_version+1 WHERE db_oid=1;
SET yb_non_ddl_txn_for_sys_tables_allowed = off;
\c yugabyte
SELECT reltuples FROM pg_class where relname LIKE 't1%';
 reltuples
-----------
    100000
    100000
    100000
(3 rows)

SET yb_enable_base_scans_cost_model = ON;
/*+ IndexScan(t1) */ EXPLAIN SELECT * FROM t1 WHERE k1 > 80000;
                                 QUERY PLAN
----------------------------------------------------------------------------
 Index Scan using t1_pkey on t1  (cost=180.00..35945.96 rows=33333 width=8)
   Index Cond: (k1 > 80000)
(2 rows)

/*+ IndexOnlyScan(t1 t1_v1) */ EXPLAIN SELECT v1 FROM t1;
                                   QUERY PLAN
--------------------------------------------------------------------------------
 Index Only Scan using t1_v1 on t1  (cost=180.00..98977.85 rows=100000 width=4)
(1 row)

/*+ IndexOnlyScan(t1 t1_v1) */ EXPLAIN SELECT v1 FROM t1 WHERE v1 < 50000;
                                  QUERY PLAN
-------------------------------------------------------------------------------
 Index Only Scan using t1_v1 on t1  (cost=180.00..33347.84 rows=33333 width=4)
   Index Cond: (v1 < 50000)
(2 rows)

-- #24916 : Partial Index clause is not included in estimate for data transfer costs
CREATE TABLE t_24916 (v1 INT, v2 INT, v3 TEXT);
INSERT INTO t_24916 SELECT s1, s2, repeat('a', 10000) FROM generate_series(1, 40) s1, generate_series(1, 40) s2;
CREATE INDEX t_24916_partial_idx ON t_24916 (v2 ASC) WHERE v1 = 1;
CREATE INDEX t_24916_full_idx_v1_v2 ON t_24916 (v1 ASC, v2 ASC);
ANALYZE t_24916;
SET yb_enable_base_scans_cost_model = ON;
-- Partial Index Scan should be preferred over full index scan or seq scan
EXPLAIN (COSTS OFF) SELECT * FROM t_24916 WHERE v1 = 1 AND v2 < 5;
                   QUERY PLAN
-------------------------------------------------
 Index Scan using t_24916_partial_idx on t_24916
   Index Cond: (v2 < 5)
(2 rows)
